2018-10-12 17:14:44.885		ERROR	restartedMain	LoggingFailureAnalysisReporter:42 - 

***************************
APPLICATION FAILED TO START
***************************

Description:

Field teacherService in com.huatu.paike.api_test.WebApplication required a bean of type 'com.huatu.paike.service.TeacherService' that could not be found.


Action:

Consider defining a bean of type 'com.huatu.paike.service.TeacherService' in your configuration.

2018-10-12 18:23:57.129		ERROR	restartedMain	SpringApplication:771 - Application startup failed
java.lang.IllegalStateException: Failed to execute CommandLineRunner
	at org.springframework.boot.SpringApplication.callRunner(SpringApplication.java:735) ~[spring-boot-1.5.9.RELEASE.jar:1.5.9.RELEASE]
	at org.springframework.boot.SpringApplication.callRunners(SpringApplication.java:716) ~[spring-boot-1.5.9.RELEASE.jar:1.5.9.RELEASE]
	at org.springframework.boot.SpringApplication.afterRefresh(SpringApplication.java:703) ~[spring-boot-1.5.9.RELEASE.jar:1.5.9.RELEASE]
	at org.springframework.boot.SpringApplication.run(SpringApplication.java:304) ~[spring-boot-1.5.9.RELEASE.jar:1.5.9.RELEASE]
	at org.springframework.boot.SpringApplication.run(SpringApplication.java:1118) ~[spring-boot-1.5.9.RELEASE.jar:1.5.9.RELEASE]
	at org.springframework.boot.SpringApplication.run(SpringApplication.java:1107) ~[spring-boot-1.5.9.RELEASE.jar:1.5.9.RELEASE]
	at com.huatu.paike.api_test.WebApplication.main(WebApplication.java:52) ~[classes/:?]
	at sun.reflect.NativeMethodAccessorImpl.invoke0(Native Method) ~[?:1.8.0_171]
	at sun.reflect.NativeMethodAccessorImpl.invoke(NativeMethodAccessorImpl.java:62) ~[?:1.8.0_171]
	at sun.reflect.DelegatingMethodAccessorImpl.invoke(DelegatingMethodAccessorImpl.java:43) ~[?:1.8.0_171]
	at java.lang.reflect.Method.invoke(Method.java:498) ~[?:1.8.0_171]
	at org.springframework.boot.devtools.restart.RestartLauncher.run(RestartLauncher.java:49) ~[spring-boot-devtools-1.5.9.RELEASE.jar:1.5.9.RELEASE]
Caused by: java.lang.ClassCastException: com.huatu.paike.service.dto.resp.LessonDetailRsp cannot be cast to com.huatu.paike.service.dto.resp.LessonDetailRsp
	at com.alibaba.dubbo.common.bytecode.proxy15.queryLessonDetail(proxy15.java) ~[dubbo-2.6.2.jar:2.6.2]
	at com.huatu.paike.api_test.WebApplication.queryLessonDetail(WebApplication.java:74) ~[classes/:?]
	at com.huatu.paike.api_test.WebApplication.run(WebApplication.java:58) ~[classes/:?]
	at org.springframework.boot.SpringApplication.callRunner(SpringApplication.java:732) ~[spring-boot-1.5.9.RELEASE.jar:1.5.9.RELEASE]
	... 11 more
2018-10-12 18:33:51.509		ERROR	restartedMain	SpringApplication:771 - Application startup failed
org.springframework.beans.factory.UnsatisfiedDependencyException: Error creating bean with name 'webApplication': Unsatisfied dependency expressed through field 'goodListService'; nested exception is org.springframework.beans.factory.BeanCreationException: Error creating bean with name 'goodsListService': FactoryBean threw exception on object creation; nested exception is java.lang.IllegalStateException: Failed to subscribe consumer://10.2.46.142/com.alibaba.dubbo.registry.RegistryService?application=paike-backend_dev&callbacks=10000&connect.timeout=10000&dubbo=2.6.2&interface=com.alibaba.dubbo.registry.RegistryService&lazy=true&methods=lookup,subscribe,unsubscribe,unregister,register&pid=58506&reconnect=false&sticky=true&subscribe.1.callback=true&timeout=10000&timestamp=1539340431100&unsubscribe.1.callback=false, cause: Failed to invoke the method subscribe in the service com.alibaba.dubbo.registry.RegistryService. Tried 3 times of the providers [localhost:2181] (1/1) from the registry localhost:2181 on the consumer 10.2.46.142 using the dubbo version 2.6.2. Last error is: Failed to invoke remote method: subscribe, provider: dubbo://localhost:2181/com.alibaba.dubbo.registry.RegistryService?application=paike-backend_dev&callbacks=10000&check=false&connect.timeout=10000&dubbo=2.6.2&interface=com.alibaba.dubbo.registry.RegistryService&lazy=true&methods=lookup,subscribe,unsubscribe,unregister,register&pid=58506&reconnect=false&remote.timestamp=1539340431100&sticky=true&subscribe.1.callback=true&timeout=10000&timestamp=1539340431100&unsubscribe.1.callback=false, cause: client(url: dubbo://localhost:2181/com.alibaba.dubbo.registry.RegistryService?application=paike-backend_dev&callbacks=10000&check=false&codec=dubbo&connect.timeout=10000&dubbo=2.6.2&heartbeat=60000&interface=com.alibaba.dubbo.registry.RegistryService&lazy=true&methods=lookup,subscribe,unsubscribe,unregister,register&pid=58506&reconnect=false&remote.timestamp=1539340431100&send.reconnect=true&sticky=true&subscribe.1.callback=true&timeout=10000&timestamp=1539340431100&unsubscribe.1.callback=false) failed to connect to server localhost/127.0.0.1:2181, error message is:Connection refused
	at org.springframework.beans.factory.annotation.AutowiredAnnotationBeanPostProcessor$AutowiredFieldElement.inject(AutowiredAnnotationBeanPostProcessor.java:588) ~[spring-beans-4.3.13.RELEASE.jar:4.3.13.RELEASE]
	at org.springframework.beans.factory.annotation.InjectionMetadata.inject(InjectionMetadata.java:88) ~[spring-beans-4.3.13.RELEASE.jar:4.3.13.RELEASE]
	at org.springframework.beans.factory.annotation.AutowiredAnnotationBeanPostProcessor.postProcessPropertyValues(AutowiredAnnotationBeanPostProcessor.java:366) ~[spring-beans-4.3.13.RELEASE.jar:4.3.13.RELEASE]
	at org.springframework.beans.factory.support.AbstractAutowireCapableBeanFactory.populateBean(AbstractAutowireCapableBeanFactory.java:1264) ~[spring-beans-4.3.13.RELEASE.jar:4.3.13.RELEASE]
	at org.springframework.beans.factory.support.AbstractAutowireCapableBeanFactory.doCreateBean(AbstractAutowireCapableBeanFactory.java:553) ~[spring-beans-4.3.13.RELEASE.jar:4.3.13.RELEASE]
	at org.springframework.beans.factory.support.AbstractAutowireCapableBeanFactory.createBean(AbstractAutowireCapableBeanFactory.java:483) ~[spring-beans-4.3.13.RELEASE.jar:4.3.13.RELEASE]
	at org.springframework.beans.factory.support.AbstractBeanFactory$1.getObject(AbstractBeanFactory.java:306) ~[spring-beans-4.3.13.RELEASE.jar:4.3.13.RELEASE]
	at org.springframework.beans.factory.support.DefaultSingletonBeanRegistry.getSingleton(DefaultSingletonBeanRegistry.java:230) ~[spring-beans-4.3.13.RELEASE.jar:4.3.13.RELEASE]
	at org.springframework.beans.factory.support.AbstractBeanFactory.doGetBean(AbstractBeanFactory.java:302) ~[spring-beans-4.3.13.RELEASE.jar:4.3.13.RELEASE]
	at org.springframework.beans.factory.support.AbstractBeanFactory.getBean(AbstractBeanFactory.java:197) ~[spring-beans-4.3.13.RELEASE.jar:4.3.13.RELEASE]
	at org.springframework.beans.factory.support.DefaultListableBeanFactory.preInstantiateSingletons(DefaultListableBeanFactory.java:761) ~[spring-beans-4.3.13.RELEASE.jar:4.3.13.RELEASE]
	at org.springframework.context.support.AbstractApplicationContext.finishBeanFactoryInitialization(AbstractApplicationContext.java:867) ~[spring-context-4.3.13.RELEASE.jar:4.3.13.RELEASE]
	at org.springframework.context.support.AbstractApplicationContext.refresh(AbstractApplicationContext.java:543) ~[spring-context-4.3.13.RELEASE.jar:4.3.13.RELEASE]
	at org.springframework.boot.context.embedded.EmbeddedWebApplicationContext.refresh(EmbeddedWebApplicationContext.java:122) ~[spring-boot-1.5.9.RELEASE.jar:1.5.9.RELEASE]
	at org.springframework.boot.SpringApplication.refresh(SpringApplication.java:693) ~[spring-boot-1.5.9.RELEASE.jar:1.5.9.RELEASE]
	at org.springframework.boot.SpringApplication.refreshContext(SpringApplication.java:360) ~[spring-boot-1.5.9.RELEASE.jar:1.5.9.RELEASE]
	at org.springframework.boot.SpringApplication.run(SpringApplication.java:303) ~[spring-boot-1.5.9.RELEASE.jar:1.5.9.RELEASE]
	at org.springframework.boot.SpringApplication.run(SpringApplication.java:1118) ~[spring-boot-1.5.9.RELEASE.jar:1.5.9.RELEASE]
	at org.springframework.boot.SpringApplication.run(SpringApplication.java:1107) ~[spring-boot-1.5.9.RELEASE.jar:1.5.9.RELEASE]
	at com.huatu.paike.api_test.WebApplication.main(WebApplication.java:52) ~[classes/:?]
	at sun.reflect.NativeMethodAccessorImpl.invoke0(Native Method) ~[?:1.8.0_171]
	at sun.reflect.NativeMethodAccessorImpl.invoke(NativeMethodAccessorImpl.java:62) ~[?:1.8.0_171]
	at sun.reflect.DelegatingMethodAccessorImpl.invoke(DelegatingMethodAccessorImpl.java:43) ~[?:1.8.0_171]
	at java.lang.reflect.Method.invoke(Method.java:498) ~[?:1.8.0_171]
	at org.springframework.boot.devtools.restart.RestartLauncher.run(RestartLauncher.java:49) ~[spring-boot-devtools-1.5.9.RELEASE.jar:1.5.9.RELEASE]
Caused by: org.springframework.beans.factory.BeanCreationException: Error creating bean with name 'goodsListService': FactoryBean threw exception on object creation; nested exception is java.lang.IllegalStateException: Failed to subscribe consumer://10.2.46.142/com.alibaba.dubbo.registry.RegistryService?application=paike-backend_dev&callbacks=10000&connect.timeout=10000&dubbo=2.6.2&interface=com.alibaba.dubbo.registry.RegistryService&lazy=true&methods=lookup,subscribe,unsubscribe,unregister,register&pid=58506&reconnect=false&sticky=true&subscribe.1.callback=true&timeout=10000&timestamp=1539340431100&unsubscribe.1.callback=false, cause: Failed to invoke the method subscribe in the service com.alibaba.dubbo.registry.RegistryService. Tried 3 times of the providers [localhost:2181] (1/1) from the registry localhost:2181 on the consumer 10.2.46.142 using the dubbo version 2.6.2. Last error is: Failed to invoke remote method: subscribe, provider: dubbo://localhost:2181/com.alibaba.dubbo.registry.RegistryService?application=paike-backend_dev&callbacks=10000&check=false&connect.timeout=10000&dubbo=2.6.2&interface=com.alibaba.dubbo.registry.RegistryService&lazy=true&methods=lookup,subscribe,unsubscribe,unregister,register&pid=58506&reconnect=false&remote.timestamp=1539340431100&sticky=true&subscribe.1.callback=true&timeout=10000&timestamp=1539340431100&unsubscribe.1.callback=false, cause: client(url: dubbo://localhost:2181/com.alibaba.dubbo.registry.RegistryService?application=paike-backend_dev&callbacks=10000&check=false&codec=dubbo&connect.timeout=10000&dubbo=2.6.2&heartbeat=60000&interface=com.alibaba.dubbo.registry.RegistryService&lazy=true&methods=lookup,subscribe,unsubscribe,unregister,register&pid=58506&reconnect=false&remote.timestamp=1539340431100&send.reconnect=true&sticky=true&subscribe.1.callback=true&timeout=10000&timestamp=1539340431100&unsubscribe.1.callback=false) failed to connect to server localhost/127.0.0.1:2181, error message is:Connection refused
	at org.springframework.beans.factory.support.FactoryBeanRegistrySupport.doGetObjectFromFactoryBean(FactoryBeanRegistrySupport.java:175) ~[spring-beans-4.3.13.RELEASE.jar:4.3.13.RELEASE]
	at org.springframework.beans.factory.support.FactoryBeanRegistrySupport.getObjectFromFactoryBean(FactoryBeanRegistrySupport.java:103) ~[spring-beans-4.3.13.RELEASE.jar:4.3.13.RELEASE]
	at org.springframework.beans.factory.support.AbstractBeanFactory.getObjectForBeanInstance(AbstractBeanFactory.java:1634) ~[spring-beans-4.3.13.RELEASE.jar:4.3.13.RELEASE]
	at org.springframework.beans.factory.support.AbstractBeanFactory.doGetBean(AbstractBeanFactory.java:254) ~[spring-beans-4.3.13.RELEASE.jar:4.3.13.RELEASE]
	at org.springframework.beans.factory.support.AbstractBeanFactory.getBean(AbstractBeanFactory.java:202) ~[spring-beans-4.3.13.RELEASE.jar:4.3.13.RELEASE]
	at org.springframework.beans.factory.config.DependencyDescriptor.resolveCandidate(DependencyDescriptor.java:208) ~[spring-beans-4.3.13.RELEASE.jar:4.3.13.RELEASE]
	at org.springframework.beans.factory.support.DefaultListableBeanFactory.addCandidateEntry(DefaultListableBeanFactory.java:1316) ~[spring-beans-4.3.13.RELEASE.jar:4.3.13.RELEASE]
	at org.springframework.beans.factory.support.DefaultListableBeanFactory.findAutowireCandidates(DefaultListableBeanFactory.java:1282) ~[spring-beans-4.3.13.RELEASE.jar:4.3.13.RELEASE]
	at org.springframework.beans.factory.support.DefaultListableBeanFactory.doResolveDependency(DefaultListableBeanFactory.java:1101) ~[spring-beans-4.3.13.RELEASE.jar:4.3.13.RELEASE]
	at org.springframework.beans.factory.support.DefaultListableBeanFactory.resolveDependency(DefaultListableBeanFactory.java:1066) ~[spring-beans-4.3.13.RELEASE.jar:4.3.13.RELEASE]
	at org.springframework.beans.factory.annotation.AutowiredAnnotationBeanPostProcessor$AutowiredFieldElement.inject(AutowiredAnnotationBeanPostProcessor.java:585) ~[spring-beans-4.3.13.RELEASE.jar:4.3.13.RELEASE]
	... 24 more
Caused by: java.lang.IllegalStateException: Failed to subscribe consumer://10.2.46.142/com.alibaba.dubbo.registry.RegistryService?application=paike-backend_dev&callbacks=10000&connect.timeout=10000&dubbo=2.6.2&interface=com.alibaba.dubbo.registry.RegistryService&lazy=true&methods=lookup,subscribe,unsubscribe,unregister,register&pid=58506&reconnect=false&sticky=true&subscribe.1.callback=true&timeout=10000&timestamp=1539340431100&unsubscribe.1.callback=false, cause: Failed to invoke the method subscribe in the service com.alibaba.dubbo.registry.RegistryService. Tried 3 times of the providers [localhost:2181] (1/1) from the registry localhost:2181 on the consumer 10.2.46.142 using the dubbo version 2.6.2. Last error is: Failed to invoke remote method: subscribe, provider: dubbo://localhost:2181/com.alibaba.dubbo.registry.RegistryService?application=paike-backend_dev&callbacks=10000&check=false&connect.timeout=10000&dubbo=2.6.2&interface=com.alibaba.dubbo.registry.RegistryService&lazy=true&methods=lookup,subscribe,unsubscribe,unregister,register&pid=58506&reconnect=false&remote.timestamp=1539340431100&sticky=true&subscribe.1.callback=true&timeout=10000&timestamp=1539340431100&unsubscribe.1.callback=false, cause: client(url: dubbo://localhost:2181/com.alibaba.dubbo.registry.RegistryService?application=paike-backend_dev&callbacks=10000&check=false&codec=dubbo&connect.timeout=10000&dubbo=2.6.2&heartbeat=60000&interface=com.alibaba.dubbo.registry.RegistryService&lazy=true&methods=lookup,subscribe,unsubscribe,unregister,register&pid=58506&reconnect=false&remote.timestamp=1539340431100&send.reconnect=true&sticky=true&subscribe.1.callback=true&timeout=10000&timestamp=1539340431100&unsubscribe.1.callback=false) failed to connect to server localhost/127.0.0.1:2181, error message is:Connection refused
	at com.alibaba.dubbo.registry.support.FailbackRegistry.subscribe(FailbackRegistry.java:207) ~[dubbo-2.6.2.jar:2.6.2]
	at com.alibaba.dubbo.registry.integration.RegistryDirectory.subscribe(RegistryDirectory.java:159) ~[dubbo-2.6.2.jar:2.6.2]
	at com.alibaba.dubbo.registry.dubbo.DubboRegistryFactory.createRegistry(DubboRegistryFactory.java:97) ~[dubbo-2.6.2.jar:2.6.2]
	at com.alibaba.dubbo.registry.support.AbstractRegistryFactory.getRegistry(AbstractRegistryFactory.java:96) ~[dubbo-2.6.2.jar:2.6.2]
	at com.alibaba.dubbo.registry.RegistryFactory$Adaptive.getRegistry(RegistryFactory$Adaptive.java) ~[dubbo-2.6.2.jar:2.6.2]
	at com.alibaba.dubbo.registry.integration.RegistryProtocol.refer(RegistryProtocol.java:272) ~[dubbo-2.6.2.jar:2.6.2]
	at com.alibaba.dubbo.qos.protocol.QosProtocolWrapper.refer(QosProtocolWrapper.java:63) ~[dubbo-2.6.2.jar:2.6.2]
	at com.alibaba.dubbo.rpc.protocol.ProtocolFilterWrapper.refer(ProtocolFilterWrapper.java:106) ~[dubbo-2.6.2.jar:2.6.2]
	at com.alibaba.dubbo.rpc.protocol.ProtocolListenerWrapper.refer(ProtocolListenerWrapper.java:65) ~[dubbo-2.6.2.jar:2.6.2]
	at com.alibaba.dubbo.rpc.Protocol$Adaptive.refer(Protocol$Adaptive.java) ~[dubbo-2.6.2.jar:2.6.2]
	at com.alibaba.dubbo.config.ReferenceConfig.createProxy(ReferenceConfig.java:394) ~[dubbo-2.6.2.jar:2.6.2]
	at com.alibaba.dubbo.config.ReferenceConfig.init(ReferenceConfig.java:333) ~[dubbo-2.6.2.jar:2.6.2]
	at com.alibaba.dubbo.config.ReferenceConfig.get(ReferenceConfig.java:163) ~[dubbo-2.6.2.jar:2.6.2]
	at com.alibaba.dubbo.config.spring.ReferenceBean.getObject(ReferenceBean.java:66) ~[dubbo-2.6.2.jar:2.6.2]
	at org.springframework.beans.factory.support.FactoryBeanRegistrySupport.doGetObjectFromFactoryBean(FactoryBeanRegistrySupport.java:168) ~[spring-beans-4.3.13.RELEASE.jar:4.3.13.RELEASE]
	at org.springframework.beans.factory.support.FactoryBeanRegistrySupport.getObjectFromFactoryBean(FactoryBeanRegistrySupport.java:103) ~[spring-beans-4.3.13.RELEASE.jar:4.3.13.RELEASE]
	at org.springframework.beans.factory.support.AbstractBeanFactory.getObjectForBeanInstance(AbstractBeanFactory.java:1634) ~[spring-beans-4.3.13.RELEASE.jar:4.3.13.RELEASE]
	at org.springframework.beans.factory.support.AbstractBeanFactory.doGetBean(AbstractBeanFactory.java:254) ~[spring-beans-4.3.13.RELEASE.jar:4.3.13.RELEASE]
	at org.springframework.beans.factory.support.AbstractBeanFactory.getBean(AbstractBeanFactory.java:202) ~[spring-beans-4.3.13.RELEASE.jar:4.3.13.RELEASE]
	at org.springframework.beans.factory.config.DependencyDescriptor.resolveCandidate(DependencyDescriptor.java:208) ~[spring-beans-4.3.13.RELEASE.jar:4.3.13.RELEASE]
	at org.springframework.beans.factory.support.DefaultListableBeanFactory.addCandidateEntry(DefaultListableBeanFactory.java:1316) ~[spring-beans-4.3.13.RELEASE.jar:4.3.13.RELEASE]
	at org.springframework.beans.factory.support.DefaultListableBeanFactory.findAutowireCandidates(DefaultListableBeanFactory.java:1282) ~[spring-beans-4.3.13.RELEASE.jar:4.3.13.RELEASE]
	at org.springframework.beans.factory.support.DefaultListableBeanFactory.doResolveDependency(DefaultListableBeanFactory.java:1101) ~[spring-beans-4.3.13.RELEASE.jar:4.3.13.RELEASE]
	at org.springframework.beans.factory.support.DefaultListableBeanFactory.resolveDependency(DefaultListableBeanFactory.java:1066) ~[spring-beans-4.3.13.RELEASE.jar:4.3.13.RELEASE]
	at org.springframework.beans.factory.annotation.AutowiredAnnotationBeanPostProcessor$AutowiredFieldElement.inject(AutowiredAnnotationBeanPostProcessor.java:585) ~[spring-beans-4.3.13.RELEASE.jar:4.3.13.RELEASE]
	... 24 more
Caused by: com.alibaba.dubbo.rpc.RpcException: Failed to invoke the method subscribe in the service com.alibaba.dubbo.registry.RegistryService. Tried 3 times of the providers [localhost:2181] (1/1) from the registry localhost:2181 on the consumer 10.2.46.142 using the dubbo version 2.6.2. Last error is: Failed to invoke remote method: subscribe, provider: dubbo://localhost:2181/com.alibaba.dubbo.registry.RegistryService?application=paike-backend_dev&callbacks=10000&check=false&connect.timeout=10000&dubbo=2.6.2&interface=com.alibaba.dubbo.registry.RegistryService&lazy=true&methods=lookup,subscribe,unsubscribe,unregister,register&pid=58506&reconnect=false&remote.timestamp=1539340431100&sticky=true&subscribe.1.callback=true&timeout=10000&timestamp=1539340431100&unsubscribe.1.callback=false, cause: client(url: dubbo://localhost:2181/com.alibaba.dubbo.registry.RegistryService?application=paike-backend_dev&callbacks=10000&check=false&codec=dubbo&connect.timeout=10000&dubbo=2.6.2&heartbeat=60000&interface=com.alibaba.dubbo.registry.RegistryService&lazy=true&methods=lookup,subscribe,unsubscribe,unregister,register&pid=58506&reconnect=false&remote.timestamp=1539340431100&send.reconnect=true&sticky=true&subscribe.1.callback=true&timeout=10000&timestamp=1539340431100&unsubscribe.1.callback=false) failed to connect to server localhost/127.0.0.1:2181, error message is:Connection refused
	at com.alibaba.dubbo.rpc.cluster.support.FailoverClusterInvoker.doInvoke(FailoverClusterInvoker.java:102) ~[dubbo-2.6.2.jar:2.6.2]
	at com.alibaba.dubbo.rpc.cluster.support.AbstractClusterInvoker.invoke(AbstractClusterInvoker.java:238) ~[dubbo-2.6.2.jar:2.6.2]
	at com.alibaba.dubbo.rpc.cluster.support.wrapper.MockClusterInvoker.invoke(MockClusterInvoker.java:75) ~[dubbo-2.6.2.jar:2.6.2]
	at com.alibaba.dubbo.rpc.proxy.InvokerInvocationHandler.invoke(InvokerInvocationHandler.java:52) ~[dubbo-2.6.2.jar:2.6.2]
	at com.alibaba.dubbo.common.bytecode.proxy0.subscribe(proxy0.java) ~[dubbo-2.6.2.jar:2.6.2]
	at com.alibaba.dubbo.registry.dubbo.DubboRegistry.doSubscribe(DubboRegistry.java:144) ~[dubbo-2.6.2.jar:2.6.2]
	at com.alibaba.dubbo.registry.support.FailbackRegistry.subscribe(FailbackRegistry.java:190) ~[dubbo-2.6.2.jar:2.6.2]
	at com.alibaba.dubbo.registry.integration.RegistryDirectory.subscribe(RegistryDirectory.java:159) ~[dubbo-2.6.2.jar:2.6.2]
	at com.alibaba.dubbo.registry.dubbo.DubboRegistryFactory.createRegistry(DubboRegistryFactory.java:97) ~[dubbo-2.6.2.jar:2.6.2]
	at com.alibaba.dubbo.registry.support.AbstractRegistryFactory.getRegistry(AbstractRegistryFactory.java:96) ~[dubbo-2.6.2.jar:2.6.2]
	at com.alibaba.dubbo.registry.RegistryFactory$Adaptive.getRegistry(RegistryFactory$Adaptive.java) ~[dubbo-2.6.2.jar:2.6.2]
	at com.alibaba.dubbo.registry.integration.RegistryProtocol.refer(RegistryProtocol.java:272) ~[dubbo-2.6.2.jar:2.6.2]
	at com.alibaba.dubbo.qos.protocol.QosProtocolWrapper.refer(QosProtocolWrapper.java:63) ~[dubbo-2.6.2.jar:2.6.2]
	at com.alibaba.dubbo.rpc.protocol.ProtocolFilterWrapper.refer(ProtocolFilterWrapper.java:106) ~[dubbo-2.6.2.jar:2.6.2]
	at com.alibaba.dubbo.rpc.protocol.ProtocolListenerWrapper.refer(ProtocolListenerWrapper.java:65) ~[dubbo-2.6.2.jar:2.6.2]
	at com.alibaba.dubbo.rpc.Protocol$Adaptive.refer(Protocol$Adaptive.java) ~[dubbo-2.6.2.jar:2.6.2]
	at com.alibaba.dubbo.config.ReferenceConfig.createProxy(ReferenceConfig.java:394) ~[dubbo-2.6.2.jar:2.6.2]
	at com.alibaba.dubbo.config.ReferenceConfig.init(ReferenceConfig.java:333) ~[dubbo-2.6.2.jar:2.6.2]
	at com.alibaba.dubbo.config.ReferenceConfig.get(ReferenceConfig.java:163) ~[dubbo-2.6.2.jar:2.6.2]
	at com.alibaba.dubbo.config.spring.ReferenceBean.getObject(ReferenceBean.java:66) ~[dubbo-2.6.2.jar:2.6.2]
	at org.springframework.beans.factory.support.FactoryBeanRegistrySupport.doGetObjectFromFactoryBean(FactoryBeanRegistrySupport.java:168) ~[spring-beans-4.3.13.RELEASE.jar:4.3.13.RELEASE]
	at org.springframework.beans.factory.support.FactoryBeanRegistrySupport.getObjectFromFactoryBean(FactoryBeanRegistrySupport.java:103) ~[spring-beans-4.3.13.RELEASE.jar:4.3.13.RELEASE]
	at org.springframework.beans.factory.support.AbstractBeanFactory.getObjectForBeanInstance(AbstractBeanFactory.java:1634) ~[spring-beans-4.3.13.RELEASE.jar:4.3.13.RELEASE]
	at org.springframework.beans.factory.support.AbstractBeanFactory.doGetBean(AbstractBeanFactory.java:254) ~[spring-beans-4.3.13.RELEASE.jar:4.3.13.RELEASE]
	at org.springframework.beans.factory.support.AbstractBeanFactory.getBean(AbstractBeanFactory.java:202) ~[spring-beans-4.3.13.RELEASE.jar:4.3.13.RELEASE]
	at org.springframework.beans.factory.config.DependencyDescriptor.resolveCandidate(DependencyDescriptor.java:208) ~[spring-beans-4.3.13.RELEASE.jar:4.3.13.RELEASE]
	at org.springframework.beans.factory.support.DefaultListableBeanFactory.addCandidateEntry(DefaultListableBeanFactory.java:1316) ~[spring-beans-4.3.13.RELEASE.jar:4.3.13.RELEASE]
	at org.springframework.beans.factory.support.DefaultListableBeanFactory.findAutowireCandidates(DefaultListableBeanFactory.java:1282) ~[spring-beans-4.3.13.RELEASE.jar:4.3.13.RELEASE]
	at org.springframework.beans.factory.support.DefaultListableBeanFactory.doResolveDependency(DefaultListableBeanFactory.java:1101) ~[spring-beans-4.3.13.RELEASE.jar:4.3.13.RELEASE]
	at org.springframework.beans.factory.support.DefaultListableBeanFactory.resolveDependency(DefaultListableBeanFactory.java:1066) ~[spring-beans-4.3.13.RELEASE.jar:4.3.13.RELEASE]
	at org.springframework.beans.factory.annotation.AutowiredAnnotationBeanPostProcessor$AutowiredFieldElement.inject(AutowiredAnnotationBeanPostProcessor.java:585) ~[spring-beans-4.3.13.RELEASE.jar:4.3.13.RELEASE]
	... 24 more
Caused by: com.alibaba.dubbo.remoting.RemotingException: client(url: dubbo://localhost:2181/com.alibaba.dubbo.registry.RegistryService?application=paike-backend_dev&callbacks=10000&check=false&codec=dubbo&connect.timeout=10000&dubbo=2.6.2&heartbeat=60000&interface=com.alibaba.dubbo.registry.RegistryService&lazy=true&methods=lookup,subscribe,unsubscribe,unregister,register&pid=58506&reconnect=false&remote.timestamp=1539340431100&send.reconnect=true&sticky=true&subscribe.1.callback=true&timeout=10000&timestamp=1539340431100&unsubscribe.1.callback=false) failed to connect to server localhost/127.0.0.1:2181, error message is:Connection refused
	at com.alibaba.dubbo.remoting.transport.netty.NettyClient.doConnect(NettyClient.java:124) ~[dubbo-2.6.2.jar:2.6.2]
	at com.alibaba.dubbo.remoting.transport.AbstractClient.connect(AbstractClient.java:275) ~[dubbo-2.6.2.jar:2.6.2]
	at com.alibaba.dubbo.remoting.transport.AbstractClient.send(AbstractClient.java:258) ~[dubbo-2.6.2.jar:2.6.2]
	at com.alibaba.dubbo.remoting.transport.AbstractPeer.send(AbstractPeer.java:53) ~[dubbo-2.6.2.jar:2.6.2]
	at com.alibaba.dubbo.remoting.exchange.support.header.HeaderExchangeChannel.request(HeaderExchangeChannel.java:115) ~[dubbo-2.6.2.jar:2.6.2]
	at com.alibaba.dubbo.remoting.exchange.support.header.HeaderExchangeClient.request(HeaderExchangeClient.java:90) ~[dubbo-2.6.2.jar:2.6.2]
	at com.alibaba.dubbo.rpc.protocol.dubbo.LazyConnectExchangeClient.request(LazyConnectExchangeClient.java:105) ~[dubbo-2.6.2.jar:2.6.2]
	at com.alibaba.dubbo.rpc.protocol.dubbo.ReferenceCountExchangeClient.request(ReferenceCountExchangeClient.java:83) ~[dubbo-2.6.2.jar:2.6.2]
	at com.alibaba.dubbo.rpc.protocol.dubbo.DubboInvoker.doInvoke(DubboInvoker.java:95) ~[dubbo-2.6.2.jar:2.6.2]
	at com.alibaba.dubbo.rpc.protocol.AbstractInvoker.invoke(AbstractInvoker.java:148) ~[dubbo-2.6.2.jar:2.6.2]
	at com.alibaba.dubbo.monitor.support.MonitorFilter.invoke(MonitorFilter.java:75) ~[dubbo-2.6.2.jar:2.6.2]
	at com.alibaba.dubbo.rpc.protocol.ProtocolFilterWrapper$1.invoke(ProtocolFilterWrapper.java:72) ~[dubbo-2.6.2.jar:2.6.2]
	at com.alibaba.dubbo.rpc.protocol.dubbo.filter.FutureFilter.invoke(FutureFilter.java:54) ~[dubbo-2.6.2.jar:2.6.2]
	at com.alibaba.dubbo.rpc.protocol.ProtocolFilterWrapper$1.invoke(ProtocolFilterWrapper.java:72) ~[dubbo-2.6.2.jar:2.6.2]
	at com.alibaba.dubbo.rpc.filter.ConsumerContextFilter.invoke(ConsumerContextFilter.java:48) ~[dubbo-2.6.2.jar:2.6.2]
	at com.alibaba.dubbo.rpc.protocol.ProtocolFilterWrapper$1.invoke(ProtocolFilterWrapper.java:72) ~[dubbo-2.6.2.jar:2.6.2]
	at com.alibaba.dubbo.rpc.listener.ListenerInvokerWrapper.invoke(ListenerInvokerWrapper.java:77) ~[dubbo-2.6.2.jar:2.6.2]
	at com.alibaba.dubbo.rpc.protocol.InvokerWrapper.invoke(InvokerWrapper.java:56) ~[dubbo-2.6.2.jar:2.6.2]
	at com.alibaba.dubbo.rpc.cluster.support.FailoverClusterInvoker.doInvoke(FailoverClusterInvoker.java:78) ~[dubbo-2.6.2.jar:2.6.2]
	at com.alibaba.dubbo.rpc.cluster.support.AbstractClusterInvoker.invoke(AbstractClusterInvoker.java:238) ~[dubbo-2.6.2.jar:2.6.2]
	at com.alibaba.dubbo.rpc.cluster.support.wrapper.MockClusterInvoker.invoke(MockClusterInvoker.java:75) ~[dubbo-2.6.2.jar:2.6.2]
	at com.alibaba.dubbo.rpc.proxy.InvokerInvocationHandler.invoke(InvokerInvocationHandler.java:52) ~[dubbo-2.6.2.jar:2.6.2]
	at com.alibaba.dubbo.common.bytecode.proxy0.subscribe(proxy0.java) ~[dubbo-2.6.2.jar:2.6.2]
	at com.alibaba.dubbo.registry.dubbo.DubboRegistry.doSubscribe(DubboRegistry.java:144) ~[dubbo-2.6.2.jar:2.6.2]
	at com.alibaba.dubbo.registry.support.FailbackRegistry.subscribe(FailbackRegistry.java:190) ~[dubbo-2.6.2.jar:2.6.2]
	at com.alibaba.dubbo.registry.integration.RegistryDirectory.subscribe(RegistryDirectory.java:159) ~[dubbo-2.6.2.jar:2.6.2]
	at com.alibaba.dubbo.registry.dubbo.DubboRegistryFactory.createRegistry(DubboRegistryFactory.java:97) ~[dubbo-2.6.2.jar:2.6.2]
	at com.alibaba.dubbo.registry.support.AbstractRegistryFactory.getRegistry(AbstractRegistryFactory.java:96) ~[dubbo-2.6.2.jar:2.6.2]
	at com.alibaba.dubbo.registry.RegistryFactory$Adaptive.getRegistry(RegistryFactory$Adaptive.java) ~[dubbo-2.6.2.jar:2.6.2]
	at com.alibaba.dubbo.registry.integration.RegistryProtocol.refer(RegistryProtocol.java:272) ~[dubbo-2.6.2.jar:2.6.2]
	at com.alibaba.dubbo.qos.protocol.QosProtocolWrapper.refer(QosProtocolWrapper.java:63) ~[dubbo-2.6.2.jar:2.6.2]
	at com.alibaba.dubbo.rpc.protocol.ProtocolFilterWrapper.refer(ProtocolFilterWrapper.java:106) ~[dubbo-2.6.2.jar:2.6.2]
	at com.alibaba.dubbo.rpc.protocol.ProtocolListenerWrapper.refer(ProtocolListenerWrapper.java:65) ~[dubbo-2.6.2.jar:2.6.2]
	at com.alibaba.dubbo.rpc.Protocol$Adaptive.refer(Protocol$Adaptive.java) ~[dubbo-2.6.2.jar:2.6.2]
	at com.alibaba.dubbo.config.ReferenceConfig.createProxy(ReferenceConfig.java:394) ~[dubbo-2.6.2.jar:2.6.2]
	at com.alibaba.dubbo.config.ReferenceConfig.init(ReferenceConfig.java:333) ~[dubbo-2.6.2.jar:2.6.2]
	at com.alibaba.dubbo.config.ReferenceConfig.get(ReferenceConfig.java:163) ~[dubbo-2.6.2.jar:2.6.2]
	at com.alibaba.dubbo.config.spring.ReferenceBean.getObject(ReferenceBean.java:66) ~[dubbo-2.6.2.jar:2.6.2]
	at org.springframework.beans.factory.support.FactoryBeanRegistrySupport.doGetObjectFromFactoryBean(FactoryBeanRegistrySupport.java:168) ~[spring-beans-4.3.13.RELEASE.jar:4.3.13.RELEASE]
	at org.springframework.beans.factory.support.FactoryBeanRegistrySupport.getObjectFromFactoryBean(FactoryBeanRegistrySupport.java:103) ~[spring-beans-4.3.13.RELEASE.jar:4.3.13.RELEASE]
	at org.springframework.beans.factory.support.AbstractBeanFactory.getObjectForBeanInstance(AbstractBeanFactory.java:1634) ~[spring-beans-4.3.13.RELEASE.jar:4.3.13.RELEASE]
	at org.springframework.beans.factory.support.AbstractBeanFactory.doGetBean(AbstractBeanFactory.java:254) ~[spring-beans-4.3.13.RELEASE.jar:4.3.13.RELEASE]
	at org.springframework.beans.factory.support.AbstractBeanFactory.getBean(AbstractBeanFactory.java:202) ~[spring-beans-4.3.13.RELEASE.jar:4.3.13.RELEASE]
	at org.springframework.beans.factory.config.DependencyDescriptor.resolveCandidate(DependencyDescriptor.java:208) ~[spring-beans-4.3.13.RELEASE.jar:4.3.13.RELEASE]
	at org.springframework.beans.factory.support.DefaultListableBeanFactory.addCandidateEntry(DefaultListableBeanFactory.java:1316) ~[spring-beans-4.3.13.RELEASE.jar:4.3.13.RELEASE]
	at org.springframework.beans.factory.support.DefaultListableBeanFactory.findAutowireCandidates(DefaultListableBeanFactory.java:1282) ~[spring-beans-4.3.13.RELEASE.jar:4.3.13.RELEASE]
	at org.springframework.beans.factory.support.DefaultListableBeanFactory.doResolveDependency(DefaultListableBeanFactory.java:1101) ~[spring-beans-4.3.13.RELEASE.jar:4.3.13.RELEASE]
	at org.springframework.beans.factory.support.DefaultListableBeanFactory.resolveDependency(DefaultListableBeanFactory.java:1066) ~[spring-beans-4.3.13.RELEASE.jar:4.3.13.RELEASE]
	at org.springframework.beans.factory.annotation.AutowiredAnnotationBeanPostProcessor$AutowiredFieldElement.inject(AutowiredAnnotationBeanPostProcessor.java:585) ~[spring-beans-4.3.13.RELEASE.jar:4.3.13.RELEASE]
	... 24 more
Caused by: java.net.ConnectException: Connection refused
	at sun.nio.ch.SocketChannelImpl.checkConnect(Native Method) ~[?:1.8.0_171]
	at sun.nio.ch.SocketChannelImpl.finishConnect(SocketChannelImpl.java:717) ~[?:1.8.0_171]
	at org.jboss.netty.channel.socket.nio.NioClientSocketPipelineSink$Boss.connect(NioClientSocketPipelineSink.java:384) ~[netty-3.2.5.Final.jar:?]
	at org.jboss.netty.channel.socket.nio.NioClientSocketPipelineSink$Boss.processSelectedKeys(NioClientSocketPipelineSink.java:354) ~[netty-3.2.5.Final.jar:?]
	at org.jboss.netty.channel.socket.nio.NioClientSocketPipelineSink$Boss.run(NioClientSocketPipelineSink.java:276) ~[netty-3.2.5.Final.jar:?]
	at java.util.concurrent.ThreadPoolExecutor.runWorker(ThreadPoolExecutor.java:1149) [?:1.8.0_171]
	at java.util.concurrent.ThreadPoolExecutor$Worker.run(ThreadPoolExecutor.java:624) [?:1.8.0_171]
	at java.lang.Thread.run(Thread.java:748) [?:1.8.0_171]
2018-10-12 18:35:15.814		ERROR	restartedMain	SpringApplication:771 - Application startup failed
org.springframework.beans.factory.UnsatisfiedDependencyException: Error creating bean with name 'webApplication': Unsatisfied dependency expressed through field 'goodListService'; nested exception is org.springframework.beans.factory.BeanCreationException: Error creating bean with name 'goodsListService': FactoryBean threw exception on object creation; nested exception is java.lang.IllegalStateException: Failed to subscribe consumer://10.2.46.142/com.alibaba.dubbo.registry.RegistryService?application=paike-backend_dev&callbacks=10000&connect.timeout=10000&dubbo=2.6.2&interface=com.alibaba.dubbo.registry.RegistryService&lazy=true&methods=lookup,unsubscribe,subscribe,unregister,register&pid=58535&reconnect=false&sticky=true&subscribe.1.callback=true&timeout=10000&timestamp=1539340515417&unsubscribe.1.callback=false, cause: Failed to invoke the method subscribe in the service com.alibaba.dubbo.registry.RegistryService. Tried 3 times of the providers [localhost:2181] (1/1) from the registry localhost:2181 on the consumer 10.2.46.142 using the dubbo version 2.6.2. Last error is: Failed to invoke remote method: subscribe, provider: dubbo://localhost:2181/com.alibaba.dubbo.registry.RegistryService?application=paike-backend_dev&callbacks=10000&check=false&connect.timeout=10000&dubbo=2.6.2&interface=com.alibaba.dubbo.registry.RegistryService&lazy=true&methods=lookup,unsubscribe,subscribe,unregister,register&pid=58535&reconnect=false&remote.timestamp=1539340515417&sticky=true&subscribe.1.callback=true&timeout=10000&timestamp=1539340515417&unsubscribe.1.callback=false, cause: client(url: dubbo://localhost:2181/com.alibaba.dubbo.registry.RegistryService?application=paike-backend_dev&callbacks=10000&check=false&codec=dubbo&connect.timeout=10000&dubbo=2.6.2&heartbeat=60000&interface=com.alibaba.dubbo.registry.RegistryService&lazy=true&methods=lookup,unsubscribe,subscribe,unregister,register&pid=58535&reconnect=false&remote.timestamp=1539340515417&send.reconnect=true&sticky=true&subscribe.1.callback=true&timeout=10000&timestamp=1539340515417&unsubscribe.1.callback=false) failed to connect to server localhost/127.0.0.1:2181, error message is:Connection refused
	at org.springframework.beans.factory.annotation.AutowiredAnnotationBeanPostProcessor$AutowiredFieldElement.inject(AutowiredAnnotationBeanPostProcessor.java:588) ~[spring-beans-4.3.13.RELEASE.jar:4.3.13.RELEASE]
	at org.springframework.beans.factory.annotation.InjectionMetadata.inject(InjectionMetadata.java:88) ~[spring-beans-4.3.13.RELEASE.jar:4.3.13.RELEASE]
	at org.springframework.beans.factory.annotation.AutowiredAnnotationBeanPostProcessor.postProcessPropertyValues(AutowiredAnnotationBeanPostProcessor.java:366) ~[spring-beans-4.3.13.RELEASE.jar:4.3.13.RELEASE]
	at org.springframework.beans.factory.support.AbstractAutowireCapableBeanFactory.populateBean(AbstractAutowireCapableBeanFactory.java:1264) ~[spring-beans-4.3.13.RELEASE.jar:4.3.13.RELEASE]
	at org.springframework.beans.factory.support.AbstractAutowireCapableBeanFactory.doCreateBean(AbstractAutowireCapableBeanFactory.java:553) ~[spring-beans-4.3.13.RELEASE.jar:4.3.13.RELEASE]
	at org.springframework.beans.factory.support.AbstractAutowireCapableBeanFactory.createBean(AbstractAutowireCapableBeanFactory.java:483) ~[spring-beans-4.3.13.RELEASE.jar:4.3.13.RELEASE]
	at org.springframework.beans.factory.support.AbstractBeanFactory$1.getObject(AbstractBeanFactory.java:306) ~[spring-beans-4.3.13.RELEASE.jar:4.3.13.RELEASE]
	at org.springframework.beans.factory.support.DefaultSingletonBeanRegistry.getSingleton(DefaultSingletonBeanRegistry.java:230) ~[spring-beans-4.3.13.RELEASE.jar:4.3.13.RELEASE]
	at org.springframework.beans.factory.support.AbstractBeanFactory.doGetBean(AbstractBeanFactory.java:302) ~[spring-beans-4.3.13.RELEASE.jar:4.3.13.RELEASE]
	at org.springframework.beans.factory.support.AbstractBeanFactory.getBean(AbstractBeanFactory.java:197) ~[spring-beans-4.3.13.RELEASE.jar:4.3.13.RELEASE]
	at org.springframework.beans.factory.support.DefaultListableBeanFactory.preInstantiateSingletons(DefaultListableBeanFactory.java:761) ~[spring-beans-4.3.13.RELEASE.jar:4.3.13.RELEASE]
	at org.springframework.context.support.AbstractApplicationContext.finishBeanFactoryInitialization(AbstractApplicationContext.java:867) ~[spring-context-4.3.13.RELEASE.jar:4.3.13.RELEASE]
	at org.springframework.context.support.AbstractApplicationContext.refresh(AbstractApplicationContext.java:543) ~[spring-context-4.3.13.RELEASE.jar:4.3.13.RELEASE]
	at org.springframework.boot.context.embedded.EmbeddedWebApplicationContext.refresh(EmbeddedWebApplicationContext.java:122) ~[spring-boot-1.5.9.RELEASE.jar:1.5.9.RELEASE]
	at org.springframework.boot.SpringApplication.refresh(SpringApplication.java:693) ~[spring-boot-1.5.9.RELEASE.jar:1.5.9.RELEASE]
	at org.springframework.boot.SpringApplication.refreshContext(SpringApplication.java:360) ~[spring-boot-1.5.9.RELEASE.jar:1.5.9.RELEASE]
	at org.springframework.boot.SpringApplication.run(SpringApplication.java:303) ~[spring-boot-1.5.9.RELEASE.jar:1.5.9.RELEASE]
	at org.springframework.boot.SpringApplication.run(SpringApplication.java:1118) ~[spring-boot-1.5.9.RELEASE.jar:1.5.9.RELEASE]
	at org.springframework.boot.SpringApplication.run(SpringApplication.java:1107) ~[spring-boot-1.5.9.RELEASE.jar:1.5.9.RELEASE]
	at com.huatu.paike.api_test.WebApplication.main(WebApplication.java:52) ~[classes/:?]
	at sun.reflect.NativeMethodAccessorImpl.invoke0(Native Method) ~[?:1.8.0_171]
	at sun.reflect.NativeMethodAccessorImpl.invoke(NativeMethodAccessorImpl.java:62) ~[?:1.8.0_171]
	at sun.reflect.DelegatingMethodAccessorImpl.invoke(DelegatingMethodAccessorImpl.java:43) ~[?:1.8.0_171]
	at java.lang.reflect.Method.invoke(Method.java:498) ~[?:1.8.0_171]
	at org.springframework.boot.devtools.restart.RestartLauncher.run(RestartLauncher.java:49) ~[spring-boot-devtools-1.5.9.RELEASE.jar:1.5.9.RELEASE]
Caused by: org.springframework.beans.factory.BeanCreationException: Error creating bean with name 'goodsListService': FactoryBean threw exception on object creation; nested exception is java.lang.IllegalStateException: Failed to subscribe consumer://10.2.46.142/com.alibaba.dubbo.registry.RegistryService?application=paike-backend_dev&callbacks=10000&connect.timeout=10000&dubbo=2.6.2&interface=com.alibaba.dubbo.registry.RegistryService&lazy=true&methods=lookup,unsubscribe,subscribe,unregister,register&pid=58535&reconnect=false&sticky=true&subscribe.1.callback=true&timeout=10000&timestamp=1539340515417&unsubscribe.1.callback=false, cause: Failed to invoke the method subscribe in the service com.alibaba.dubbo.registry.RegistryService. Tried 3 times of the providers [localhost:2181] (1/1) from the registry localhost:2181 on the consumer 10.2.46.142 using the dubbo version 2.6.2. Last error is: Failed to invoke remote method: subscribe, provider: dubbo://localhost:2181/com.alibaba.dubbo.registry.RegistryService?application=paike-backend_dev&callbacks=10000&check=false&connect.timeout=10000&dubbo=2.6.2&interface=com.alibaba.dubbo.registry.RegistryService&lazy=true&methods=lookup,unsubscribe,subscribe,unregister,register&pid=58535&reconnect=false&remote.timestamp=1539340515417&sticky=true&subscribe.1.callback=true&timeout=10000&timestamp=1539340515417&unsubscribe.1.callback=false, cause: client(url: dubbo://localhost:2181/com.alibaba.dubbo.registry.RegistryService?application=paike-backend_dev&callbacks=10000&check=false&codec=dubbo&connect.timeout=10000&dubbo=2.6.2&heartbeat=60000&interface=com.alibaba.dubbo.registry.RegistryService&lazy=true&methods=lookup,unsubscribe,subscribe,unregister,register&pid=58535&reconnect=false&remote.timestamp=1539340515417&send.reconnect=true&sticky=true&subscribe.1.callback=true&timeout=10000&timestamp=1539340515417&unsubscribe.1.callback=false) failed to connect to server localhost/127.0.0.1:2181, error message is:Connection refused
	at org.springframework.beans.factory.support.FactoryBeanRegistrySupport.doGetObjectFromFactoryBean(FactoryBeanRegistrySupport.java:175) ~[spring-beans-4.3.13.RELEASE.jar:4.3.13.RELEASE]
	at org.springframework.beans.factory.support.FactoryBeanRegistrySupport.getObjectFromFactoryBean(FactoryBeanRegistrySupport.java:103) ~[spring-beans-4.3.13.RELEASE.jar:4.3.13.RELEASE]
	at org.springframework.beans.factory.support.AbstractBeanFactory.getObjectForBeanInstance(AbstractBeanFactory.java:1634) ~[spring-beans-4.3.13.RELEASE.jar:4.3.13.RELEASE]
	at org.springframework.beans.factory.support.AbstractBeanFactory.doGetBean(AbstractBeanFactory.java:254) ~[spring-beans-4.3.13.RELEASE.jar:4.3.13.RELEASE]
	at org.springframework.beans.factory.support.AbstractBeanFactory.getBean(AbstractBeanFactory.java:202) ~[spring-beans-4.3.13.RELEASE.jar:4.3.13.RELEASE]
	at org.springframework.beans.factory.config.DependencyDescriptor.resolveCandidate(DependencyDescriptor.java:208) ~[spring-beans-4.3.13.RELEASE.jar:4.3.13.RELEASE]
	at org.springframework.beans.factory.support.DefaultListableBeanFactory.addCandidateEntry(DefaultListableBeanFactory.java:1316) ~[spring-beans-4.3.13.RELEASE.jar:4.3.13.RELEASE]
	at org.springframework.beans.factory.support.DefaultListableBeanFactory.findAutowireCandidates(DefaultListableBeanFactory.java:1282) ~[spring-beans-4.3.13.RELEASE.jar:4.3.13.RELEASE]
	at org.springframework.beans.factory.support.DefaultListableBeanFactory.doResolveDependency(DefaultListableBeanFactory.java:1101) ~[spring-beans-4.3.13.RELEASE.jar:4.3.13.RELEASE]
	at org.springframework.beans.factory.support.DefaultListableBeanFactory.resolveDependency(DefaultListableBeanFactory.java:1066) ~[spring-beans-4.3.13.RELEASE.jar:4.3.13.RELEASE]
	at org.springframework.beans.factory.annotation.AutowiredAnnotationBeanPostProcessor$AutowiredFieldElement.inject(AutowiredAnnotationBeanPostProcessor.java:585) ~[spring-beans-4.3.13.RELEASE.jar:4.3.13.RELEASE]
	... 24 more
Caused by: java.lang.IllegalStateException: Failed to subscribe consumer://10.2.46.142/com.alibaba.dubbo.registry.RegistryService?application=paike-backend_dev&callbacks=10000&connect.timeout=10000&dubbo=2.6.2&interface=com.alibaba.dubbo.registry.RegistryService&lazy=true&methods=lookup,unsubscribe,subscribe,unregister,register&pid=58535&reconnect=false&sticky=true&subscribe.1.callback=true&timeout=10000&timestamp=1539340515417&unsubscribe.1.callback=false, cause: Failed to invoke the method subscribe in the service com.alibaba.dubbo.registry.RegistryService. Tried 3 times of the providers [localhost:2181] (1/1) from the registry localhost:2181 on the consumer 10.2.46.142 using the dubbo version 2.6.2. Last error is: Failed to invoke remote method: subscribe, provider: dubbo://localhost:2181/com.alibaba.dubbo.registry.RegistryService?application=paike-backend_dev&callbacks=10000&check=false&connect.timeout=10000&dubbo=2.6.2&interface=com.alibaba.dubbo.registry.RegistryService&lazy=true&methods=lookup,unsubscribe,subscribe,unregister,register&pid=58535&reconnect=false&remote.timestamp=1539340515417&sticky=true&subscribe.1.callback=true&timeout=10000&timestamp=1539340515417&unsubscribe.1.callback=false, cause: client(url: dubbo://localhost:2181/com.alibaba.dubbo.registry.RegistryService?application=paike-backend_dev&callbacks=10000&check=false&codec=dubbo&connect.timeout=10000&dubbo=2.6.2&heartbeat=60000&interface=com.alibaba.dubbo.registry.RegistryService&lazy=true&methods=lookup,unsubscribe,subscribe,unregister,register&pid=58535&reconnect=false&remote.timestamp=1539340515417&send.reconnect=true&sticky=true&subscribe.1.callback=true&timeout=10000&timestamp=1539340515417&unsubscribe.1.callback=false) failed to connect to server localhost/127.0.0.1:2181, error message is:Connection refused
	at com.alibaba.dubbo.registry.support.FailbackRegistry.subscribe(FailbackRegistry.java:207) ~[dubbo-2.6.2.jar:2.6.2]
	at com.alibaba.dubbo.registry.integration.RegistryDirectory.subscribe(RegistryDirectory.java:159) ~[dubbo-2.6.2.jar:2.6.2]
	at com.alibaba.dubbo.registry.dubbo.DubboRegistryFactory.createRegistry(DubboRegistryFactory.java:97) ~[dubbo-2.6.2.jar:2.6.2]
	at com.alibaba.dubbo.registry.support.AbstractRegistryFactory.getRegistry(AbstractRegistryFactory.java:96) ~[dubbo-2.6.2.jar:2.6.2]
	at com.alibaba.dubbo.registry.RegistryFactory$Adaptive.getRegistry(RegistryFactory$Adaptive.java) ~[dubbo-2.6.2.jar:2.6.2]
	at com.alibaba.dubbo.registry.integration.RegistryProtocol.refer(RegistryProtocol.java:272) ~[dubbo-2.6.2.jar:2.6.2]
	at com.alibaba.dubbo.rpc.protocol.ProtocolListenerWrapper.refer(ProtocolListenerWrapper.java:65) ~[dubbo-2.6.2.jar:2.6.2]
	at com.alibaba.dubbo.qos.protocol.QosProtocolWrapper.refer(QosProtocolWrapper.java:63) ~[dubbo-2.6.2.jar:2.6.2]
	at com.alibaba.dubbo.rpc.protocol.ProtocolFilterWrapper.refer(ProtocolFilterWrapper.java:106) ~[dubbo-2.6.2.jar:2.6.2]
	at com.alibaba.dubbo.rpc.Protocol$Adaptive.refer(Protocol$Adaptive.java) ~[dubbo-2.6.2.jar:2.6.2]
	at com.alibaba.dubbo.config.ReferenceConfig.createProxy(ReferenceConfig.java:394) ~[dubbo-2.6.2.jar:2.6.2]
	at com.alibaba.dubbo.config.ReferenceConfig.init(ReferenceConfig.java:333) ~[dubbo-2.6.2.jar:2.6.2]
	at com.alibaba.dubbo.config.ReferenceConfig.get(ReferenceConfig.java:163) ~[dubbo-2.6.2.jar:2.6.2]
	at com.alibaba.dubbo.config.spring.ReferenceBean.getObject(ReferenceBean.java:66) ~[dubbo-2.6.2.jar:2.6.2]
	at org.springframework.beans.factory.support.FactoryBeanRegistrySupport.doGetObjectFromFactoryBean(FactoryBeanRegistrySupport.java:168) ~[spring-beans-4.3.13.RELEASE.jar:4.3.13.RELEASE]
	at org.springframework.beans.factory.support.FactoryBeanRegistrySupport.getObjectFromFactoryBean(FactoryBeanRegistrySupport.java:103) ~[spring-beans-4.3.13.RELEASE.jar:4.3.13.RELEASE]
	at org.springframework.beans.factory.support.AbstractBeanFactory.getObjectForBeanInstance(AbstractBeanFactory.java:1634) ~[spring-beans-4.3.13.RELEASE.jar:4.3.13.RELEASE]
	at org.springframework.beans.factory.support.AbstractBeanFactory.doGetBean(AbstractBeanFactory.java:254) ~[spring-beans-4.3.13.RELEASE.jar:4.3.13.RELEASE]
	at org.springframework.beans.factory.support.AbstractBeanFactory.getBean(AbstractBeanFactory.java:202) ~[spring-beans-4.3.13.RELEASE.jar:4.3.13.RELEASE]
	at org.springframework.beans.factory.config.DependencyDescriptor.resolveCandidate(DependencyDescriptor.java:208) ~[spring-beans-4.3.13.RELEASE.jar:4.3.13.RELEASE]
	at org.springframework.beans.factory.support.DefaultListableBeanFactory.addCandidateEntry(DefaultListableBeanFactory.java:1316) ~[spring-beans-4.3.13.RELEASE.jar:4.3.13.RELEASE]
	at org.springframework.beans.factory.support.DefaultListableBeanFactory.findAutowireCandidates(DefaultListableBeanFactory.java:1282) ~[spring-beans-4.3.13.RELEASE.jar:4.3.13.RELEASE]
	at org.springframework.beans.factory.support.DefaultListableBeanFactory.doResolveDependency(DefaultListableBeanFactory.java:1101) ~[spring-beans-4.3.13.RELEASE.jar:4.3.13.RELEASE]
	at org.springframework.beans.factory.support.DefaultListableBeanFactory.resolveDependency(DefaultListableBeanFactory.java:1066) ~[spring-beans-4.3.13.RELEASE.jar:4.3.13.RELEASE]
	at org.springframework.beans.factory.annotation.AutowiredAnnotationBeanPostProcessor$AutowiredFieldElement.inject(AutowiredAnnotationBeanPostProcessor.java:585) ~[spring-beans-4.3.13.RELEASE.jar:4.3.13.RELEASE]
	... 24 more
Caused by: com.alibaba.dubbo.rpc.RpcException: Failed to invoke the method subscribe in the service com.alibaba.dubbo.registry.RegistryService. Tried 3 times of the providers [localhost:2181] (1/1) from the registry localhost:2181 on the consumer 10.2.46.142 using the dubbo version 2.6.2. Last error is: Failed to invoke remote method: subscribe, provider: dubbo://localhost:2181/com.alibaba.dubbo.registry.RegistryService?application=paike-backend_dev&callbacks=10000&check=false&connect.timeout=10000&dubbo=2.6.2&interface=com.alibaba.dubbo.registry.RegistryService&lazy=true&methods=lookup,unsubscribe,subscribe,unregister,register&pid=58535&reconnect=false&remote.timestamp=1539340515417&sticky=true&subscribe.1.callback=true&timeout=10000&timestamp=1539340515417&unsubscribe.1.callback=false, cause: client(url: dubbo://localhost:2181/com.alibaba.dubbo.registry.RegistryService?application=paike-backend_dev&callbacks=10000&check=false&codec=dubbo&connect.timeout=10000&dubbo=2.6.2&heartbeat=60000&interface=com.alibaba.dubbo.registry.RegistryService&lazy=true&methods=lookup,unsubscribe,subscribe,unregister,register&pid=58535&reconnect=false&remote.timestamp=1539340515417&send.reconnect=true&sticky=true&subscribe.1.callback=true&timeout=10000&timestamp=1539340515417&unsubscribe.1.callback=false) failed to connect to server localhost/127.0.0.1:2181, error message is:Connection refused
	at com.alibaba.dubbo.rpc.cluster.support.FailoverClusterInvoker.doInvoke(FailoverClusterInvoker.java:102) ~[dubbo-2.6.2.jar:2.6.2]
	at com.alibaba.dubbo.rpc.cluster.support.AbstractClusterInvoker.invoke(AbstractClusterInvoker.java:238) ~[dubbo-2.6.2.jar:2.6.2]
	at com.alibaba.dubbo.rpc.cluster.support.wrapper.MockClusterInvoker.invoke(MockClusterInvoker.java:75) ~[dubbo-2.6.2.jar:2.6.2]
	at com.alibaba.dubbo.rpc.proxy.InvokerInvocationHandler.invoke(InvokerInvocationHandler.java:52) ~[dubbo-2.6.2.jar:2.6.2]
	at com.alibaba.dubbo.common.bytecode.proxy0.subscribe(proxy0.java) ~[dubbo-2.6.2.jar:2.6.2]
	at com.alibaba.dubbo.registry.dubbo.DubboRegistry.doSubscribe(DubboRegistry.java:144) ~[dubbo-2.6.2.jar:2.6.2]
	at com.alibaba.dubbo.registry.support.FailbackRegistry.subscribe(FailbackRegistry.java:190) ~[dubbo-2.6.2.jar:2.6.2]
	at com.alibaba.dubbo.registry.integration.RegistryDirectory.subscribe(RegistryDirectory.java:159) ~[dubbo-2.6.2.jar:2.6.2]
	at com.alibaba.dubbo.registry.dubbo.DubboRegistryFactory.createRegistry(DubboRegistryFactory.java:97) ~[dubbo-2.6.2.jar:2.6.2]
	at com.alibaba.dubbo.registry.support.AbstractRegistryFactory.getRegistry(AbstractRegistryFactory.java:96) ~[dubbo-2.6.2.jar:2.6.2]
	at com.alibaba.dubbo.registry.RegistryFactory$Adaptive.getRegistry(RegistryFactory$Adaptive.java) ~[dubbo-2.6.2.jar:2.6.2]
	at com.alibaba.dubbo.registry.integration.RegistryProtocol.refer(RegistryProtocol.java:272) ~[dubbo-2.6.2.jar:2.6.2]
	at com.alibaba.dubbo.rpc.protocol.ProtocolListenerWrapper.refer(ProtocolListenerWrapper.java:65) ~[dubbo-2.6.2.jar:2.6.2]
	at com.alibaba.dubbo.qos.protocol.QosProtocolWrapper.refer(QosProtocolWrapper.java:63) ~[dubbo-2.6.2.jar:2.6.2]
	at com.alibaba.dubbo.rpc.protocol.ProtocolFilterWrapper.refer(ProtocolFilterWrapper.java:106) ~[dubbo-2.6.2.jar:2.6.2]
	at com.alibaba.dubbo.rpc.Protocol$Adaptive.refer(Protocol$Adaptive.java) ~[dubbo-2.6.2.jar:2.6.2]
	at com.alibaba.dubbo.config.ReferenceConfig.createProxy(ReferenceConfig.java:394) ~[dubbo-2.6.2.jar:2.6.2]
	at com.alibaba.dubbo.config.ReferenceConfig.init(ReferenceConfig.java:333) ~[dubbo-2.6.2.jar:2.6.2]
	at com.alibaba.dubbo.config.ReferenceConfig.get(ReferenceConfig.java:163) ~[dubbo-2.6.2.jar:2.6.2]
	at com.alibaba.dubbo.config.spring.ReferenceBean.getObject(ReferenceBean.java:66) ~[dubbo-2.6.2.jar:2.6.2]
	at org.springframework.beans.factory.support.FactoryBeanRegistrySupport.doGetObjectFromFactoryBean(FactoryBeanRegistrySupport.java:168) ~[spring-beans-4.3.13.RELEASE.jar:4.3.13.RELEASE]
	at org.springframework.beans.factory.support.FactoryBeanRegistrySupport.getObjectFromFactoryBean(FactoryBeanRegistrySupport.java:103) ~[spring-beans-4.3.13.RELEASE.jar:4.3.13.RELEASE]
	at org.springframework.beans.factory.support.AbstractBeanFactory.getObjectForBeanInstance(AbstractBeanFactory.java:1634) ~[spring-beans-4.3.13.RELEASE.jar:4.3.13.RELEASE]
	at org.springframework.beans.factory.support.AbstractBeanFactory.doGetBean(AbstractBeanFactory.java:254) ~[spring-beans-4.3.13.RELEASE.jar:4.3.13.RELEASE]
	at org.springframework.beans.factory.support.AbstractBeanFactory.getBean(AbstractBeanFactory.java:202) ~[spring-beans-4.3.13.RELEASE.jar:4.3.13.RELEASE]
	at org.springframework.beans.factory.config.DependencyDescriptor.resolveCandidate(DependencyDescriptor.java:208) ~[spring-beans-4.3.13.RELEASE.jar:4.3.13.RELEASE]
	at org.springframework.beans.factory.support.DefaultListableBeanFactory.addCandidateEntry(DefaultListableBeanFactory.java:1316) ~[spring-beans-4.3.13.RELEASE.jar:4.3.13.RELEASE]
	at org.springframework.beans.factory.support.DefaultListableBeanFactory.findAutowireCandidates(DefaultListableBeanFactory.java:1282) ~[spring-beans-4.3.13.RELEASE.jar:4.3.13.RELEASE]
	at org.springframework.beans.factory.support.DefaultListableBeanFactory.doResolveDependency(DefaultListableBeanFactory.java:1101) ~[spring-beans-4.3.13.RELEASE.jar:4.3.13.RELEASE]
	at org.springframework.beans.factory.support.DefaultListableBeanFactory.resolveDependency(DefaultListableBeanFactory.java:1066) ~[spring-beans-4.3.13.RELEASE.jar:4.3.13.RELEASE]
	at org.springframework.beans.factory.annotation.AutowiredAnnotationBeanPostProcessor$AutowiredFieldElement.inject(AutowiredAnnotationBeanPostProcessor.java:585) ~[spring-beans-4.3.13.RELEASE.jar:4.3.13.RELEASE]
	... 24 more
Caused by: com.alibaba.dubbo.remoting.RemotingException: client(url: dubbo://localhost:2181/com.alibaba.dubbo.registry.RegistryService?application=paike-backend_dev&callbacks=10000&check=false&codec=dubbo&connect.timeout=10000&dubbo=2.6.2&heartbeat=60000&interface=com.alibaba.dubbo.registry.RegistryService&lazy=true&methods=lookup,unsubscribe,subscribe,unregister,register&pid=58535&reconnect=false&remote.timestamp=1539340515417&send.reconnect=true&sticky=true&subscribe.1.callback=true&timeout=10000&timestamp=1539340515417&unsubscribe.1.callback=false) failed to connect to server localhost/127.0.0.1:2181, error message is:Connection refused
	at com.alibaba.dubbo.remoting.transport.netty.NettyClient.doConnect(NettyClient.java:124) ~[dubbo-2.6.2.jar:2.6.2]
	at com.alibaba.dubbo.remoting.transport.AbstractClient.connect(AbstractClient.java:275) ~[dubbo-2.6.2.jar:2.6.2]
	at com.alibaba.dubbo.remoting.transport.AbstractClient.send(AbstractClient.java:258) ~[dubbo-2.6.2.jar:2.6.2]
	at com.alibaba.dubbo.remoting.transport.AbstractPeer.send(AbstractPeer.java:53) ~[dubbo-2.6.2.jar:2.6.2]
	at com.alibaba.dubbo.remoting.exchange.support.header.HeaderExchangeChannel.request(HeaderExchangeChannel.java:115) ~[dubbo-2.6.2.jar:2.6.2]
	at com.alibaba.dubbo.remoting.exchange.support.header.HeaderExchangeClient.request(HeaderExchangeClient.java:90) ~[dubbo-2.6.2.jar:2.6.2]
	at com.alibaba.dubbo.rpc.protocol.dubbo.LazyConnectExchangeClient.request(LazyConnectExchangeClient.java:105) ~[dubbo-2.6.2.jar:2.6.2]
	at com.alibaba.dubbo.rpc.protocol.dubbo.ReferenceCountExchangeClient.request(ReferenceCountExchangeClient.java:83) ~[dubbo-2.6.2.jar:2.6.2]
	at com.alibaba.dubbo.rpc.protocol.dubbo.DubboInvoker.doInvoke(DubboInvoker.java:95) ~[dubbo-2.6.2.jar:2.6.2]
	at com.alibaba.dubbo.rpc.protocol.AbstractInvoker.invoke(AbstractInvoker.java:148) ~[dubbo-2.6.2.jar:2.6.2]
	at com.alibaba.dubbo.rpc.listener.ListenerInvokerWrapper.invoke(ListenerInvokerWrapper.java:77) ~[dubbo-2.6.2.jar:2.6.2]
	at com.alibaba.dubbo.monitor.support.MonitorFilter.invoke(MonitorFilter.java:75) ~[dubbo-2.6.2.jar:2.6.2]
	at com.alibaba.dubbo.rpc.protocol.ProtocolFilterWrapper$1.invoke(ProtocolFilterWrapper.java:72) ~[dubbo-2.6.2.jar:2.6.2]
	at com.alibaba.dubbo.rpc.protocol.dubbo.filter.FutureFilter.invoke(FutureFilter.java:54) ~[dubbo-2.6.2.jar:2.6.2]
	at com.alibaba.dubbo.rpc.protocol.ProtocolFilterWrapper$1.invoke(ProtocolFilterWrapper.java:72) ~[dubbo-2.6.2.jar:2.6.2]
	at com.alibaba.dubbo.rpc.filter.ConsumerContextFilter.invoke(ConsumerContextFilter.java:48) ~[dubbo-2.6.2.jar:2.6.2]
	at com.alibaba.dubbo.rpc.protocol.ProtocolFilterWrapper$1.invoke(ProtocolFilterWrapper.java:72) ~[dubbo-2.6.2.jar:2.6.2]
	at com.alibaba.dubbo.rpc.protocol.InvokerWrapper.invoke(InvokerWrapper.java:56) ~[dubbo-2.6.2.jar:2.6.2]
	at com.alibaba.dubbo.rpc.cluster.support.FailoverClusterInvoker.doInvoke(FailoverClusterInvoker.java:78) ~[dubbo-2.6.2.jar:2.6.2]
	at com.alibaba.dubbo.rpc.cluster.support.AbstractClusterInvoker.invoke(AbstractClusterInvoker.java:238) ~[dubbo-2.6.2.jar:2.6.2]
	at com.alibaba.dubbo.rpc.cluster.support.wrapper.MockClusterInvoker.invoke(MockClusterInvoker.java:75) ~[dubbo-2.6.2.jar:2.6.2]
	at com.alibaba.dubbo.rpc.proxy.InvokerInvocationHandler.invoke(InvokerInvocationHandler.java:52) ~[dubbo-2.6.2.jar:2.6.2]
	at com.alibaba.dubbo.common.bytecode.proxy0.subscribe(proxy0.java) ~[dubbo-2.6.2.jar:2.6.2]
	at com.alibaba.dubbo.registry.dubbo.DubboRegistry.doSubscribe(DubboRegistry.java:144) ~[dubbo-2.6.2.jar:2.6.2]
	at com.alibaba.dubbo.registry.support.FailbackRegistry.subscribe(FailbackRegistry.java:190) ~[dubbo-2.6.2.jar:2.6.2]
	at com.alibaba.dubbo.registry.integration.RegistryDirectory.subscribe(RegistryDirectory.java:159) ~[dubbo-2.6.2.jar:2.6.2]
	at com.alibaba.dubbo.registry.dubbo.DubboRegistryFactory.createRegistry(DubboRegistryFactory.java:97) ~[dubbo-2.6.2.jar:2.6.2]
	at com.alibaba.dubbo.registry.support.AbstractRegistryFactory.getRegistry(AbstractRegistryFactory.java:96) ~[dubbo-2.6.2.jar:2.6.2]
	at com.alibaba.dubbo.registry.RegistryFactory$Adaptive.getRegistry(RegistryFactory$Adaptive.java) ~[dubbo-2.6.2.jar:2.6.2]
	at com.alibaba.dubbo.registry.integration.RegistryProtocol.refer(RegistryProtocol.java:272) ~[dubbo-2.6.2.jar:2.6.2]
	at com.alibaba.dubbo.rpc.protocol.ProtocolListenerWrapper.refer(ProtocolListenerWrapper.java:65) ~[dubbo-2.6.2.jar:2.6.2]
	at com.alibaba.dubbo.qos.protocol.QosProtocolWrapper.refer(QosProtocolWrapper.java:63) ~[dubbo-2.6.2.jar:2.6.2]
	at com.alibaba.dubbo.rpc.protocol.ProtocolFilterWrapper.refer(ProtocolFilterWrapper.java:106) ~[dubbo-2.6.2.jar:2.6.2]
	at com.alibaba.dubbo.rpc.Protocol$Adaptive.refer(Protocol$Adaptive.java) ~[dubbo-2.6.2.jar:2.6.2]
	at com.alibaba.dubbo.config.ReferenceConfig.createProxy(ReferenceConfig.java:394) ~[dubbo-2.6.2.jar:2.6.2]
	at com.alibaba.dubbo.config.ReferenceConfig.init(ReferenceConfig.java:333) ~[dubbo-2.6.2.jar:2.6.2]
	at com.alibaba.dubbo.config.ReferenceConfig.get(ReferenceConfig.java:163) ~[dubbo-2.6.2.jar:2.6.2]
	at com.alibaba.dubbo.config.spring.ReferenceBean.getObject(ReferenceBean.java:66) ~[dubbo-2.6.2.jar:2.6.2]
	at org.springframework.beans.factory.support.FactoryBeanRegistrySupport.doGetObjectFromFactoryBean(FactoryBeanRegistrySupport.java:168) ~[spring-beans-4.3.13.RELEASE.jar:4.3.13.RELEASE]
	at org.springframework.beans.factory.support.FactoryBeanRegistrySupport.getObjectFromFactoryBean(FactoryBeanRegistrySupport.java:103) ~[spring-beans-4.3.13.RELEASE.jar:4.3.13.RELEASE]
	at org.springframework.beans.factory.support.AbstractBeanFactory.getObjectForBeanInstance(AbstractBeanFactory.java:1634) ~[spring-beans-4.3.13.RELEASE.jar:4.3.13.RELEASE]
	at org.springframework.beans.factory.support.AbstractBeanFactory.doGetBean(AbstractBeanFactory.java:254) ~[spring-beans-4.3.13.RELEASE.jar:4.3.13.RELEASE]
	at org.springframework.beans.factory.support.AbstractBeanFactory.getBean(AbstractBeanFactory.java:202) ~[spring-beans-4.3.13.RELEASE.jar:4.3.13.RELEASE]
	at org.springframework.beans.factory.config.DependencyDescriptor.resolveCandidate(DependencyDescriptor.java:208) ~[spring-beans-4.3.13.RELEASE.jar:4.3.13.RELEASE]
	at org.springframework.beans.factory.support.DefaultListableBeanFactory.addCandidateEntry(DefaultListableBeanFactory.java:1316) ~[spring-beans-4.3.13.RELEASE.jar:4.3.13.RELEASE]
	at org.springframework.beans.factory.support.DefaultListableBeanFactory.findAutowireCandidates(DefaultListableBeanFactory.java:1282) ~[spring-beans-4.3.13.RELEASE.jar:4.3.13.RELEASE]
	at org.springframework.beans.factory.support.DefaultListableBeanFactory.doResolveDependency(DefaultListableBeanFactory.java:1101) ~[spring-beans-4.3.13.RELEASE.jar:4.3.13.RELEASE]
	at org.springframework.beans.factory.support.DefaultListableBeanFactory.resolveDependency(DefaultListableBeanFactory.java:1066) ~[spring-beans-4.3.13.RELEASE.jar:4.3.13.RELEASE]
	at org.springframework.beans.factory.annotation.AutowiredAnnotationBeanPostProcessor$AutowiredFieldElement.inject(AutowiredAnnotationBeanPostProcessor.java:585) ~[spring-beans-4.3.13.RELEASE.jar:4.3.13.RELEASE]
	... 24 more
Caused by: java.net.ConnectException: Connection refused
	at sun.nio.ch.SocketChannelImpl.checkConnect(Native Method) ~[?:1.8.0_171]
	at sun.nio.ch.SocketChannelImpl.finishConnect(SocketChannelImpl.java:717) ~[?:1.8.0_171]
	at org.jboss.netty.channel.socket.nio.NioClientSocketPipelineSink$Boss.connect(NioClientSocketPipelineSink.java:384) ~[netty-3.2.5.Final.jar:?]
	at org.jboss.netty.channel.socket.nio.NioClientSocketPipelineSink$Boss.processSelectedKeys(NioClientSocketPipelineSink.java:354) ~[netty-3.2.5.Final.jar:?]
	at org.jboss.netty.channel.socket.nio.NioClientSocketPipelineSink$Boss.run(NioClientSocketPipelineSink.java:276) ~[netty-3.2.5.Final.jar:?]
	at java.util.concurrent.ThreadPoolExecutor.runWorker(ThreadPoolExecutor.java:1149) [?:1.8.0_171]
	at java.util.concurrent.ThreadPoolExecutor$Worker.run(ThreadPoolExecutor.java:624) [?:1.8.0_171]
	at java.lang.Thread.run(Thread.java:748) [?:1.8.0_171]
2018-10-12 18:41:52.099		ERROR	restartedMain	SpringApplication:771 - Application startup failed
java.lang.IllegalStateException: Failed to execute CommandLineRunner
	at org.springframework.boot.SpringApplication.callRunner(SpringApplication.java:735) ~[spring-boot-1.5.9.RELEASE.jar:1.5.9.RELEASE]
	at org.springframework.boot.SpringApplication.callRunners(SpringApplication.java:716) ~[spring-boot-1.5.9.RELEASE.jar:1.5.9.RELEASE]
	at org.springframework.boot.SpringApplication.afterRefresh(SpringApplication.java:703) ~[spring-boot-1.5.9.RELEASE.jar:1.5.9.RELEASE]
	at org.springframework.boot.SpringApplication.run(SpringApplication.java:304) ~[spring-boot-1.5.9.RELEASE.jar:1.5.9.RELEASE]
	at org.springframework.boot.SpringApplication.run(SpringApplication.java:1118) ~[spring-boot-1.5.9.RELEASE.jar:1.5.9.RELEASE]
	at org.springframework.boot.SpringApplication.run(SpringApplication.java:1107) ~[spring-boot-1.5.9.RELEASE.jar:1.5.9.RELEASE]
	at com.huatu.paike.api_test.WebApplication.main(WebApplication.java:52) ~[classes/:?]
	at sun.reflect.NativeMethodAccessorImpl.invoke0(Native Method) ~[?:1.8.0_171]
	at sun.reflect.NativeMethodAccessorImpl.invoke(NativeMethodAccessorImpl.java:62) ~[?:1.8.0_171]
	at sun.reflect.DelegatingMethodAccessorImpl.invoke(DelegatingMethodAccessorImpl.java:43) ~[?:1.8.0_171]
	at java.lang.reflect.Method.invoke(Method.java:498) ~[?:1.8.0_171]
	at org.springframework.boot.devtools.restart.RestartLauncher.run(RestartLauncher.java:49) ~[spring-boot-devtools-1.5.9.RELEASE.jar:1.5.9.RELEASE]
Caused by: java.lang.RuntimeException: com.huatu.common.exception.BusinessException: lessonID
com.huatu.common.exception.BusinessException: lessonID
	at com.huatu.paike.service.impl.TeacherServiceImpl.queryLessonDetail(TeacherServiceImpl.java:743)
	at com.alibaba.dubbo.common.bytecode.Wrapper3.invokeMethod(Wrapper3.java)
	at com.alibaba.dubbo.rpc.proxy.javassist.JavassistProxyFactory$1.doInvoke(JavassistProxyFactory.java:47)
	at com.alibaba.dubbo.rpc.proxy.AbstractProxyInvoker.invoke(AbstractProxyInvoker.java:76)
	at com.alibaba.dubbo.config.invoker.DelegateProviderMetaDataInvoker.invoke(DelegateProviderMetaDataInvoker.java:52)
	at com.alibaba.dubbo.rpc.protocol.InvokerWrapper.invoke(InvokerWrapper.java:56)
	at com.alibaba.dubbo.rpc.filter.ExceptionFilter.invoke(ExceptionFilter.java:62)
	at com.alibaba.dubbo.rpc.protocol.ProtocolFilterWrapper$1.invoke(ProtocolFilterWrapper.java:72)
	at com.alibaba.dubbo.monitor.support.MonitorFilter.invoke(MonitorFilter.java:75)
	at com.alibaba.dubbo.rpc.protocol.ProtocolFilterWrapper$1.invoke(ProtocolFilterWrapper.java:72)
	at com.alibaba.dubbo.rpc.filter.TimeoutFilter.invoke(TimeoutFilter.java:42)
	at com.alibaba.dubbo.rpc.protocol.ProtocolFilterWrapper$1.invoke(ProtocolFilterWrapper.java:72)
	at com.alibaba.dubbo.rpc.protocol.dubbo.filter.TraceFilter.invoke(TraceFilter.java:78)
	at com.alibaba.dubbo.rpc.protocol.ProtocolFilterWrapper$1.invoke(ProtocolFilterWrapper.java:72)
	at com.alibaba.dubbo.rpc.filter.ContextFilter.invoke(ContextFilter.java:72)
	at com.alibaba.dubbo.rpc.protocol.ProtocolFilterWrapper$1.invoke(ProtocolFilterWrapper.java:72)
	at com.alibaba.dubbo.rpc.filter.GenericFilter.invoke(GenericFilter.java:131)
	at com.alibaba.dubbo.rpc.protocol.ProtocolFilterWrapper$1.invoke(ProtocolFilterWrapper.java:72)
	at com.alibaba.dubbo.rpc.filter.ClassLoaderFilter.invoke(ClassLoaderFilter.java:38)
	at com.alibaba.dubbo.rpc.protocol.ProtocolFilterWrapper$1.invoke(ProtocolFilterWrapper.java:72)
	at com.alibaba.dubbo.rpc.filter.EchoFilter.invoke(EchoFilter.java:38)
	at com.alibaba.dubbo.rpc.protocol.ProtocolFilterWrapper$1.invoke(ProtocolFilterWrapper.java:72)
	at com.alibaba.dubbo.rpc.protocol.dubbo.DubboProtocol$1.reply(DubboProtocol.java:103)
	at com.alibaba.dubbo.remoting.exchange.support.header.HeaderExchangeHandler.handleRequest(HeaderExchangeHandler.java:96)
	at com.alibaba.dubbo.remoting.exchange.support.header.HeaderExchangeHandler.received(HeaderExchangeHandler.java:172)
	at com.alibaba.dubbo.remoting.transport.DecodeHandler.received(DecodeHandler.java:51)
	at com.alibaba.dubbo.remoting.transport.dispatcher.ChannelEventRunnable.run(ChannelEventRunnable.java:80)
	at java.util.concurrent.ThreadPoolExecutor.runWorker(ThreadPoolExecutor.java:1149)
	at java.util.concurrent.ThreadPoolExecutor$Worker.run(ThreadPoolExecutor.java:624)
	at java.lang.Thread.run(Thread.java:748)

	at com.alibaba.dubbo.rpc.filter.ExceptionFilter.invoke(ExceptionFilter.java:106) ~[dubbo-2.6.2.jar:2.6.2]
	at com.alibaba.dubbo.rpc.protocol.ProtocolFilterWrapper$1.invoke(ProtocolFilterWrapper.java:72) ~[dubbo-2.6.2.jar:2.6.2]
	at com.alibaba.dubbo.monitor.support.MonitorFilter.invoke(MonitorFilter.java:75) ~[dubbo-2.6.2.jar:2.6.2]
	at com.alibaba.dubbo.rpc.protocol.ProtocolFilterWrapper$1.invoke(ProtocolFilterWrapper.java:72) ~[dubbo-2.6.2.jar:2.6.2]
	at com.alibaba.dubbo.rpc.filter.TimeoutFilter.invoke(TimeoutFilter.java:42) ~[dubbo-2.6.2.jar:2.6.2]
	at com.alibaba.dubbo.rpc.protocol.ProtocolFilterWrapper$1.invoke(ProtocolFilterWrapper.java:72) ~[dubbo-2.6.2.jar:2.6.2]
	at com.alibaba.dubbo.rpc.protocol.dubbo.filter.TraceFilter.invoke(TraceFilter.java:78) ~[dubbo-2.6.2.jar:2.6.2]
	at com.alibaba.dubbo.rpc.protocol.ProtocolFilterWrapper$1.invoke(ProtocolFilterWrapper.java:72) ~[dubbo-2.6.2.jar:2.6.2]
	at com.alibaba.dubbo.rpc.filter.ContextFilter.invoke(ContextFilter.java:72) ~[dubbo-2.6.2.jar:2.6.2]
	at com.alibaba.dubbo.rpc.protocol.ProtocolFilterWrapper$1.invoke(ProtocolFilterWrapper.java:72) ~[dubbo-2.6.2.jar:2.6.2]
	at com.alibaba.dubbo.rpc.filter.GenericFilter.invoke(GenericFilter.java:131) ~[dubbo-2.6.2.jar:2.6.2]
	at com.alibaba.dubbo.rpc.protocol.ProtocolFilterWrapper$1.invoke(ProtocolFilterWrapper.java:72) ~[dubbo-2.6.2.jar:2.6.2]
	at com.alibaba.dubbo.rpc.filter.ClassLoaderFilter.invoke(ClassLoaderFilter.java:38) ~[dubbo-2.6.2.jar:2.6.2]
	at com.alibaba.dubbo.rpc.protocol.ProtocolFilterWrapper$1.invoke(ProtocolFilterWrapper.java:72) ~[dubbo-2.6.2.jar:2.6.2]
	at com.alibaba.dubbo.rpc.filter.EchoFilter.invoke(EchoFilter.java:38) ~[dubbo-2.6.2.jar:2.6.2]
	at com.alibaba.dubbo.rpc.protocol.ProtocolFilterWrapper$1.invoke(ProtocolFilterWrapper.java:72) ~[dubbo-2.6.2.jar:2.6.2]
	at com.alibaba.dubbo.rpc.protocol.dubbo.DubboProtocol$1.reply(DubboProtocol.java:103) ~[dubbo-2.6.2.jar:2.6.2]
	at com.alibaba.dubbo.remoting.exchange.support.header.HeaderExchangeHandler.handleRequest(HeaderExchangeHandler.java:96) ~[dubbo-2.6.2.jar:2.6.2]
	at com.alibaba.dubbo.remoting.exchange.support.header.HeaderExchangeHandler.received(HeaderExchangeHandler.java:172) ~[dubbo-2.6.2.jar:2.6.2]
	at com.alibaba.dubbo.remoting.transport.DecodeHandler.received(DecodeHandler.java:51) ~[dubbo-2.6.2.jar:2.6.2]
	at com.alibaba.dubbo.remoting.transport.dispatcher.ChannelEventRunnable.run(ChannelEventRunnable.java:80) ~[dubbo-2.6.2.jar:2.6.2]
	at java.util.concurrent.ThreadPoolExecutor.runWorker(ThreadPoolExecutor.java:1149) [?:1.8.0_171]
	at java.util.concurrent.ThreadPoolExecutor$Worker.run(ThreadPoolExecutor.java:624) [?:1.8.0_171]
	at java.lang.Thread.run(Thread.java:748) [?:1.8.0_171]
2018-10-12 18:44:32.733		ERROR	restartedMain	SpringApplication:771 - Application startup failed
java.lang.IllegalStateException: Failed to execute CommandLineRunner
	at org.springframework.boot.SpringApplication.callRunner(SpringApplication.java:735) ~[spring-boot-1.5.9.RELEASE.jar:1.5.9.RELEASE]
	at org.springframework.boot.SpringApplication.callRunners(SpringApplication.java:716) ~[spring-boot-1.5.9.RELEASE.jar:1.5.9.RELEASE]
	at org.springframework.boot.SpringApplication.afterRefresh(SpringApplication.java:703) ~[spring-boot-1.5.9.RELEASE.jar:1.5.9.RELEASE]
	at org.springframework.boot.SpringApplication.run(SpringApplication.java:304) ~[spring-boot-1.5.9.RELEASE.jar:1.5.9.RELEASE]
	at org.springframework.boot.SpringApplication.run(SpringApplication.java:1118) ~[spring-boot-1.5.9.RELEASE.jar:1.5.9.RELEASE]
	at org.springframework.boot.SpringApplication.run(SpringApplication.java:1107) ~[spring-boot-1.5.9.RELEASE.jar:1.5.9.RELEASE]
	at com.huatu.paike.api_test.WebApplication.main(WebApplication.java:52) ~[classes/:?]
	at sun.reflect.NativeMethodAccessorImpl.invoke0(Native Method) ~[?:1.8.0_171]
	at sun.reflect.NativeMethodAccessorImpl.invoke(NativeMethodAccessorImpl.java:62) ~[?:1.8.0_171]
	at sun.reflect.DelegatingMethodAccessorImpl.invoke(DelegatingMethodAccessorImpl.java:43) ~[?:1.8.0_171]
	at java.lang.reflect.Method.invoke(Method.java:498) ~[?:1.8.0_171]
	at org.springframework.boot.devtools.restart.RestartLauncher.run(RestartLauncher.java:49) ~[spring-boot-devtools-1.5.9.RELEASE.jar:1.5.9.RELEASE]
Caused by: java.lang.ClassCastException: com.huatu.paike.service.dto.req.LessonDetailReq cannot be cast to com.huatu.paike.service.dto.req.LessonDetailReq
	at com.alibaba.dubbo.common.bytecode.Wrapper11.invokeMethod(Wrapper11.java) ~[?:?]
	at com.alibaba.dubbo.rpc.proxy.javassist.JavassistProxyFactory$1.doInvoke(JavassistProxyFactory.java:47) ~[dubbo-2.6.2.jar:2.6.2]
	at com.alibaba.dubbo.rpc.proxy.AbstractProxyInvoker.invoke(AbstractProxyInvoker.java:76) ~[dubbo-2.6.2.jar:2.6.2]
	at com.alibaba.dubbo.config.invoker.DelegateProviderMetaDataInvoker.invoke(DelegateProviderMetaDataInvoker.java:52) ~[dubbo-2.6.2.jar:2.6.2]
	at com.alibaba.dubbo.rpc.protocol.InvokerWrapper.invoke(InvokerWrapper.java:56) ~[dubbo-2.6.2.jar:2.6.2]
	at com.alibaba.dubbo.rpc.filter.ExceptionFilter.invoke(ExceptionFilter.java:62) ~[dubbo-2.6.2.jar:2.6.2]
	at com.alibaba.dubbo.rpc.protocol.ProtocolFilterWrapper$1.invoke(ProtocolFilterWrapper.java:72) ~[dubbo-2.6.2.jar:2.6.2]
	at com.alibaba.dubbo.monitor.support.MonitorFilter.invoke(MonitorFilter.java:75) ~[dubbo-2.6.2.jar:2.6.2]
	at com.alibaba.dubbo.rpc.protocol.ProtocolFilterWrapper$1.invoke(ProtocolFilterWrapper.java:72) ~[dubbo-2.6.2.jar:2.6.2]
	at com.alibaba.dubbo.rpc.filter.TimeoutFilter.invoke(TimeoutFilter.java:42) ~[dubbo-2.6.2.jar:2.6.2]
	at com.alibaba.dubbo.rpc.protocol.ProtocolFilterWrapper$1.invoke(ProtocolFilterWrapper.java:72) ~[dubbo-2.6.2.jar:2.6.2]
	at com.alibaba.dubbo.rpc.protocol.dubbo.filter.TraceFilter.invoke(TraceFilter.java:78) ~[dubbo-2.6.2.jar:2.6.2]
	at com.alibaba.dubbo.rpc.protocol.ProtocolFilterWrapper$1.invoke(ProtocolFilterWrapper.java:72) ~[dubbo-2.6.2.jar:2.6.2]
	at com.alibaba.dubbo.rpc.filter.ContextFilter.invoke(ContextFilter.java:72) ~[dubbo-2.6.2.jar:2.6.2]
	at com.alibaba.dubbo.rpc.protocol.ProtocolFilterWrapper$1.invoke(ProtocolFilterWrapper.java:72) ~[dubbo-2.6.2.jar:2.6.2]
	at com.alibaba.dubbo.rpc.filter.GenericFilter.invoke(GenericFilter.java:131) ~[dubbo-2.6.2.jar:2.6.2]
	at com.alibaba.dubbo.rpc.protocol.ProtocolFilterWrapper$1.invoke(ProtocolFilterWrapper.java:72) ~[dubbo-2.6.2.jar:2.6.2]
	at com.alibaba.dubbo.rpc.filter.ClassLoaderFilter.invoke(ClassLoaderFilter.java:38) ~[dubbo-2.6.2.jar:2.6.2]
	at com.alibaba.dubbo.rpc.protocol.ProtocolFilterWrapper$1.invoke(ProtocolFilterWrapper.java:72) ~[dubbo-2.6.2.jar:2.6.2]
	at com.alibaba.dubbo.rpc.filter.EchoFilter.invoke(EchoFilter.java:38) ~[dubbo-2.6.2.jar:2.6.2]
	at com.alibaba.dubbo.rpc.protocol.ProtocolFilterWrapper$1.invoke(ProtocolFilterWrapper.java:72) ~[dubbo-2.6.2.jar:2.6.2]
	at com.alibaba.dubbo.rpc.protocol.dubbo.DubboProtocol$1.reply(DubboProtocol.java:103) ~[dubbo-2.6.2.jar:2.6.2]
	at com.alibaba.dubbo.remoting.exchange.support.header.HeaderExchangeHandler.handleRequest(HeaderExchangeHandler.java:96) ~[dubbo-2.6.2.jar:2.6.2]
	at com.alibaba.dubbo.remoting.exchange.support.header.HeaderExchangeHandler.received(HeaderExchangeHandler.java:172) ~[dubbo-2.6.2.jar:2.6.2]
	at com.alibaba.dubbo.remoting.transport.DecodeHandler.received(DecodeHandler.java:51) ~[dubbo-2.6.2.jar:2.6.2]
	at com.alibaba.dubbo.remoting.transport.dispatcher.ChannelEventRunnable.run(ChannelEventRunnable.java:80) ~[dubbo-2.6.2.jar:2.6.2]
	at java.util.concurrent.ThreadPoolExecutor.runWorker(ThreadPoolExecutor.java:1149) [?:1.8.0_171]
	at java.util.concurrent.ThreadPoolExecutor$Worker.run(ThreadPoolExecutor.java:624) [?:1.8.0_171]
	at java.lang.Thread.run(Thread.java:748) [?:1.8.0_171]
2018-10-12 18:50:58.857		ERROR	restartedMain	SpringApplication:771 - Application startup failed
java.lang.IllegalStateException: Failed to execute CommandLineRunner
	at org.springframework.boot.SpringApplication.callRunner(SpringApplication.java:735) ~[spring-boot-1.5.9.RELEASE.jar:1.5.9.RELEASE]
	at org.springframework.boot.SpringApplication.callRunners(SpringApplication.java:716) ~[spring-boot-1.5.9.RELEASE.jar:1.5.9.RELEASE]
	at org.springframework.boot.SpringApplication.afterRefresh(SpringApplication.java:703) ~[spring-boot-1.5.9.RELEASE.jar:1.5.9.RELEASE]
	at org.springframework.boot.SpringApplication.run(SpringApplication.java:304) ~[spring-boot-1.5.9.RELEASE.jar:1.5.9.RELEASE]
	at org.springframework.boot.SpringApplication.run(SpringApplication.java:1118) ~[spring-boot-1.5.9.RELEASE.jar:1.5.9.RELEASE]
	at org.springframework.boot.SpringApplication.run(SpringApplication.java:1107) ~[spring-boot-1.5.9.RELEASE.jar:1.5.9.RELEASE]
	at com.huatu.paike.api_test.WebApplication.main(WebApplication.java:52) ~[classes/:?]
	at sun.reflect.NativeMethodAccessorImpl.invoke0(Native Method) ~[?:1.8.0_171]
	at sun.reflect.NativeMethodAccessorImpl.invoke(NativeMethodAccessorImpl.java:62) ~[?:1.8.0_171]
	at sun.reflect.DelegatingMethodAccessorImpl.invoke(DelegatingMethodAccessorImpl.java:43) ~[?:1.8.0_171]
	at java.lang.reflect.Method.invoke(Method.java:498) ~[?:1.8.0_171]
	at org.springframework.boot.devtools.restart.RestartLauncher.run(RestartLauncher.java:49) ~[spring-boot-devtools-1.5.9.RELEASE.jar:1.5.9.RELEASE]
Caused by: com.alibaba.dubbo.rpc.RpcException: Failed to invoke the method queryLessonDetail in the service com.huatu.paike.service.TeacherService. Tried 3 times of the providers [10.2.46.142:20884] (1/1) from the registry 172.30.9.226:2181 on the consumer 10.2.46.142 using the dubbo version 2.6.2. Last error is: Invoke remote method timeout. method: queryLessonDetail, provider: dubbo://10.2.46.142:20884/com.huatu.paike.service.TeacherService?anyhost=true&application=paike-backend_dev&check=false&default.timeout=5000&dubbo=2.6.2&generic=false&interface=com.huatu.paike.service.TeacherService&methods=queryTeacherStatus,queryClassStageSubjectTeacher,queryTeachingHistory,queryTeacherArrange,hasUnfinishedLesson,queryLessonDetail,queryTeacherPaike&pid=58748&register.ip=10.2.46.142&remote.timestamp=1539341375585&revision=1.0.1.snapshot&side=consumer&timestamp=1539341442188, cause: Waiting server-side response timeout. start time: 2018-10-12 18:50:53.844, end time: 2018-10-12 18:50:58.848, client elapsed: 0 ms, server elapsed: 5004 ms, timeout: 5000 ms, request: Request [id=2, version=2.0.0, twoway=true, event=false, broken=false, data=RpcInvocation [methodName=queryLessonDetail, parameterTypes=[class com.huatu.paike.service.dto.req.LessonDetailReq], arguments=[LessonDetailReq(lessonId=795, timeDetailId=2335)], attachments={path=com.huatu.paike.service.TeacherService, interface=com.huatu.paike.service.TeacherService, version=0.0.0, timeout=5000}]], channel: /10.2.46.142:65036 -> /10.2.46.142:20884
	at com.alibaba.dubbo.rpc.cluster.support.FailoverClusterInvoker.doInvoke(FailoverClusterInvoker.java:102) ~[dubbo-2.6.2.jar:2.6.2]
	at com.alibaba.dubbo.rpc.cluster.support.AbstractClusterInvoker.invoke(AbstractClusterInvoker.java:238) ~[dubbo-2.6.2.jar:2.6.2]
	at com.alibaba.dubbo.rpc.cluster.support.wrapper.MockClusterInvoker.invoke(MockClusterInvoker.java:75) ~[dubbo-2.6.2.jar:2.6.2]
	at com.alibaba.dubbo.rpc.proxy.InvokerInvocationHandler.invoke(InvokerInvocationHandler.java:52) ~[dubbo-2.6.2.jar:2.6.2]
	at com.alibaba.dubbo.common.bytecode.proxy7.queryLessonDetail(proxy7.java) ~[dubbo-2.6.2.jar:2.6.2]
	at com.huatu.paike.api_test.WebApplication.queryLessonDetail(WebApplication.java:74) ~[classes/:?]
	at com.huatu.paike.api_test.WebApplication.run(WebApplication.java:58) ~[classes/:?]
	at org.springframework.boot.SpringApplication.callRunner(SpringApplication.java:732) ~[spring-boot-1.5.9.RELEASE.jar:1.5.9.RELEASE]
	... 11 more
Caused by: com.alibaba.dubbo.remoting.TimeoutException: Waiting server-side response timeout. start time: 2018-10-12 18:50:53.844, end time: 2018-10-12 18:50:58.848, client elapsed: 0 ms, server elapsed: 5004 ms, timeout: 5000 ms, request: Request [id=2, version=2.0.0, twoway=true, event=false, broken=false, data=RpcInvocation [methodName=queryLessonDetail, parameterTypes=[class com.huatu.paike.service.dto.req.LessonDetailReq], arguments=[LessonDetailReq(lessonId=795, timeDetailId=2335)], attachments={path=com.huatu.paike.service.TeacherService, interface=com.huatu.paike.service.TeacherService, version=0.0.0, timeout=5000}]], channel: /10.2.46.142:65036 -> /10.2.46.142:20884
	at com.alibaba.dubbo.remoting.exchange.support.DefaultFuture.get(DefaultFuture.java:136) ~[dubbo-2.6.2.jar:2.6.2]
	at com.alibaba.dubbo.remoting.exchange.support.DefaultFuture.get(DefaultFuture.java:112) ~[dubbo-2.6.2.jar:2.6.2]
	at com.alibaba.dubbo.rpc.protocol.dubbo.DubboInvoker.doInvoke(DubboInvoker.java:95) ~[dubbo-2.6.2.jar:2.6.2]
	at com.alibaba.dubbo.rpc.protocol.AbstractInvoker.invoke(AbstractInvoker.java:148) ~[dubbo-2.6.2.jar:2.6.2]
	at com.alibaba.dubbo.monitor.support.MonitorFilter.invoke(MonitorFilter.java:75) ~[dubbo-2.6.2.jar:2.6.2]
	at com.alibaba.dubbo.rpc.protocol.ProtocolFilterWrapper$1.invoke(ProtocolFilterWrapper.java:72) ~[dubbo-2.6.2.jar:2.6.2]
	at com.alibaba.dubbo.rpc.protocol.dubbo.filter.FutureFilter.invoke(FutureFilter.java:54) ~[dubbo-2.6.2.jar:2.6.2]
	at com.alibaba.dubbo.rpc.protocol.ProtocolFilterWrapper$1.invoke(ProtocolFilterWrapper.java:72) ~[dubbo-2.6.2.jar:2.6.2]
	at com.alibaba.dubbo.rpc.filter.ConsumerContextFilter.invoke(ConsumerContextFilter.java:48) ~[dubbo-2.6.2.jar:2.6.2]
	at com.alibaba.dubbo.rpc.protocol.ProtocolFilterWrapper$1.invoke(ProtocolFilterWrapper.java:72) ~[dubbo-2.6.2.jar:2.6.2]
	at com.alibaba.dubbo.rpc.listener.ListenerInvokerWrapper.invoke(ListenerInvokerWrapper.java:77) ~[dubbo-2.6.2.jar:2.6.2]
	at com.alibaba.dubbo.rpc.protocol.InvokerWrapper.invoke(InvokerWrapper.java:56) ~[dubbo-2.6.2.jar:2.6.2]
	at com.alibaba.dubbo.rpc.cluster.support.FailoverClusterInvoker.doInvoke(FailoverClusterInvoker.java:78) ~[dubbo-2.6.2.jar:2.6.2]
	at com.alibaba.dubbo.rpc.cluster.support.AbstractClusterInvoker.invoke(AbstractClusterInvoker.java:238) ~[dubbo-2.6.2.jar:2.6.2]
	at com.alibaba.dubbo.rpc.cluster.support.wrapper.MockClusterInvoker.invoke(MockClusterInvoker.java:75) ~[dubbo-2.6.2.jar:2.6.2]
	at com.alibaba.dubbo.rpc.proxy.InvokerInvocationHandler.invoke(InvokerInvocationHandler.java:52) ~[dubbo-2.6.2.jar:2.6.2]
	at com.alibaba.dubbo.common.bytecode.proxy7.queryLessonDetail(proxy7.java) ~[dubbo-2.6.2.jar:2.6.2]
	at com.huatu.paike.api_test.WebApplication.queryLessonDetail(WebApplication.java:74) ~[classes/:?]
	at com.huatu.paike.api_test.WebApplication.run(WebApplication.java:58) ~[classes/:?]
	at org.springframework.boot.SpringApplication.callRunner(SpringApplication.java:732) ~[spring-boot-1.5.9.RELEASE.jar:1.5.9.RELEASE]
	... 11 more
