2018-11-05 17:31:08.149		 WARN	restartedMain	AnnotationConfigEmbeddedWebApplicationContext:551 - Exception encountered during context initialization - cancelling refresh attempt: org.springframework.beans.factory.UnsatisfiedDependencyException: Error creating bean with name 'webApplication': Unsatisfied dependency expressed through field 'classService'; nested exception is org.springframework.beans.factory.NoSuchBeanDefinitionException: No qualifying bean of type 'com.huatu.paike.service.ClassService' available: expected at least 1 bean which qualifies as autowire candidate. Dependency annotations: {@org.springframework.beans.factory.annotation.Autowired(required=true)}
2018-11-05 17:31:08.332		ERROR	restartedMain	LoggingFailureAnalysisReporter:42 - 

***************************
APPLICATION FAILED TO START
***************************

Description:

Field classService in com.huatu.paike.api_test.WebApplication required a bean of type 'com.huatu.paike.service.ClassService' that could not be found.


Action:

Consider defining a bean of type 'com.huatu.paike.service.ClassService' in your configuration.

2018-11-05 17:33:13.636		ERROR	restartedMain	Http11NioProtocol:181 - Failed to start end point associated with ProtocolHandler ["http-nio-8082"]
java.net.BindException: Address already in use
	at sun.nio.ch.Net.bind0(Native Method) ~[?:1.8.0_171]
	at sun.nio.ch.Net.bind(Net.java:433) ~[?:1.8.0_171]
	at sun.nio.ch.Net.bind(Net.java:425) ~[?:1.8.0_171]
	at sun.nio.ch.ServerSocketChannelImpl.bind(ServerSocketChannelImpl.java:223) ~[?:1.8.0_171]
	at sun.nio.ch.ServerSocketAdaptor.bind(ServerSocketAdaptor.java:74) ~[?:1.8.0_171]
	at org.apache.tomcat.util.net.NioEndpoint.bind(NioEndpoint.java:210) ~[tomcat-embed-core-8.5.23.jar:8.5.23]
	at org.apache.tomcat.util.net.AbstractEndpoint.start(AbstractEndpoint.java:990) ~[tomcat-embed-core-8.5.23.jar:8.5.23]
	at org.apache.coyote.AbstractProtocol.start(AbstractProtocol.java:635) ~[tomcat-embed-core-8.5.23.jar:8.5.23]
	at org.apache.catalina.connector.Connector.startInternal(Connector.java:1022) ~[tomcat-embed-core-8.5.23.jar:8.5.23]
	at org.apache.catalina.util.LifecycleBase.start(LifecycleBase.java:150) ~[tomcat-embed-core-8.5.23.jar:8.5.23]
	at org.apache.catalina.core.StandardService.addConnector(StandardService.java:225) ~[tomcat-embed-core-8.5.23.jar:8.5.23]
	at org.springframework.boot.context.embedded.tomcat.TomcatEmbeddedServletContainer.addPreviouslyRemovedConnectors(TomcatEmbeddedServletContainer.java:250) ~[spring-boot-1.5.9.RELEASE.jar:1.5.9.RELEASE]
	at org.springframework.boot.context.embedded.tomcat.TomcatEmbeddedServletContainer.start(TomcatEmbeddedServletContainer.java:193) ~[spring-boot-1.5.9.RELEASE.jar:1.5.9.RELEASE]
	at org.springframework.boot.context.embedded.EmbeddedWebApplicationContext.startEmbeddedServletContainer(EmbeddedWebApplicationContext.java:297) ~[spring-boot-1.5.9.RELEASE.jar:1.5.9.RELEASE]
	at org.springframework.boot.context.embedded.EmbeddedWebApplicationContext.finishRefresh(EmbeddedWebApplicationContext.java:145) ~[spring-boot-1.5.9.RELEASE.jar:1.5.9.RELEASE]
	at org.springframework.context.support.AbstractApplicationContext.refresh(AbstractApplicationContext.java:546) ~[spring-context-4.3.13.RELEASE.jar:4.3.13.RELEASE]
	at org.springframework.boot.context.embedded.EmbeddedWebApplicationContext.refresh(EmbeddedWebApplicationContext.java:122) ~[spring-boot-1.5.9.RELEASE.jar:1.5.9.RELEASE]
	at org.springframework.boot.SpringApplication.refresh(SpringApplication.java:693) ~[spring-boot-1.5.9.RELEASE.jar:1.5.9.RELEASE]
	at org.springframework.boot.SpringApplication.refreshContext(SpringApplication.java:360) ~[spring-boot-1.5.9.RELEASE.jar:1.5.9.RELEASE]
	at org.springframework.boot.SpringApplication.run(SpringApplication.java:303) ~[spring-boot-1.5.9.RELEASE.jar:1.5.9.RELEASE]
	at org.springframework.boot.SpringApplication.run(SpringApplication.java:1118) ~[spring-boot-1.5.9.RELEASE.jar:1.5.9.RELEASE]
	at org.springframework.boot.SpringApplication.run(SpringApplication.java:1107) ~[spring-boot-1.5.9.RELEASE.jar:1.5.9.RELEASE]
	at com.huatu.paike.api_test.WebApplication.main(WebApplication.java:61) ~[classes/:?]
	at sun.reflect.NativeMethodAccessorImpl.invoke0(Native Method) ~[?:1.8.0_171]
	at sun.reflect.NativeMethodAccessorImpl.invoke(NativeMethodAccessorImpl.java:62) ~[?:1.8.0_171]
	at sun.reflect.DelegatingMethodAccessorImpl.invoke(DelegatingMethodAccessorImpl.java:43) ~[?:1.8.0_171]
	at java.lang.reflect.Method.invoke(Method.java:498) ~[?:1.8.0_171]
	at org.springframework.boot.devtools.restart.RestartLauncher.run(RestartLauncher.java:49) ~[spring-boot-devtools-1.5.9.RELEASE.jar:1.5.9.RELEASE]
2018-11-05 17:33:13.639		ERROR	restartedMain	StandardService:181 - Failed to start connector [Connector[HTTP/1.1-8082]]
org.apache.catalina.LifecycleException: Failed to start component [Connector[HTTP/1.1-8082]]
	at org.apache.catalina.util.LifecycleBase.start(LifecycleBase.java:167) ~[tomcat-embed-core-8.5.23.jar:8.5.23]
	at org.apache.catalina.core.StandardService.addConnector(StandardService.java:225) ~[tomcat-embed-core-8.5.23.jar:8.5.23]
	at org.springframework.boot.context.embedded.tomcat.TomcatEmbeddedServletContainer.addPreviouslyRemovedConnectors(TomcatEmbeddedServletContainer.java:250) ~[spring-boot-1.5.9.RELEASE.jar:1.5.9.RELEASE]
	at org.springframework.boot.context.embedded.tomcat.TomcatEmbeddedServletContainer.start(TomcatEmbeddedServletContainer.java:193) ~[spring-boot-1.5.9.RELEASE.jar:1.5.9.RELEASE]
	at org.springframework.boot.context.embedded.EmbeddedWebApplicationContext.startEmbeddedServletContainer(EmbeddedWebApplicationContext.java:297) ~[spring-boot-1.5.9.RELEASE.jar:1.5.9.RELEASE]
	at org.springframework.boot.context.embedded.EmbeddedWebApplicationContext.finishRefresh(EmbeddedWebApplicationContext.java:145) ~[spring-boot-1.5.9.RELEASE.jar:1.5.9.RELEASE]
	at org.springframework.context.support.AbstractApplicationContext.refresh(AbstractApplicationContext.java:546) ~[spring-context-4.3.13.RELEASE.jar:4.3.13.RELEASE]
	at org.springframework.boot.context.embedded.EmbeddedWebApplicationContext.refresh(EmbeddedWebApplicationContext.java:122) ~[spring-boot-1.5.9.RELEASE.jar:1.5.9.RELEASE]
	at org.springframework.boot.SpringApplication.refresh(SpringApplication.java:693) ~[spring-boot-1.5.9.RELEASE.jar:1.5.9.RELEASE]
	at org.springframework.boot.SpringApplication.refreshContext(SpringApplication.java:360) ~[spring-boot-1.5.9.RELEASE.jar:1.5.9.RELEASE]
	at org.springframework.boot.SpringApplication.run(SpringApplication.java:303) ~[spring-boot-1.5.9.RELEASE.jar:1.5.9.RELEASE]
	at org.springframework.boot.SpringApplication.run(SpringApplication.java:1118) ~[spring-boot-1.5.9.RELEASE.jar:1.5.9.RELEASE]
	at org.springframework.boot.SpringApplication.run(SpringApplication.java:1107) ~[spring-boot-1.5.9.RELEASE.jar:1.5.9.RELEASE]
	at com.huatu.paike.api_test.WebApplication.main(WebApplication.java:61) ~[classes/:?]
	at sun.reflect.NativeMethodAccessorImpl.invoke0(Native Method) ~[?:1.8.0_171]
	at sun.reflect.NativeMethodAccessorImpl.invoke(NativeMethodAccessorImpl.java:62) ~[?:1.8.0_171]
	at sun.reflect.DelegatingMethodAccessorImpl.invoke(DelegatingMethodAccessorImpl.java:43) ~[?:1.8.0_171]
	at java.lang.reflect.Method.invoke(Method.java:498) ~[?:1.8.0_171]
	at org.springframework.boot.devtools.restart.RestartLauncher.run(RestartLauncher.java:49) ~[spring-boot-devtools-1.5.9.RELEASE.jar:1.5.9.RELEASE]
Caused by: org.apache.catalina.LifecycleException: service.getName(): "Tomcat";  Protocol handler start failed
	at org.apache.catalina.connector.Connector.startInternal(Connector.java:1031) ~[tomcat-embed-core-8.5.23.jar:8.5.23]
	at org.apache.catalina.util.LifecycleBase.start(LifecycleBase.java:150) ~[tomcat-embed-core-8.5.23.jar:8.5.23]
	... 18 more
Caused by: java.net.BindException: Address already in use
	at sun.nio.ch.Net.bind0(Native Method) ~[?:1.8.0_171]
	at sun.nio.ch.Net.bind(Net.java:433) ~[?:1.8.0_171]
	at sun.nio.ch.Net.bind(Net.java:425) ~[?:1.8.0_171]
	at sun.nio.ch.ServerSocketChannelImpl.bind(ServerSocketChannelImpl.java:223) ~[?:1.8.0_171]
	at sun.nio.ch.ServerSocketAdaptor.bind(ServerSocketAdaptor.java:74) ~[?:1.8.0_171]
	at org.apache.tomcat.util.net.NioEndpoint.bind(NioEndpoint.java:210) ~[tomcat-embed-core-8.5.23.jar:8.5.23]
	at org.apache.tomcat.util.net.AbstractEndpoint.start(AbstractEndpoint.java:990) ~[tomcat-embed-core-8.5.23.jar:8.5.23]
	at org.apache.coyote.AbstractProtocol.start(AbstractProtocol.java:635) ~[tomcat-embed-core-8.5.23.jar:8.5.23]
	at org.apache.catalina.connector.Connector.startInternal(Connector.java:1022) ~[tomcat-embed-core-8.5.23.jar:8.5.23]
	at org.apache.catalina.util.LifecycleBase.start(LifecycleBase.java:150) ~[tomcat-embed-core-8.5.23.jar:8.5.23]
	... 18 more
2018-11-05 17:33:13.747		ERROR	restartedMain	LoggingFailureAnalysisReporter:42 - 

***************************
APPLICATION FAILED TO START
***************************

Description:

The Tomcat connector configured to listen on port 8082 failed to start. The port may already be in use or the connector may be misconfigured.

Action:

Verify the connector's configuration, identify and stop any process that's listening on port 8082, or configure this application to listen on another port.

2018-11-05 17:34:14.567		ERROR	restartedMain	SpringApplication:771 - Application startup failed
java.lang.IllegalStateException: Failed to execute CommandLineRunner
	at org.springframework.boot.SpringApplication.callRunner(SpringApplication.java:735) ~[spring-boot-1.5.9.RELEASE.jar:1.5.9.RELEASE]
	at org.springframework.boot.SpringApplication.callRunners(SpringApplication.java:716) ~[spring-boot-1.5.9.RELEASE.jar:1.5.9.RELEASE]
	at org.springframework.boot.SpringApplication.afterRefresh(SpringApplication.java:703) ~[spring-boot-1.5.9.RELEASE.jar:1.5.9.RELEASE]
	at org.springframework.boot.SpringApplication.run(SpringApplication.java:304) ~[spring-boot-1.5.9.RELEASE.jar:1.5.9.RELEASE]
	at org.springframework.boot.SpringApplication.run(SpringApplication.java:1118) ~[spring-boot-1.5.9.RELEASE.jar:1.5.9.RELEASE]
	at org.springframework.boot.SpringApplication.run(SpringApplication.java:1107) ~[spring-boot-1.5.9.RELEASE.jar:1.5.9.RELEASE]
	at com.huatu.paike.api_test.WebApplication.main(WebApplication.java:61) ~[classes/:?]
	at sun.reflect.NativeMethodAccessorImpl.invoke0(Native Method) ~[?:1.8.0_171]
	at sun.reflect.NativeMethodAccessorImpl.invoke(NativeMethodAccessorImpl.java:62) ~[?:1.8.0_171]
	at sun.reflect.DelegatingMethodAccessorImpl.invoke(DelegatingMethodAccessorImpl.java:43) ~[?:1.8.0_171]
	at java.lang.reflect.Method.invoke(Method.java:498) ~[?:1.8.0_171]
	at org.springframework.boot.devtools.restart.RestartLauncher.run(RestartLauncher.java:49) ~[spring-boot-devtools-1.5.9.RELEASE.jar:1.5.9.RELEASE]
Caused by: java.lang.NullPointerException
	at com.huatu.paike.service.impl.ClassServiceImpl.queryExamTypeByCsstId(ClassServiceImpl.java:362) ~[?:?]
	at com.alibaba.dubbo.common.bytecode.Wrapper11.invokeMethod(Wrapper11.java) ~[?:?]
	at com.alibaba.dubbo.rpc.proxy.javassist.JavassistProxyFactory$1.doInvoke(JavassistProxyFactory.java:47) ~[dubbo-2.6.2.jar:2.6.2]
	at com.alibaba.dubbo.rpc.proxy.AbstractProxyInvoker.invoke(AbstractProxyInvoker.java:76) ~[dubbo-2.6.2.jar:2.6.2]
	at com.alibaba.dubbo.config.invoker.DelegateProviderMetaDataInvoker.invoke(DelegateProviderMetaDataInvoker.java:52) ~[dubbo-2.6.2.jar:2.6.2]
	at com.alibaba.dubbo.rpc.protocol.InvokerWrapper.invoke(InvokerWrapper.java:56) ~[dubbo-2.6.2.jar:2.6.2]
	at com.alibaba.dubbo.rpc.filter.ExceptionFilter.invoke(ExceptionFilter.java:62) ~[dubbo-2.6.2.jar:2.6.2]
	at com.alibaba.dubbo.rpc.protocol.ProtocolFilterWrapper$1.invoke(ProtocolFilterWrapper.java:72) ~[dubbo-2.6.2.jar:2.6.2]
	at com.alibaba.dubbo.monitor.support.MonitorFilter.invoke(MonitorFilter.java:75) ~[dubbo-2.6.2.jar:2.6.2]
	at com.alibaba.dubbo.rpc.protocol.ProtocolFilterWrapper$1.invoke(ProtocolFilterWrapper.java:72) ~[dubbo-2.6.2.jar:2.6.2]
	at com.alibaba.dubbo.rpc.filter.TimeoutFilter.invoke(TimeoutFilter.java:42) ~[dubbo-2.6.2.jar:2.6.2]
	at com.alibaba.dubbo.rpc.protocol.ProtocolFilterWrapper$1.invoke(ProtocolFilterWrapper.java:72) ~[dubbo-2.6.2.jar:2.6.2]
	at com.alibaba.dubbo.rpc.protocol.dubbo.filter.TraceFilter.invoke(TraceFilter.java:78) ~[dubbo-2.6.2.jar:2.6.2]
	at com.alibaba.dubbo.rpc.protocol.ProtocolFilterWrapper$1.invoke(ProtocolFilterWrapper.java:72) ~[dubbo-2.6.2.jar:2.6.2]
	at com.alibaba.dubbo.rpc.filter.ContextFilter.invoke(ContextFilter.java:72) ~[dubbo-2.6.2.jar:2.6.2]
	at com.alibaba.dubbo.rpc.protocol.ProtocolFilterWrapper$1.invoke(ProtocolFilterWrapper.java:72) ~[dubbo-2.6.2.jar:2.6.2]
	at com.alibaba.dubbo.rpc.filter.GenericFilter.invoke(GenericFilter.java:131) ~[dubbo-2.6.2.jar:2.6.2]
	at com.alibaba.dubbo.rpc.protocol.ProtocolFilterWrapper$1.invoke(ProtocolFilterWrapper.java:72) ~[dubbo-2.6.2.jar:2.6.2]
	at com.alibaba.dubbo.rpc.filter.ClassLoaderFilter.invoke(ClassLoaderFilter.java:38) ~[dubbo-2.6.2.jar:2.6.2]
	at com.alibaba.dubbo.rpc.protocol.ProtocolFilterWrapper$1.invoke(ProtocolFilterWrapper.java:72) ~[dubbo-2.6.2.jar:2.6.2]
	at com.alibaba.dubbo.rpc.filter.EchoFilter.invoke(EchoFilter.java:38) ~[dubbo-2.6.2.jar:2.6.2]
	at com.alibaba.dubbo.rpc.protocol.ProtocolFilterWrapper$1.invoke(ProtocolFilterWrapper.java:72) ~[dubbo-2.6.2.jar:2.6.2]
	at com.alibaba.dubbo.rpc.protocol.dubbo.DubboProtocol$1.reply(DubboProtocol.java:103) ~[dubbo-2.6.2.jar:2.6.2]
	at com.alibaba.dubbo.remoting.exchange.support.header.HeaderExchangeHandler.handleRequest(HeaderExchangeHandler.java:96) ~[dubbo-2.6.2.jar:2.6.2]
	at com.alibaba.dubbo.remoting.exchange.support.header.HeaderExchangeHandler.received(HeaderExchangeHandler.java:172) ~[dubbo-2.6.2.jar:2.6.2]
	at com.alibaba.dubbo.remoting.transport.DecodeHandler.received(DecodeHandler.java:51) ~[dubbo-2.6.2.jar:2.6.2]
	at com.alibaba.dubbo.remoting.transport.dispatcher.ChannelEventRunnable.run(ChannelEventRunnable.java:80) ~[dubbo-2.6.2.jar:2.6.2]
	at java.util.concurrent.ThreadPoolExecutor.runWorker(ThreadPoolExecutor.java:1149) [?:1.8.0_171]
	at java.util.concurrent.ThreadPoolExecutor$Worker.run(ThreadPoolExecutor.java:624) [?:1.8.0_171]
	at java.lang.Thread.run(Thread.java:748) [?:1.8.0_171]
2018-11-05 17:41:32.813		 WARN	restartedMain	AnnotationConfigEmbeddedWebApplicationContext:551 - Exception encountered during context initialization - cancelling refresh attempt: org.springframework.beans.factory.UnsatisfiedDependencyException: Error creating bean with name 'webApplication': Unsatisfied dependency expressed through field 'classService'; nested exception is org.springframework.beans.factory.BeanCreationException: Error creating bean with name 'classService': FactoryBean threw exception on object creation; nested exception is com.alibaba.dubbo.rpc.RpcException: Fail to create remoting client for service(dubbo://127.0.0.1:20880/com.huatu.paike.service.ClassService?application=paike-backend_dev&codec=dubbo&default.timeout=5000&dubbo=2.6.2&heartbeat=60000&interface=com.huatu.paike.service.ClassService&methods=queryGoodsByCsstId,queryExamTypeByCsstId,queryFeedbackByIds,queryFeedbacksByClassId,queryTeacherClassByCsstIds,queryTeacherClass,queryRelatedClass,queryGoodsByFeedbackId&pid=37395&register.ip=10.2.46.156&side=consumer&timestamp=1541410892770): client(url: dubbo://127.0.0.1:20880/com.huatu.paike.service.ClassService?application=paike-backend_dev&codec=dubbo&default.timeout=5000&dubbo=2.6.2&heartbeat=60000&interface=com.huatu.paike.service.ClassService&methods=queryGoodsByCsstId,queryExamTypeByCsstId,queryFeedbackByIds,queryFeedbacksByClassId,queryTeacherClassByCsstIds,queryTeacherClass,queryRelatedClass,queryGoodsByFeedbackId&pid=37395&register.ip=10.2.46.156&side=consumer&timestamp=1541410892770) failed to connect to server /127.0.0.1:20880, error message is:Connection refused
2018-11-05 17:41:32.833		ERROR	restartedMain	SpringApplication:771 - Application startup failed
org.springframework.beans.factory.UnsatisfiedDependencyException: Error creating bean with name 'webApplication': Unsatisfied dependency expressed through field 'classService'; nested exception is org.springframework.beans.factory.BeanCreationException: Error creating bean with name 'classService': FactoryBean threw exception on object creation; nested exception is com.alibaba.dubbo.rpc.RpcException: Fail to create remoting client for service(dubbo://127.0.0.1:20880/com.huatu.paike.service.ClassService?application=paike-backend_dev&codec=dubbo&default.timeout=5000&dubbo=2.6.2&heartbeat=60000&interface=com.huatu.paike.service.ClassService&methods=queryGoodsByCsstId,queryExamTypeByCsstId,queryFeedbackByIds,queryFeedbacksByClassId,queryTeacherClassByCsstIds,queryTeacherClass,queryRelatedClass,queryGoodsByFeedbackId&pid=37395&register.ip=10.2.46.156&side=consumer&timestamp=1541410892770): client(url: dubbo://127.0.0.1:20880/com.huatu.paike.service.ClassService?application=paike-backend_dev&codec=dubbo&default.timeout=5000&dubbo=2.6.2&heartbeat=60000&interface=com.huatu.paike.service.ClassService&methods=queryGoodsByCsstId,queryExamTypeByCsstId,queryFeedbackByIds,queryFeedbacksByClassId,queryTeacherClassByCsstIds,queryTeacherClass,queryRelatedClass,queryGoodsByFeedbackId&pid=37395&register.ip=10.2.46.156&side=consumer&timestamp=1541410892770) failed to connect to server /127.0.0.1:20880, error message is:Connection refused
	at org.springframework.beans.factory.annotation.AutowiredAnnotationBeanPostProcessor$AutowiredFieldElement.inject(AutowiredAnnotationBeanPostProcessor.java:588) ~[spring-beans-4.3.13.RELEASE.jar:4.3.13.RELEASE]
	at org.springframework.beans.factory.annotation.InjectionMetadata.inject(InjectionMetadata.java:88) ~[spring-beans-4.3.13.RELEASE.jar:4.3.13.RELEASE]
	at org.springframework.beans.factory.annotation.AutowiredAnnotationBeanPostProcessor.postProcessPropertyValues(AutowiredAnnotationBeanPostProcessor.java:366) ~[spring-beans-4.3.13.RELEASE.jar:4.3.13.RELEASE]
	at org.springframework.beans.factory.support.AbstractAutowireCapableBeanFactory.populateBean(AbstractAutowireCapableBeanFactory.java:1264) ~[spring-beans-4.3.13.RELEASE.jar:4.3.13.RELEASE]
	at org.springframework.beans.factory.support.AbstractAutowireCapableBeanFactory.doCreateBean(AbstractAutowireCapableBeanFactory.java:553) ~[spring-beans-4.3.13.RELEASE.jar:4.3.13.RELEASE]
	at org.springframework.beans.factory.support.AbstractAutowireCapableBeanFactory.createBean(AbstractAutowireCapableBeanFactory.java:483) ~[spring-beans-4.3.13.RELEASE.jar:4.3.13.RELEASE]
	at org.springframework.beans.factory.support.AbstractBeanFactory$1.getObject(AbstractBeanFactory.java:306) ~[spring-beans-4.3.13.RELEASE.jar:4.3.13.RELEASE]
	at org.springframework.beans.factory.support.DefaultSingletonBeanRegistry.getSingleton(DefaultSingletonBeanRegistry.java:230) ~[spring-beans-4.3.13.RELEASE.jar:4.3.13.RELEASE]
	at org.springframework.beans.factory.support.AbstractBeanFactory.doGetBean(AbstractBeanFactory.java:302) ~[spring-beans-4.3.13.RELEASE.jar:4.3.13.RELEASE]
	at org.springframework.beans.factory.support.AbstractBeanFactory.getBean(AbstractBeanFactory.java:197) ~[spring-beans-4.3.13.RELEASE.jar:4.3.13.RELEASE]
	at org.springframework.beans.factory.support.DefaultListableBeanFactory.preInstantiateSingletons(DefaultListableBeanFactory.java:761) ~[spring-beans-4.3.13.RELEASE.jar:4.3.13.RELEASE]
	at org.springframework.context.support.AbstractApplicationContext.finishBeanFactoryInitialization(AbstractApplicationContext.java:867) ~[spring-context-4.3.13.RELEASE.jar:4.3.13.RELEASE]
	at org.springframework.context.support.AbstractApplicationContext.refresh(AbstractApplicationContext.java:543) ~[spring-context-4.3.13.RELEASE.jar:4.3.13.RELEASE]
	at org.springframework.boot.context.embedded.EmbeddedWebApplicationContext.refresh(EmbeddedWebApplicationContext.java:122) ~[spring-boot-1.5.9.RELEASE.jar:1.5.9.RELEASE]
	at org.springframework.boot.SpringApplication.refresh(SpringApplication.java:693) ~[spring-boot-1.5.9.RELEASE.jar:1.5.9.RELEASE]
	at org.springframework.boot.SpringApplication.refreshContext(SpringApplication.java:360) ~[spring-boot-1.5.9.RELEASE.jar:1.5.9.RELEASE]
	at org.springframework.boot.SpringApplication.run(SpringApplication.java:303) ~[spring-boot-1.5.9.RELEASE.jar:1.5.9.RELEASE]
	at org.springframework.boot.SpringApplication.run(SpringApplication.java:1118) ~[spring-boot-1.5.9.RELEASE.jar:1.5.9.RELEASE]
	at org.springframework.boot.SpringApplication.run(SpringApplication.java:1107) ~[spring-boot-1.5.9.RELEASE.jar:1.5.9.RELEASE]
	at com.huatu.paike.api_test.WebApplication.main(WebApplication.java:61) ~[classes/:?]
	at sun.reflect.NativeMethodAccessorImpl.invoke0(Native Method) ~[?:1.8.0_171]
	at sun.reflect.NativeMethodAccessorImpl.invoke(NativeMethodAccessorImpl.java:62) ~[?:1.8.0_171]
	at sun.reflect.DelegatingMethodAccessorImpl.invoke(DelegatingMethodAccessorImpl.java:43) ~[?:1.8.0_171]
	at java.lang.reflect.Method.invoke(Method.java:498) ~[?:1.8.0_171]
	at org.springframework.boot.devtools.restart.RestartLauncher.run(RestartLauncher.java:49) ~[spring-boot-devtools-1.5.9.RELEASE.jar:1.5.9.RELEASE]
Caused by: org.springframework.beans.factory.BeanCreationException: Error creating bean with name 'classService': FactoryBean threw exception on object creation; nested exception is com.alibaba.dubbo.rpc.RpcException: Fail to create remoting client for service(dubbo://127.0.0.1:20880/com.huatu.paike.service.ClassService?application=paike-backend_dev&codec=dubbo&default.timeout=5000&dubbo=2.6.2&heartbeat=60000&interface=com.huatu.paike.service.ClassService&methods=queryGoodsByCsstId,queryExamTypeByCsstId,queryFeedbackByIds,queryFeedbacksByClassId,queryTeacherClassByCsstIds,queryTeacherClass,queryRelatedClass,queryGoodsByFeedbackId&pid=37395&register.ip=10.2.46.156&side=consumer&timestamp=1541410892770): client(url: dubbo://127.0.0.1:20880/com.huatu.paike.service.ClassService?application=paike-backend_dev&codec=dubbo&default.timeout=5000&dubbo=2.6.2&heartbeat=60000&interface=com.huatu.paike.service.ClassService&methods=queryGoodsByCsstId,queryExamTypeByCsstId,queryFeedbackByIds,queryFeedbacksByClassId,queryTeacherClassByCsstIds,queryTeacherClass,queryRelatedClass,queryGoodsByFeedbackId&pid=37395&register.ip=10.2.46.156&side=consumer&timestamp=1541410892770) failed to connect to server /127.0.0.1:20880, error message is:Connection refused
	at org.springframework.beans.factory.support.FactoryBeanRegistrySupport.doGetObjectFromFactoryBean(FactoryBeanRegistrySupport.java:175) ~[spring-beans-4.3.13.RELEASE.jar:4.3.13.RELEASE]
	at org.springframework.beans.factory.support.FactoryBeanRegistrySupport.getObjectFromFactoryBean(FactoryBeanRegistrySupport.java:103) ~[spring-beans-4.3.13.RELEASE.jar:4.3.13.RELEASE]
	at org.springframework.beans.factory.support.AbstractBeanFactory.getObjectForBeanInstance(AbstractBeanFactory.java:1634) ~[spring-beans-4.3.13.RELEASE.jar:4.3.13.RELEASE]
	at org.springframework.beans.factory.support.AbstractBeanFactory.doGetBean(AbstractBeanFactory.java:254) ~[spring-beans-4.3.13.RELEASE.jar:4.3.13.RELEASE]
	at org.springframework.beans.factory.support.AbstractBeanFactory.getBean(AbstractBeanFactory.java:202) ~[spring-beans-4.3.13.RELEASE.jar:4.3.13.RELEASE]
	at org.springframework.beans.factory.config.DependencyDescriptor.resolveCandidate(DependencyDescriptor.java:208) ~[spring-beans-4.3.13.RELEASE.jar:4.3.13.RELEASE]
	at org.springframework.beans.factory.support.DefaultListableBeanFactory.addCandidateEntry(DefaultListableBeanFactory.java:1316) ~[spring-beans-4.3.13.RELEASE.jar:4.3.13.RELEASE]
	at org.springframework.beans.factory.support.DefaultListableBeanFactory.findAutowireCandidates(DefaultListableBeanFactory.java:1282) ~[spring-beans-4.3.13.RELEASE.jar:4.3.13.RELEASE]
	at org.springframework.beans.factory.support.DefaultListableBeanFactory.doResolveDependency(DefaultListableBeanFactory.java:1101) ~[spring-beans-4.3.13.RELEASE.jar:4.3.13.RELEASE]
	at org.springframework.beans.factory.support.DefaultListableBeanFactory.resolveDependency(DefaultListableBeanFactory.java:1066) ~[spring-beans-4.3.13.RELEASE.jar:4.3.13.RELEASE]
	at org.springframework.beans.factory.annotation.AutowiredAnnotationBeanPostProcessor$AutowiredFieldElement.inject(AutowiredAnnotationBeanPostProcessor.java:585) ~[spring-beans-4.3.13.RELEASE.jar:4.3.13.RELEASE]
	... 24 more
Caused by: com.alibaba.dubbo.rpc.RpcException: Fail to create remoting client for service(dubbo://127.0.0.1:20880/com.huatu.paike.service.ClassService?application=paike-backend_dev&codec=dubbo&default.timeout=5000&dubbo=2.6.2&heartbeat=60000&interface=com.huatu.paike.service.ClassService&methods=queryGoodsByCsstId,queryExamTypeByCsstId,queryFeedbackByIds,queryFeedbacksByClassId,queryTeacherClassByCsstIds,queryTeacherClass,queryRelatedClass,queryGoodsByFeedbackId&pid=37395&register.ip=10.2.46.156&side=consumer&timestamp=1541410892770): client(url: dubbo://127.0.0.1:20880/com.huatu.paike.service.ClassService?application=paike-backend_dev&codec=dubbo&default.timeout=5000&dubbo=2.6.2&heartbeat=60000&interface=com.huatu.paike.service.ClassService&methods=queryGoodsByCsstId,queryExamTypeByCsstId,queryFeedbackByIds,queryFeedbacksByClassId,queryTeacherClassByCsstIds,queryTeacherClass,queryRelatedClass,queryGoodsByFeedbackId&pid=37395&register.ip=10.2.46.156&side=consumer&timestamp=1541410892770) failed to connect to server /127.0.0.1:20880, error message is:Connection refused
	at com.alibaba.dubbo.rpc.protocol.dubbo.DubboProtocol.initClient(DubboProtocol.java:412) ~[dubbo-2.6.2.jar:2.6.2]
	at com.alibaba.dubbo.rpc.protocol.dubbo.DubboProtocol.getSharedClient(DubboProtocol.java:377) ~[dubbo-2.6.2.jar:2.6.2]
	at com.alibaba.dubbo.rpc.protocol.dubbo.DubboProtocol.getClients(DubboProtocol.java:354) ~[dubbo-2.6.2.jar:2.6.2]
	at com.alibaba.dubbo.rpc.protocol.dubbo.DubboProtocol.refer(DubboProtocol.java:336) ~[dubbo-2.6.2.jar:2.6.2]
	at com.alibaba.dubbo.rpc.protocol.ProtocolListenerWrapper.refer(ProtocolListenerWrapper.java:67) ~[dubbo-2.6.2.jar:2.6.2]
	at com.alibaba.dubbo.rpc.protocol.ProtocolFilterWrapper.refer(ProtocolFilterWrapper.java:108) ~[dubbo-2.6.2.jar:2.6.2]
	at com.alibaba.dubbo.qos.protocol.QosProtocolWrapper.refer(QosProtocolWrapper.java:65) ~[dubbo-2.6.2.jar:2.6.2]
	at com.alibaba.dubbo.rpc.Protocol$Adaptive.refer(Protocol$Adaptive.java) ~[dubbo-2.6.2.jar:2.6.2]
	at com.alibaba.dubbo.config.ReferenceConfig.createProxy(ReferenceConfig.java:394) ~[dubbo-2.6.2.jar:2.6.2]
	at com.alibaba.dubbo.config.ReferenceConfig.init(ReferenceConfig.java:333) ~[dubbo-2.6.2.jar:2.6.2]
	at com.alibaba.dubbo.config.ReferenceConfig.get(ReferenceConfig.java:163) ~[dubbo-2.6.2.jar:2.6.2]
	at com.alibaba.dubbo.config.spring.ReferenceBean.getObject(ReferenceBean.java:66) ~[dubbo-2.6.2.jar:2.6.2]
	at org.springframework.beans.factory.support.FactoryBeanRegistrySupport.doGetObjectFromFactoryBean(FactoryBeanRegistrySupport.java:168) ~[spring-beans-4.3.13.RELEASE.jar:4.3.13.RELEASE]
	at org.springframework.beans.factory.support.FactoryBeanRegistrySupport.getObjectFromFactoryBean(FactoryBeanRegistrySupport.java:103) ~[spring-beans-4.3.13.RELEASE.jar:4.3.13.RELEASE]
	at org.springframework.beans.factory.support.AbstractBeanFactory.getObjectForBeanInstance(AbstractBeanFactory.java:1634) ~[spring-beans-4.3.13.RELEASE.jar:4.3.13.RELEASE]
	at org.springframework.beans.factory.support.AbstractBeanFactory.doGetBean(AbstractBeanFactory.java:254) ~[spring-beans-4.3.13.RELEASE.jar:4.3.13.RELEASE]
	at org.springframework.beans.factory.support.AbstractBeanFactory.getBean(AbstractBeanFactory.java:202) ~[spring-beans-4.3.13.RELEASE.jar:4.3.13.RELEASE]
	at org.springframework.beans.factory.config.DependencyDescriptor.resolveCandidate(DependencyDescriptor.java:208) ~[spring-beans-4.3.13.RELEASE.jar:4.3.13.RELEASE]
	at org.springframework.beans.factory.support.DefaultListableBeanFactory.addCandidateEntry(DefaultListableBeanFactory.java:1316) ~[spring-beans-4.3.13.RELEASE.jar:4.3.13.RELEASE]
	at org.springframework.beans.factory.support.DefaultListableBeanFactory.findAutowireCandidates(DefaultListableBeanFactory.java:1282) ~[spring-beans-4.3.13.RELEASE.jar:4.3.13.RELEASE]
	at org.springframework.beans.factory.support.DefaultListableBeanFactory.doResolveDependency(DefaultListableBeanFactory.java:1101) ~[spring-beans-4.3.13.RELEASE.jar:4.3.13.RELEASE]
	at org.springframework.beans.factory.support.DefaultListableBeanFactory.resolveDependency(DefaultListableBeanFactory.java:1066) ~[spring-beans-4.3.13.RELEASE.jar:4.3.13.RELEASE]
	at org.springframework.beans.factory.annotation.AutowiredAnnotationBeanPostProcessor$AutowiredFieldElement.inject(AutowiredAnnotationBeanPostProcessor.java:585) ~[spring-beans-4.3.13.RELEASE.jar:4.3.13.RELEASE]
	... 24 more
Caused by: com.alibaba.dubbo.remoting.RemotingException: client(url: dubbo://127.0.0.1:20880/com.huatu.paike.service.ClassService?application=paike-backend_dev&codec=dubbo&default.timeout=5000&dubbo=2.6.2&heartbeat=60000&interface=com.huatu.paike.service.ClassService&methods=queryGoodsByCsstId,queryExamTypeByCsstId,queryFeedbackByIds,queryFeedbacksByClassId,queryTeacherClassByCsstIds,queryTeacherClass,queryRelatedClass,queryGoodsByFeedbackId&pid=37395&register.ip=10.2.46.156&side=consumer&timestamp=1541410892770) failed to connect to server /127.0.0.1:20880, error message is:Connection refused
	at com.alibaba.dubbo.remoting.transport.netty.NettyClient.doConnect(NettyClient.java:124) ~[dubbo-2.6.2.jar:2.6.2]
	at com.alibaba.dubbo.remoting.transport.AbstractClient.connect(AbstractClient.java:275) ~[dubbo-2.6.2.jar:2.6.2]
	at com.alibaba.dubbo.remoting.transport.AbstractClient.<init>(AbstractClient.java:89) ~[dubbo-2.6.2.jar:2.6.2]
	at com.alibaba.dubbo.remoting.transport.netty.NettyClient.<init>(NettyClient.java:59) ~[dubbo-2.6.2.jar:2.6.2]
	at com.alibaba.dubbo.remoting.transport.netty.NettyTransporter.connect(NettyTransporter.java:37) ~[dubbo-2.6.2.jar:2.6.2]
	at com.alibaba.dubbo.remoting.Transporter$Adaptive.connect(Transporter$Adaptive.java) ~[dubbo-2.6.2.jar:2.6.2]
	at com.alibaba.dubbo.remoting.Transporters.connect(Transporters.java:75) ~[dubbo-2.6.2.jar:2.6.2]
	at com.alibaba.dubbo.remoting.exchange.support.header.HeaderExchanger.connect(HeaderExchanger.java:39) ~[dubbo-2.6.2.jar:2.6.2]
	at com.alibaba.dubbo.remoting.exchange.Exchangers.connect(Exchangers.java:109) ~[dubbo-2.6.2.jar:2.6.2]
	at com.alibaba.dubbo.rpc.protocol.dubbo.DubboProtocol.initClient(DubboProtocol.java:409) ~[dubbo-2.6.2.jar:2.6.2]
	at com.alibaba.dubbo.rpc.protocol.dubbo.DubboProtocol.getSharedClient(DubboProtocol.java:377) ~[dubbo-2.6.2.jar:2.6.2]
	at com.alibaba.dubbo.rpc.protocol.dubbo.DubboProtocol.getClients(DubboProtocol.java:354) ~[dubbo-2.6.2.jar:2.6.2]
	at com.alibaba.dubbo.rpc.protocol.dubbo.DubboProtocol.refer(DubboProtocol.java:336) ~[dubbo-2.6.2.jar:2.6.2]
	at com.alibaba.dubbo.rpc.protocol.ProtocolListenerWrapper.refer(ProtocolListenerWrapper.java:67) ~[dubbo-2.6.2.jar:2.6.2]
	at com.alibaba.dubbo.rpc.protocol.ProtocolFilterWrapper.refer(ProtocolFilterWrapper.java:108) ~[dubbo-2.6.2.jar:2.6.2]
	at com.alibaba.dubbo.qos.protocol.QosProtocolWrapper.refer(QosProtocolWrapper.java:65) ~[dubbo-2.6.2.jar:2.6.2]
	at com.alibaba.dubbo.rpc.Protocol$Adaptive.refer(Protocol$Adaptive.java) ~[dubbo-2.6.2.jar:2.6.2]
	at com.alibaba.dubbo.config.ReferenceConfig.createProxy(ReferenceConfig.java:394) ~[dubbo-2.6.2.jar:2.6.2]
	at com.alibaba.dubbo.config.ReferenceConfig.init(ReferenceConfig.java:333) ~[dubbo-2.6.2.jar:2.6.2]
	at com.alibaba.dubbo.config.ReferenceConfig.get(ReferenceConfig.java:163) ~[dubbo-2.6.2.jar:2.6.2]
	at com.alibaba.dubbo.config.spring.ReferenceBean.getObject(ReferenceBean.java:66) ~[dubbo-2.6.2.jar:2.6.2]
	at org.springframework.beans.factory.support.FactoryBeanRegistrySupport.doGetObjectFromFactoryBean(FactoryBeanRegistrySupport.java:168) ~[spring-beans-4.3.13.RELEASE.jar:4.3.13.RELEASE]
	at org.springframework.beans.factory.support.FactoryBeanRegistrySupport.getObjectFromFactoryBean(FactoryBeanRegistrySupport.java:103) ~[spring-beans-4.3.13.RELEASE.jar:4.3.13.RELEASE]
	at org.springframework.beans.factory.support.AbstractBeanFactory.getObjectForBeanInstance(AbstractBeanFactory.java:1634) ~[spring-beans-4.3.13.RELEASE.jar:4.3.13.RELEASE]
	at org.springframework.beans.factory.support.AbstractBeanFactory.doGetBean(AbstractBeanFactory.java:254) ~[spring-beans-4.3.13.RELEASE.jar:4.3.13.RELEASE]
	at org.springframework.beans.factory.support.AbstractBeanFactory.getBean(AbstractBeanFactory.java:202) ~[spring-beans-4.3.13.RELEASE.jar:4.3.13.RELEASE]
	at org.springframework.beans.factory.config.DependencyDescriptor.resolveCandidate(DependencyDescriptor.java:208) ~[spring-beans-4.3.13.RELEASE.jar:4.3.13.RELEASE]
	at org.springframework.beans.factory.support.DefaultListableBeanFactory.addCandidateEntry(DefaultListableBeanFactory.java:1316) ~[spring-beans-4.3.13.RELEASE.jar:4.3.13.RELEASE]
	at org.springframework.beans.factory.support.DefaultListableBeanFactory.findAutowireCandidates(DefaultListableBeanFactory.java:1282) ~[spring-beans-4.3.13.RELEASE.jar:4.3.13.RELEASE]
	at org.springframework.beans.factory.support.DefaultListableBeanFactory.doResolveDependency(DefaultListableBeanFactory.java:1101) ~[spring-beans-4.3.13.RELEASE.jar:4.3.13.RELEASE]
	at org.springframework.beans.factory.support.DefaultListableBeanFactory.resolveDependency(DefaultListableBeanFactory.java:1066) ~[spring-beans-4.3.13.RELEASE.jar:4.3.13.RELEASE]
	at org.springframework.beans.factory.annotation.AutowiredAnnotationBeanPostProcessor$AutowiredFieldElement.inject(AutowiredAnnotationBeanPostProcessor.java:585) ~[spring-beans-4.3.13.RELEASE.jar:4.3.13.RELEASE]
	... 24 more
Caused by: java.net.ConnectException: Connection refused
	at sun.nio.ch.SocketChannelImpl.checkConnect(Native Method) ~[?:1.8.0_171]
	at sun.nio.ch.SocketChannelImpl.finishConnect(SocketChannelImpl.java:717) ~[?:1.8.0_171]
	at org.jboss.netty.channel.socket.nio.NioClientSocketPipelineSink$Boss.connect(NioClientSocketPipelineSink.java:384) ~[netty-3.2.5.Final.jar:?]
	at org.jboss.netty.channel.socket.nio.NioClientSocketPipelineSink$Boss.processSelectedKeys(NioClientSocketPipelineSink.java:354) ~[netty-3.2.5.Final.jar:?]
	at org.jboss.netty.channel.socket.nio.NioClientSocketPipelineSink$Boss.run(NioClientSocketPipelineSink.java:276) ~[netty-3.2.5.Final.jar:?]
	at java.util.concurrent.ThreadPoolExecutor.runWorker(ThreadPoolExecutor.java:1149) [?:1.8.0_171]
	at java.util.concurrent.ThreadPoolExecutor$Worker.run(ThreadPoolExecutor.java:624) [?:1.8.0_171]
	at java.lang.Thread.run(Thread.java:748) [?:1.8.0_171]
2018-11-05 17:45:00.415		 WARN	restartedMain	AnnotationConfigEmbeddedWebApplicationContext:551 - Exception encountered during context initialization - cancelling refresh attempt: org.springframework.beans.factory.UnsatisfiedDependencyException: Error creating bean with name 'webApplication': Unsatisfied dependency expressed through field 'classService'; nested exception is org.springframework.beans.factory.BeanCreationException: Error creating bean with name 'classService': FactoryBean threw exception on object creation; nested exception is com.alibaba.dubbo.rpc.RpcException: Fail to create remoting client for service(dubbo://10.2.46.156:20880/com.huatu.paike.service.ClassService?application=paike-backend_dev&codec=dubbo&default.timeout=5000&dubbo=2.6.2&heartbeat=60000&interface=com.huatu.paike.service.ClassService&methods=queryGoodsByCsstId,queryExamTypeByCsstId,queryFeedbackByIds,queryFeedbacksByClassId,queryTeacherClassByCsstIds,queryTeacherClass,queryRelatedClass,queryGoodsByFeedbackId&pid=37425&register.ip=10.2.46.156&side=consumer&timestamp=1541411100400): client(url: dubbo://10.2.46.156:20880/com.huatu.paike.service.ClassService?application=paike-backend_dev&codec=dubbo&default.timeout=5000&dubbo=2.6.2&heartbeat=60000&interface=com.huatu.paike.service.ClassService&methods=queryGoodsByCsstId,queryExamTypeByCsstId,queryFeedbackByIds,queryFeedbacksByClassId,queryTeacherClassByCsstIds,queryTeacherClass,queryRelatedClass,queryGoodsByFeedbackId&pid=37425&register.ip=10.2.46.156&side=consumer&timestamp=1541411100400) failed to connect to server /10.2.46.156:20880, error message is:Connection refused
2018-11-05 17:45:00.436		ERROR	restartedMain	SpringApplication:771 - Application startup failed
org.springframework.beans.factory.UnsatisfiedDependencyException: Error creating bean with name 'webApplication': Unsatisfied dependency expressed through field 'classService'; nested exception is org.springframework.beans.factory.BeanCreationException: Error creating bean with name 'classService': FactoryBean threw exception on object creation; nested exception is com.alibaba.dubbo.rpc.RpcException: Fail to create remoting client for service(dubbo://10.2.46.156:20880/com.huatu.paike.service.ClassService?application=paike-backend_dev&codec=dubbo&default.timeout=5000&dubbo=2.6.2&heartbeat=60000&interface=com.huatu.paike.service.ClassService&methods=queryGoodsByCsstId,queryExamTypeByCsstId,queryFeedbackByIds,queryFeedbacksByClassId,queryTeacherClassByCsstIds,queryTeacherClass,queryRelatedClass,queryGoodsByFeedbackId&pid=37425&register.ip=10.2.46.156&side=consumer&timestamp=1541411100400): client(url: dubbo://10.2.46.156:20880/com.huatu.paike.service.ClassService?application=paike-backend_dev&codec=dubbo&default.timeout=5000&dubbo=2.6.2&heartbeat=60000&interface=com.huatu.paike.service.ClassService&methods=queryGoodsByCsstId,queryExamTypeByCsstId,queryFeedbackByIds,queryFeedbacksByClassId,queryTeacherClassByCsstIds,queryTeacherClass,queryRelatedClass,queryGoodsByFeedbackId&pid=37425&register.ip=10.2.46.156&side=consumer&timestamp=1541411100400) failed to connect to server /10.2.46.156:20880, error message is:Connection refused
	at org.springframework.beans.factory.annotation.AutowiredAnnotationBeanPostProcessor$AutowiredFieldElement.inject(AutowiredAnnotationBeanPostProcessor.java:588) ~[spring-beans-4.3.13.RELEASE.jar:4.3.13.RELEASE]
	at org.springframework.beans.factory.annotation.InjectionMetadata.inject(InjectionMetadata.java:88) ~[spring-beans-4.3.13.RELEASE.jar:4.3.13.RELEASE]
	at org.springframework.beans.factory.annotation.AutowiredAnnotationBeanPostProcessor.postProcessPropertyValues(AutowiredAnnotationBeanPostProcessor.java:366) ~[spring-beans-4.3.13.RELEASE.jar:4.3.13.RELEASE]
	at org.springframework.beans.factory.support.AbstractAutowireCapableBeanFactory.populateBean(AbstractAutowireCapableBeanFactory.java:1264) ~[spring-beans-4.3.13.RELEASE.jar:4.3.13.RELEASE]
	at org.springframework.beans.factory.support.AbstractAutowireCapableBeanFactory.doCreateBean(AbstractAutowireCapableBeanFactory.java:553) ~[spring-beans-4.3.13.RELEASE.jar:4.3.13.RELEASE]
	at org.springframework.beans.factory.support.AbstractAutowireCapableBeanFactory.createBean(AbstractAutowireCapableBeanFactory.java:483) ~[spring-beans-4.3.13.RELEASE.jar:4.3.13.RELEASE]
	at org.springframework.beans.factory.support.AbstractBeanFactory$1.getObject(AbstractBeanFactory.java:306) ~[spring-beans-4.3.13.RELEASE.jar:4.3.13.RELEASE]
	at org.springframework.beans.factory.support.DefaultSingletonBeanRegistry.getSingleton(DefaultSingletonBeanRegistry.java:230) ~[spring-beans-4.3.13.RELEASE.jar:4.3.13.RELEASE]
	at org.springframework.beans.factory.support.AbstractBeanFactory.doGetBean(AbstractBeanFactory.java:302) ~[spring-beans-4.3.13.RELEASE.jar:4.3.13.RELEASE]
	at org.springframework.beans.factory.support.AbstractBeanFactory.getBean(AbstractBeanFactory.java:197) ~[spring-beans-4.3.13.RELEASE.jar:4.3.13.RELEASE]
	at org.springframework.beans.factory.support.DefaultListableBeanFactory.preInstantiateSingletons(DefaultListableBeanFactory.java:761) ~[spring-beans-4.3.13.RELEASE.jar:4.3.13.RELEASE]
	at org.springframework.context.support.AbstractApplicationContext.finishBeanFactoryInitialization(AbstractApplicationContext.java:867) ~[spring-context-4.3.13.RELEASE.jar:4.3.13.RELEASE]
	at org.springframework.context.support.AbstractApplicationContext.refresh(AbstractApplicationContext.java:543) ~[spring-context-4.3.13.RELEASE.jar:4.3.13.RELEASE]
	at org.springframework.boot.context.embedded.EmbeddedWebApplicationContext.refresh(EmbeddedWebApplicationContext.java:122) ~[spring-boot-1.5.9.RELEASE.jar:1.5.9.RELEASE]
	at org.springframework.boot.SpringApplication.refresh(SpringApplication.java:693) ~[spring-boot-1.5.9.RELEASE.jar:1.5.9.RELEASE]
	at org.springframework.boot.SpringApplication.refreshContext(SpringApplication.java:360) ~[spring-boot-1.5.9.RELEASE.jar:1.5.9.RELEASE]
	at org.springframework.boot.SpringApplication.run(SpringApplication.java:303) ~[spring-boot-1.5.9.RELEASE.jar:1.5.9.RELEASE]
	at org.springframework.boot.SpringApplication.run(SpringApplication.java:1118) ~[spring-boot-1.5.9.RELEASE.jar:1.5.9.RELEASE]
	at org.springframework.boot.SpringApplication.run(SpringApplication.java:1107) ~[spring-boot-1.5.9.RELEASE.jar:1.5.9.RELEASE]
	at com.huatu.paike.api_test.WebApplication.main(WebApplication.java:61) ~[classes/:?]
	at sun.reflect.NativeMethodAccessorImpl.invoke0(Native Method) ~[?:1.8.0_171]
	at sun.reflect.NativeMethodAccessorImpl.invoke(NativeMethodAccessorImpl.java:62) ~[?:1.8.0_171]
	at sun.reflect.DelegatingMethodAccessorImpl.invoke(DelegatingMethodAccessorImpl.java:43) ~[?:1.8.0_171]
	at java.lang.reflect.Method.invoke(Method.java:498) ~[?:1.8.0_171]
	at org.springframework.boot.devtools.restart.RestartLauncher.run(RestartLauncher.java:49) ~[spring-boot-devtools-1.5.9.RELEASE.jar:1.5.9.RELEASE]
Caused by: org.springframework.beans.factory.BeanCreationException: Error creating bean with name 'classService': FactoryBean threw exception on object creation; nested exception is com.alibaba.dubbo.rpc.RpcException: Fail to create remoting client for service(dubbo://10.2.46.156:20880/com.huatu.paike.service.ClassService?application=paike-backend_dev&codec=dubbo&default.timeout=5000&dubbo=2.6.2&heartbeat=60000&interface=com.huatu.paike.service.ClassService&methods=queryGoodsByCsstId,queryExamTypeByCsstId,queryFeedbackByIds,queryFeedbacksByClassId,queryTeacherClassByCsstIds,queryTeacherClass,queryRelatedClass,queryGoodsByFeedbackId&pid=37425&register.ip=10.2.46.156&side=consumer&timestamp=1541411100400): client(url: dubbo://10.2.46.156:20880/com.huatu.paike.service.ClassService?application=paike-backend_dev&codec=dubbo&default.timeout=5000&dubbo=2.6.2&heartbeat=60000&interface=com.huatu.paike.service.ClassService&methods=queryGoodsByCsstId,queryExamTypeByCsstId,queryFeedbackByIds,queryFeedbacksByClassId,queryTeacherClassByCsstIds,queryTeacherClass,queryRelatedClass,queryGoodsByFeedbackId&pid=37425&register.ip=10.2.46.156&side=consumer&timestamp=1541411100400) failed to connect to server /10.2.46.156:20880, error message is:Connection refused
	at org.springframework.beans.factory.support.FactoryBeanRegistrySupport.doGetObjectFromFactoryBean(FactoryBeanRegistrySupport.java:175) ~[spring-beans-4.3.13.RELEASE.jar:4.3.13.RELEASE]
	at org.springframework.beans.factory.support.FactoryBeanRegistrySupport.getObjectFromFactoryBean(FactoryBeanRegistrySupport.java:103) ~[spring-beans-4.3.13.RELEASE.jar:4.3.13.RELEASE]
	at org.springframework.beans.factory.support.AbstractBeanFactory.getObjectForBeanInstance(AbstractBeanFactory.java:1634) ~[spring-beans-4.3.13.RELEASE.jar:4.3.13.RELEASE]
	at org.springframework.beans.factory.support.AbstractBeanFactory.doGetBean(AbstractBeanFactory.java:254) ~[spring-beans-4.3.13.RELEASE.jar:4.3.13.RELEASE]
	at org.springframework.beans.factory.support.AbstractBeanFactory.getBean(AbstractBeanFactory.java:202) ~[spring-beans-4.3.13.RELEASE.jar:4.3.13.RELEASE]
	at org.springframework.beans.factory.config.DependencyDescriptor.resolveCandidate(DependencyDescriptor.java:208) ~[spring-beans-4.3.13.RELEASE.jar:4.3.13.RELEASE]
	at org.springframework.beans.factory.support.DefaultListableBeanFactory.addCandidateEntry(DefaultListableBeanFactory.java:1316) ~[spring-beans-4.3.13.RELEASE.jar:4.3.13.RELEASE]
	at org.springframework.beans.factory.support.DefaultListableBeanFactory.findAutowireCandidates(DefaultListableBeanFactory.java:1282) ~[spring-beans-4.3.13.RELEASE.jar:4.3.13.RELEASE]
	at org.springframework.beans.factory.support.DefaultListableBeanFactory.doResolveDependency(DefaultListableBeanFactory.java:1101) ~[spring-beans-4.3.13.RELEASE.jar:4.3.13.RELEASE]
	at org.springframework.beans.factory.support.DefaultListableBeanFactory.resolveDependency(DefaultListableBeanFactory.java:1066) ~[spring-beans-4.3.13.RELEASE.jar:4.3.13.RELEASE]
	at org.springframework.beans.factory.annotation.AutowiredAnnotationBeanPostProcessor$AutowiredFieldElement.inject(AutowiredAnnotationBeanPostProcessor.java:585) ~[spring-beans-4.3.13.RELEASE.jar:4.3.13.RELEASE]
	... 24 more
Caused by: com.alibaba.dubbo.rpc.RpcException: Fail to create remoting client for service(dubbo://10.2.46.156:20880/com.huatu.paike.service.ClassService?application=paike-backend_dev&codec=dubbo&default.timeout=5000&dubbo=2.6.2&heartbeat=60000&interface=com.huatu.paike.service.ClassService&methods=queryGoodsByCsstId,queryExamTypeByCsstId,queryFeedbackByIds,queryFeedbacksByClassId,queryTeacherClassByCsstIds,queryTeacherClass,queryRelatedClass,queryGoodsByFeedbackId&pid=37425&register.ip=10.2.46.156&side=consumer&timestamp=1541411100400): client(url: dubbo://10.2.46.156:20880/com.huatu.paike.service.ClassService?application=paike-backend_dev&codec=dubbo&default.timeout=5000&dubbo=2.6.2&heartbeat=60000&interface=com.huatu.paike.service.ClassService&methods=queryGoodsByCsstId,queryExamTypeByCsstId,queryFeedbackByIds,queryFeedbacksByClassId,queryTeacherClassByCsstIds,queryTeacherClass,queryRelatedClass,queryGoodsByFeedbackId&pid=37425&register.ip=10.2.46.156&side=consumer&timestamp=1541411100400) failed to connect to server /10.2.46.156:20880, error message is:Connection refused
	at com.alibaba.dubbo.rpc.protocol.dubbo.DubboProtocol.initClient(DubboProtocol.java:412) ~[dubbo-2.6.2.jar:2.6.2]
	at com.alibaba.dubbo.rpc.protocol.dubbo.DubboProtocol.getSharedClient(DubboProtocol.java:377) ~[dubbo-2.6.2.jar:2.6.2]
	at com.alibaba.dubbo.rpc.protocol.dubbo.DubboProtocol.getClients(DubboProtocol.java:354) ~[dubbo-2.6.2.jar:2.6.2]
	at com.alibaba.dubbo.rpc.protocol.dubbo.DubboProtocol.refer(DubboProtocol.java:336) ~[dubbo-2.6.2.jar:2.6.2]
	at com.alibaba.dubbo.rpc.protocol.ProtocolListenerWrapper.refer(ProtocolListenerWrapper.java:67) ~[dubbo-2.6.2.jar:2.6.2]
	at com.alibaba.dubbo.rpc.protocol.ProtocolFilterWrapper.refer(ProtocolFilterWrapper.java:108) ~[dubbo-2.6.2.jar:2.6.2]
	at com.alibaba.dubbo.qos.protocol.QosProtocolWrapper.refer(QosProtocolWrapper.java:65) ~[dubbo-2.6.2.jar:2.6.2]
	at com.alibaba.dubbo.rpc.Protocol$Adaptive.refer(Protocol$Adaptive.java) ~[dubbo-2.6.2.jar:2.6.2]
	at com.alibaba.dubbo.config.ReferenceConfig.createProxy(ReferenceConfig.java:394) ~[dubbo-2.6.2.jar:2.6.2]
	at com.alibaba.dubbo.config.ReferenceConfig.init(ReferenceConfig.java:333) ~[dubbo-2.6.2.jar:2.6.2]
	at com.alibaba.dubbo.config.ReferenceConfig.get(ReferenceConfig.java:163) ~[dubbo-2.6.2.jar:2.6.2]
	at com.alibaba.dubbo.config.spring.ReferenceBean.getObject(ReferenceBean.java:66) ~[dubbo-2.6.2.jar:2.6.2]
	at org.springframework.beans.factory.support.FactoryBeanRegistrySupport.doGetObjectFromFactoryBean(FactoryBeanRegistrySupport.java:168) ~[spring-beans-4.3.13.RELEASE.jar:4.3.13.RELEASE]
	at org.springframework.beans.factory.support.FactoryBeanRegistrySupport.getObjectFromFactoryBean(FactoryBeanRegistrySupport.java:103) ~[spring-beans-4.3.13.RELEASE.jar:4.3.13.RELEASE]
	at org.springframework.beans.factory.support.AbstractBeanFactory.getObjectForBeanInstance(AbstractBeanFactory.java:1634) ~[spring-beans-4.3.13.RELEASE.jar:4.3.13.RELEASE]
	at org.springframework.beans.factory.support.AbstractBeanFactory.doGetBean(AbstractBeanFactory.java:254) ~[spring-beans-4.3.13.RELEASE.jar:4.3.13.RELEASE]
	at org.springframework.beans.factory.support.AbstractBeanFactory.getBean(AbstractBeanFactory.java:202) ~[spring-beans-4.3.13.RELEASE.jar:4.3.13.RELEASE]
	at org.springframework.beans.factory.config.DependencyDescriptor.resolveCandidate(DependencyDescriptor.java:208) ~[spring-beans-4.3.13.RELEASE.jar:4.3.13.RELEASE]
	at org.springframework.beans.factory.support.DefaultListableBeanFactory.addCandidateEntry(DefaultListableBeanFactory.java:1316) ~[spring-beans-4.3.13.RELEASE.jar:4.3.13.RELEASE]
	at org.springframework.beans.factory.support.DefaultListableBeanFactory.findAutowireCandidates(DefaultListableBeanFactory.java:1282) ~[spring-beans-4.3.13.RELEASE.jar:4.3.13.RELEASE]
	at org.springframework.beans.factory.support.DefaultListableBeanFactory.doResolveDependency(DefaultListableBeanFactory.java:1101) ~[spring-beans-4.3.13.RELEASE.jar:4.3.13.RELEASE]
	at org.springframework.beans.factory.support.DefaultListableBeanFactory.resolveDependency(DefaultListableBeanFactory.java:1066) ~[spring-beans-4.3.13.RELEASE.jar:4.3.13.RELEASE]
	at org.springframework.beans.factory.annotation.AutowiredAnnotationBeanPostProcessor$AutowiredFieldElement.inject(AutowiredAnnotationBeanPostProcessor.java:585) ~[spring-beans-4.3.13.RELEASE.jar:4.3.13.RELEASE]
	... 24 more
Caused by: com.alibaba.dubbo.remoting.RemotingException: client(url: dubbo://10.2.46.156:20880/com.huatu.paike.service.ClassService?application=paike-backend_dev&codec=dubbo&default.timeout=5000&dubbo=2.6.2&heartbeat=60000&interface=com.huatu.paike.service.ClassService&methods=queryGoodsByCsstId,queryExamTypeByCsstId,queryFeedbackByIds,queryFeedbacksByClassId,queryTeacherClassByCsstIds,queryTeacherClass,queryRelatedClass,queryGoodsByFeedbackId&pid=37425&register.ip=10.2.46.156&side=consumer&timestamp=1541411100400) failed to connect to server /10.2.46.156:20880, error message is:Connection refused
	at com.alibaba.dubbo.remoting.transport.netty.NettyClient.doConnect(NettyClient.java:124) ~[dubbo-2.6.2.jar:2.6.2]
	at com.alibaba.dubbo.remoting.transport.AbstractClient.connect(AbstractClient.java:275) ~[dubbo-2.6.2.jar:2.6.2]
	at com.alibaba.dubbo.remoting.transport.AbstractClient.<init>(AbstractClient.java:89) ~[dubbo-2.6.2.jar:2.6.2]
	at com.alibaba.dubbo.remoting.transport.netty.NettyClient.<init>(NettyClient.java:59) ~[dubbo-2.6.2.jar:2.6.2]
	at com.alibaba.dubbo.remoting.transport.netty.NettyTransporter.connect(NettyTransporter.java:37) ~[dubbo-2.6.2.jar:2.6.2]
	at com.alibaba.dubbo.remoting.Transporter$Adaptive.connect(Transporter$Adaptive.java) ~[dubbo-2.6.2.jar:2.6.2]
	at com.alibaba.dubbo.remoting.Transporters.connect(Transporters.java:75) ~[dubbo-2.6.2.jar:2.6.2]
	at com.alibaba.dubbo.remoting.exchange.support.header.HeaderExchanger.connect(HeaderExchanger.java:39) ~[dubbo-2.6.2.jar:2.6.2]
	at com.alibaba.dubbo.remoting.exchange.Exchangers.connect(Exchangers.java:109) ~[dubbo-2.6.2.jar:2.6.2]
	at com.alibaba.dubbo.rpc.protocol.dubbo.DubboProtocol.initClient(DubboProtocol.java:409) ~[dubbo-2.6.2.jar:2.6.2]
	at com.alibaba.dubbo.rpc.protocol.dubbo.DubboProtocol.getSharedClient(DubboProtocol.java:377) ~[dubbo-2.6.2.jar:2.6.2]
	at com.alibaba.dubbo.rpc.protocol.dubbo.DubboProtocol.getClients(DubboProtocol.java:354) ~[dubbo-2.6.2.jar:2.6.2]
	at com.alibaba.dubbo.rpc.protocol.dubbo.DubboProtocol.refer(DubboProtocol.java:336) ~[dubbo-2.6.2.jar:2.6.2]
	at com.alibaba.dubbo.rpc.protocol.ProtocolListenerWrapper.refer(ProtocolListenerWrapper.java:67) ~[dubbo-2.6.2.jar:2.6.2]
	at com.alibaba.dubbo.rpc.protocol.ProtocolFilterWrapper.refer(ProtocolFilterWrapper.java:108) ~[dubbo-2.6.2.jar:2.6.2]
	at com.alibaba.dubbo.qos.protocol.QosProtocolWrapper.refer(QosProtocolWrapper.java:65) ~[dubbo-2.6.2.jar:2.6.2]
	at com.alibaba.dubbo.rpc.Protocol$Adaptive.refer(Protocol$Adaptive.java) ~[dubbo-2.6.2.jar:2.6.2]
	at com.alibaba.dubbo.config.ReferenceConfig.createProxy(ReferenceConfig.java:394) ~[dubbo-2.6.2.jar:2.6.2]
	at com.alibaba.dubbo.config.ReferenceConfig.init(ReferenceConfig.java:333) ~[dubbo-2.6.2.jar:2.6.2]
	at com.alibaba.dubbo.config.ReferenceConfig.get(ReferenceConfig.java:163) ~[dubbo-2.6.2.jar:2.6.2]
	at com.alibaba.dubbo.config.spring.ReferenceBean.getObject(ReferenceBean.java:66) ~[dubbo-2.6.2.jar:2.6.2]
	at org.springframework.beans.factory.support.FactoryBeanRegistrySupport.doGetObjectFromFactoryBean(FactoryBeanRegistrySupport.java:168) ~[spring-beans-4.3.13.RELEASE.jar:4.3.13.RELEASE]
	at org.springframework.beans.factory.support.FactoryBeanRegistrySupport.getObjectFromFactoryBean(FactoryBeanRegistrySupport.java:103) ~[spring-beans-4.3.13.RELEASE.jar:4.3.13.RELEASE]
	at org.springframework.beans.factory.support.AbstractBeanFactory.getObjectForBeanInstance(AbstractBeanFactory.java:1634) ~[spring-beans-4.3.13.RELEASE.jar:4.3.13.RELEASE]
	at org.springframework.beans.factory.support.AbstractBeanFactory.doGetBean(AbstractBeanFactory.java:254) ~[spring-beans-4.3.13.RELEASE.jar:4.3.13.RELEASE]
	at org.springframework.beans.factory.support.AbstractBeanFactory.getBean(AbstractBeanFactory.java:202) ~[spring-beans-4.3.13.RELEASE.jar:4.3.13.RELEASE]
	at org.springframework.beans.factory.config.DependencyDescriptor.resolveCandidate(DependencyDescriptor.java:208) ~[spring-beans-4.3.13.RELEASE.jar:4.3.13.RELEASE]
	at org.springframework.beans.factory.support.DefaultListableBeanFactory.addCandidateEntry(DefaultListableBeanFactory.java:1316) ~[spring-beans-4.3.13.RELEASE.jar:4.3.13.RELEASE]
	at org.springframework.beans.factory.support.DefaultListableBeanFactory.findAutowireCandidates(DefaultListableBeanFactory.java:1282) ~[spring-beans-4.3.13.RELEASE.jar:4.3.13.RELEASE]
	at org.springframework.beans.factory.support.DefaultListableBeanFactory.doResolveDependency(DefaultListableBeanFactory.java:1101) ~[spring-beans-4.3.13.RELEASE.jar:4.3.13.RELEASE]
	at org.springframework.beans.factory.support.DefaultListableBeanFactory.resolveDependency(DefaultListableBeanFactory.java:1066) ~[spring-beans-4.3.13.RELEASE.jar:4.3.13.RELEASE]
	at org.springframework.beans.factory.annotation.AutowiredAnnotationBeanPostProcessor$AutowiredFieldElement.inject(AutowiredAnnotationBeanPostProcessor.java:585) ~[spring-beans-4.3.13.RELEASE.jar:4.3.13.RELEASE]
	... 24 more
Caused by: java.net.ConnectException: Connection refused
	at sun.nio.ch.SocketChannelImpl.checkConnect(Native Method) ~[?:1.8.0_171]
	at sun.nio.ch.SocketChannelImpl.finishConnect(SocketChannelImpl.java:717) ~[?:1.8.0_171]
	at org.jboss.netty.channel.socket.nio.NioClientSocketPipelineSink$Boss.connect(NioClientSocketPipelineSink.java:384) ~[netty-3.2.5.Final.jar:?]
	at org.jboss.netty.channel.socket.nio.NioClientSocketPipelineSink$Boss.processSelectedKeys(NioClientSocketPipelineSink.java:354) ~[netty-3.2.5.Final.jar:?]
	at org.jboss.netty.channel.socket.nio.NioClientSocketPipelineSink$Boss.run(NioClientSocketPipelineSink.java:276) ~[netty-3.2.5.Final.jar:?]
	at java.util.concurrent.ThreadPoolExecutor.runWorker(ThreadPoolExecutor.java:1149) [?:1.8.0_171]
	at java.util.concurrent.ThreadPoolExecutor$Worker.run(ThreadPoolExecutor.java:624) [?:1.8.0_171]
	at java.lang.Thread.run(Thread.java:748) [?:1.8.0_171]
2018-11-05 17:49:24.263		 WARN	restartedMain	OptionalLiveReloadServer:62 - Unable to start LiveReload server
2018-11-05 17:49:29.436		ERROR	restartedMain	SpringApplication:771 - Application startup failed
java.lang.IllegalStateException: Failed to execute CommandLineRunner
	at org.springframework.boot.SpringApplication.callRunner(SpringApplication.java:735) ~[spring-boot-1.5.9.RELEASE.jar:1.5.9.RELEASE]
	at org.springframework.boot.SpringApplication.callRunners(SpringApplication.java:716) ~[spring-boot-1.5.9.RELEASE.jar:1.5.9.RELEASE]
	at org.springframework.boot.SpringApplication.afterRefresh(SpringApplication.java:703) ~[spring-boot-1.5.9.RELEASE.jar:1.5.9.RELEASE]
	at org.springframework.boot.SpringApplication.run(SpringApplication.java:304) ~[spring-boot-1.5.9.RELEASE.jar:1.5.9.RELEASE]
	at org.springframework.boot.SpringApplication.run(SpringApplication.java:1118) ~[spring-boot-1.5.9.RELEASE.jar:1.5.9.RELEASE]
	at org.springframework.boot.SpringApplication.run(SpringApplication.java:1107) ~[spring-boot-1.5.9.RELEASE.jar:1.5.9.RELEASE]
	at com.huatu.paike.api_test.WebApplication.main(WebApplication.java:61) ~[classes/:?]
	at sun.reflect.NativeMethodAccessorImpl.invoke0(Native Method) ~[?:1.8.0_171]
	at sun.reflect.NativeMethodAccessorImpl.invoke(NativeMethodAccessorImpl.java:62) ~[?:1.8.0_171]
	at sun.reflect.DelegatingMethodAccessorImpl.invoke(DelegatingMethodAccessorImpl.java:43) ~[?:1.8.0_171]
	at java.lang.reflect.Method.invoke(Method.java:498) ~[?:1.8.0_171]
	at org.springframework.boot.devtools.restart.RestartLauncher.run(RestartLauncher.java:49) ~[spring-boot-devtools-1.5.9.RELEASE.jar:1.5.9.RELEASE]
Caused by: com.alibaba.dubbo.rpc.RpcException: Invoke remote method timeout. method: queryExamTypeByCsstId, provider: dubbo://10.2.46.156:20880/com.huatu.paike.service.ClassService?application=paike-backend_dev&default.timeout=5000&dubbo=2.6.2&interface=com.huatu.paike.service.ClassService&methods=queryGoodsByCsstId,queryExamTypeByCsstId,queryFeedbackByIds,queryFeedbacksByClassId,queryTeacherClassByCsstIds,queryTeacherClass,queryRelatedClass,queryGoodsByFeedbackId&pid=37461&register.ip=10.2.46.156&side=consumer&timestamp=1541411362260, cause: Waiting server-side response timeout by scan timer. start time: 2018-11-05 17:49:24.402, end time: 2018-11-05 17:49:29.426, client elapsed: 40 ms, server elapsed: 4983 ms, timeout: 5000 ms, request: Request [id=0, version=2.0.0, twoway=true, event=false, broken=false, data=RpcInvocation [methodName=queryExamTypeByCsstId, parameterTypes=[interface java.util.Collection], arguments=[[1434, 1440]], attachments={path=com.huatu.paike.service.ClassService, interface=com.huatu.paike.service.ClassService, version=0.0.0, timeout=5000}]], channel: /10.2.46.156:60285 -> /10.2.46.156:20880
	at com.alibaba.dubbo.rpc.protocol.dubbo.DubboInvoker.doInvoke(DubboInvoker.java:98) ~[dubbo-2.6.2.jar:2.6.2]
	at com.alibaba.dubbo.rpc.protocol.AbstractInvoker.invoke(AbstractInvoker.java:148) ~[dubbo-2.6.2.jar:2.6.2]
	at com.alibaba.dubbo.rpc.listener.ListenerInvokerWrapper.invoke(ListenerInvokerWrapper.java:77) ~[dubbo-2.6.2.jar:2.6.2]
	at com.alibaba.dubbo.monitor.support.MonitorFilter.invoke(MonitorFilter.java:75) ~[dubbo-2.6.2.jar:2.6.2]
	at com.alibaba.dubbo.rpc.protocol.ProtocolFilterWrapper$1.invoke(ProtocolFilterWrapper.java:72) ~[dubbo-2.6.2.jar:2.6.2]
	at com.alibaba.dubbo.rpc.protocol.dubbo.filter.FutureFilter.invoke(FutureFilter.java:54) ~[dubbo-2.6.2.jar:2.6.2]
	at com.alibaba.dubbo.rpc.protocol.ProtocolFilterWrapper$1.invoke(ProtocolFilterWrapper.java:72) ~[dubbo-2.6.2.jar:2.6.2]
	at com.alibaba.dubbo.rpc.filter.ConsumerContextFilter.invoke(ConsumerContextFilter.java:48) ~[dubbo-2.6.2.jar:2.6.2]
	at com.alibaba.dubbo.rpc.protocol.ProtocolFilterWrapper$1.invoke(ProtocolFilterWrapper.java:72) ~[dubbo-2.6.2.jar:2.6.2]
	at com.alibaba.dubbo.rpc.proxy.InvokerInvocationHandler.invoke(InvokerInvocationHandler.java:52) ~[dubbo-2.6.2.jar:2.6.2]
	at com.alibaba.dubbo.common.bytecode.proxy7.queryExamTypeByCsstId(proxy7.java) ~[dubbo-2.6.2.jar:2.6.2]
	at com.huatu.paike.api_test.WebApplication.queryCsstConpensate(WebApplication.java:92) ~[classes/:?]
	at com.huatu.paike.api_test.WebApplication.run(WebApplication.java:68) ~[classes/:?]
	at org.springframework.boot.SpringApplication.callRunner(SpringApplication.java:732) ~[spring-boot-1.5.9.RELEASE.jar:1.5.9.RELEASE]
	... 11 more
Caused by: com.alibaba.dubbo.remoting.TimeoutException: Waiting server-side response timeout by scan timer. start time: 2018-11-05 17:49:24.402, end time: 2018-11-05 17:49:29.426, client elapsed: 40 ms, server elapsed: 4983 ms, timeout: 5000 ms, request: Request [id=0, version=2.0.0, twoway=true, event=false, broken=false, data=RpcInvocation [methodName=queryExamTypeByCsstId, parameterTypes=[interface java.util.Collection], arguments=[[1434, 1440]], attachments={path=com.huatu.paike.service.ClassService, interface=com.huatu.paike.service.ClassService, version=0.0.0, timeout=5000}]], channel: /10.2.46.156:60285 -> /10.2.46.156:20880
	at com.alibaba.dubbo.remoting.exchange.support.DefaultFuture.returnFromResponse(DefaultFuture.java:220) ~[dubbo-2.6.2.jar:2.6.2]
	at com.alibaba.dubbo.remoting.exchange.support.DefaultFuture.get(DefaultFuture.java:139) ~[dubbo-2.6.2.jar:2.6.2]
	at com.alibaba.dubbo.remoting.exchange.support.DefaultFuture.get(DefaultFuture.java:112) ~[dubbo-2.6.2.jar:2.6.2]
	at com.alibaba.dubbo.rpc.protocol.dubbo.DubboInvoker.doInvoke(DubboInvoker.java:95) ~[dubbo-2.6.2.jar:2.6.2]
	at com.alibaba.dubbo.rpc.protocol.AbstractInvoker.invoke(AbstractInvoker.java:148) ~[dubbo-2.6.2.jar:2.6.2]
	at com.alibaba.dubbo.rpc.listener.ListenerInvokerWrapper.invoke(ListenerInvokerWrapper.java:77) ~[dubbo-2.6.2.jar:2.6.2]
	at com.alibaba.dubbo.monitor.support.MonitorFilter.invoke(MonitorFilter.java:75) ~[dubbo-2.6.2.jar:2.6.2]
	at com.alibaba.dubbo.rpc.protocol.ProtocolFilterWrapper$1.invoke(ProtocolFilterWrapper.java:72) ~[dubbo-2.6.2.jar:2.6.2]
	at com.alibaba.dubbo.rpc.protocol.dubbo.filter.FutureFilter.invoke(FutureFilter.java:54) ~[dubbo-2.6.2.jar:2.6.2]
	at com.alibaba.dubbo.rpc.protocol.ProtocolFilterWrapper$1.invoke(ProtocolFilterWrapper.java:72) ~[dubbo-2.6.2.jar:2.6.2]
	at com.alibaba.dubbo.rpc.filter.ConsumerContextFilter.invoke(ConsumerContextFilter.java:48) ~[dubbo-2.6.2.jar:2.6.2]
	at com.alibaba.dubbo.rpc.protocol.ProtocolFilterWrapper$1.invoke(ProtocolFilterWrapper.java:72) ~[dubbo-2.6.2.jar:2.6.2]
	at com.alibaba.dubbo.rpc.proxy.InvokerInvocationHandler.invoke(InvokerInvocationHandler.java:52) ~[dubbo-2.6.2.jar:2.6.2]
	at com.alibaba.dubbo.common.bytecode.proxy7.queryExamTypeByCsstId(proxy7.java) ~[dubbo-2.6.2.jar:2.6.2]
	at com.huatu.paike.api_test.WebApplication.queryCsstConpensate(WebApplication.java:92) ~[classes/:?]
	at com.huatu.paike.api_test.WebApplication.run(WebApplication.java:68) ~[classes/:?]
	at org.springframework.boot.SpringApplication.callRunner(SpringApplication.java:732) ~[spring-boot-1.5.9.RELEASE.jar:1.5.9.RELEASE]
	... 11 more
2018-11-05 18:06:59.852		 WARN	restartedMain	OptionalLiveReloadServer:62 - Unable to start LiveReload server
2018-11-05 18:07:05.022		ERROR	restartedMain	SpringApplication:771 - Application startup failed
java.lang.IllegalStateException: Failed to execute CommandLineRunner
	at org.springframework.boot.SpringApplication.callRunner(SpringApplication.java:735) ~[spring-boot-1.5.9.RELEASE.jar:1.5.9.RELEASE]
	at org.springframework.boot.SpringApplication.callRunners(SpringApplication.java:716) ~[spring-boot-1.5.9.RELEASE.jar:1.5.9.RELEASE]
	at org.springframework.boot.SpringApplication.afterRefresh(SpringApplication.java:703) ~[spring-boot-1.5.9.RELEASE.jar:1.5.9.RELEASE]
	at org.springframework.boot.SpringApplication.run(SpringApplication.java:304) ~[spring-boot-1.5.9.RELEASE.jar:1.5.9.RELEASE]
	at org.springframework.boot.SpringApplication.run(SpringApplication.java:1118) ~[spring-boot-1.5.9.RELEASE.jar:1.5.9.RELEASE]
	at org.springframework.boot.SpringApplication.run(SpringApplication.java:1107) ~[spring-boot-1.5.9.RELEASE.jar:1.5.9.RELEASE]
	at com.huatu.paike.api_test.WebApplication.main(WebApplication.java:61) ~[classes/:?]
	at sun.reflect.NativeMethodAccessorImpl.invoke0(Native Method) ~[?:1.8.0_171]
	at sun.reflect.NativeMethodAccessorImpl.invoke(NativeMethodAccessorImpl.java:62) ~[?:1.8.0_171]
	at sun.reflect.DelegatingMethodAccessorImpl.invoke(DelegatingMethodAccessorImpl.java:43) ~[?:1.8.0_171]
	at java.lang.reflect.Method.invoke(Method.java:498) ~[?:1.8.0_171]
	at org.springframework.boot.devtools.restart.RestartLauncher.run(RestartLauncher.java:49) ~[spring-boot-devtools-1.5.9.RELEASE.jar:1.5.9.RELEASE]
Caused by: com.alibaba.dubbo.rpc.RpcException: Invoke remote method timeout. method: queryExamTypeByCsstId, provider: dubbo://localhost:20880/com.huatu.paike.service.ClassService?application=paike-backend_dev&default.timeout=5000&dubbo=2.6.2&interface=com.huatu.paike.service.ClassService&methods=queryGoodsByCsstId,queryExamTypeByCsstId,queryFeedbackByIds,queryFeedbacksByClassId,queryTeacherClassByCsstIds,queryTeacherClass,queryRelatedClass,queryGoodsByFeedbackId&pid=37623&register.ip=10.2.46.156&side=consumer&timestamp=1541412418284, cause: Waiting server-side response timeout by scan timer. start time: 2018-11-05 18:06:59.977, end time: 2018-11-05 18:07:05.008, client elapsed: 52 ms, server elapsed: 4978 ms, timeout: 5000 ms, request: Request [id=0, version=2.0.0, twoway=true, event=false, broken=false, data=RpcInvocation [methodName=queryExamTypeByCsstId, parameterTypes=[interface java.util.Collection], arguments=[[1434, 1440]], attachments={path=com.huatu.paike.service.ClassService, interface=com.huatu.paike.service.ClassService, version=0.0.0, timeout=5000}]], channel: /10.2.46.156:64926 -> /10.2.46.156:20880
	at com.alibaba.dubbo.rpc.protocol.dubbo.DubboInvoker.doInvoke(DubboInvoker.java:98) ~[dubbo-2.6.2.jar:2.6.2]
	at com.alibaba.dubbo.rpc.protocol.AbstractInvoker.invoke(AbstractInvoker.java:148) ~[dubbo-2.6.2.jar:2.6.2]
	at com.alibaba.dubbo.monitor.support.MonitorFilter.invoke(MonitorFilter.java:75) ~[dubbo-2.6.2.jar:2.6.2]
	at com.alibaba.dubbo.rpc.protocol.ProtocolFilterWrapper$1.invoke(ProtocolFilterWrapper.java:72) ~[dubbo-2.6.2.jar:2.6.2]
	at com.alibaba.dubbo.rpc.protocol.dubbo.filter.FutureFilter.invoke(FutureFilter.java:54) ~[dubbo-2.6.2.jar:2.6.2]
	at com.alibaba.dubbo.rpc.protocol.ProtocolFilterWrapper$1.invoke(ProtocolFilterWrapper.java:72) ~[dubbo-2.6.2.jar:2.6.2]
	at com.alibaba.dubbo.rpc.filter.ConsumerContextFilter.invoke(ConsumerContextFilter.java:48) ~[dubbo-2.6.2.jar:2.6.2]
	at com.alibaba.dubbo.rpc.protocol.ProtocolFilterWrapper$1.invoke(ProtocolFilterWrapper.java:72) ~[dubbo-2.6.2.jar:2.6.2]
	at com.alibaba.dubbo.rpc.listener.ListenerInvokerWrapper.invoke(ListenerInvokerWrapper.java:77) ~[dubbo-2.6.2.jar:2.6.2]
	at com.alibaba.dubbo.rpc.proxy.InvokerInvocationHandler.invoke(InvokerInvocationHandler.java:52) ~[dubbo-2.6.2.jar:2.6.2]
	at com.alibaba.dubbo.common.bytecode.proxy7.queryExamTypeByCsstId(proxy7.java) ~[dubbo-2.6.2.jar:2.6.2]
	at com.huatu.paike.api_test.WebApplication.queryCsstConpensate(WebApplication.java:92) ~[classes/:?]
	at com.huatu.paike.api_test.WebApplication.run(WebApplication.java:68) ~[classes/:?]
	at org.springframework.boot.SpringApplication.callRunner(SpringApplication.java:732) ~[spring-boot-1.5.9.RELEASE.jar:1.5.9.RELEASE]
	... 11 more
Caused by: com.alibaba.dubbo.remoting.TimeoutException: Waiting server-side response timeout by scan timer. start time: 2018-11-05 18:06:59.977, end time: 2018-11-05 18:07:05.008, client elapsed: 52 ms, server elapsed: 4978 ms, timeout: 5000 ms, request: Request [id=0, version=2.0.0, twoway=true, event=false, broken=false, data=RpcInvocation [methodName=queryExamTypeByCsstId, parameterTypes=[interface java.util.Collection], arguments=[[1434, 1440]], attachments={path=com.huatu.paike.service.ClassService, interface=com.huatu.paike.service.ClassService, version=0.0.0, timeout=5000}]], channel: /10.2.46.156:64926 -> /10.2.46.156:20880
	at com.alibaba.dubbo.remoting.exchange.support.DefaultFuture.returnFromResponse(DefaultFuture.java:220) ~[dubbo-2.6.2.jar:2.6.2]
	at com.alibaba.dubbo.remoting.exchange.support.DefaultFuture.get(DefaultFuture.java:139) ~[dubbo-2.6.2.jar:2.6.2]
	at com.alibaba.dubbo.remoting.exchange.support.DefaultFuture.get(DefaultFuture.java:112) ~[dubbo-2.6.2.jar:2.6.2]
	at com.alibaba.dubbo.rpc.protocol.dubbo.DubboInvoker.doInvoke(DubboInvoker.java:95) ~[dubbo-2.6.2.jar:2.6.2]
	at com.alibaba.dubbo.rpc.protocol.AbstractInvoker.invoke(AbstractInvoker.java:148) ~[dubbo-2.6.2.jar:2.6.2]
	at com.alibaba.dubbo.monitor.support.MonitorFilter.invoke(MonitorFilter.java:75) ~[dubbo-2.6.2.jar:2.6.2]
	at com.alibaba.dubbo.rpc.protocol.ProtocolFilterWrapper$1.invoke(ProtocolFilterWrapper.java:72) ~[dubbo-2.6.2.jar:2.6.2]
	at com.alibaba.dubbo.rpc.protocol.dubbo.filter.FutureFilter.invoke(FutureFilter.java:54) ~[dubbo-2.6.2.jar:2.6.2]
	at com.alibaba.dubbo.rpc.protocol.ProtocolFilterWrapper$1.invoke(ProtocolFilterWrapper.java:72) ~[dubbo-2.6.2.jar:2.6.2]
	at com.alibaba.dubbo.rpc.filter.ConsumerContextFilter.invoke(ConsumerContextFilter.java:48) ~[dubbo-2.6.2.jar:2.6.2]
	at com.alibaba.dubbo.rpc.protocol.ProtocolFilterWrapper$1.invoke(ProtocolFilterWrapper.java:72) ~[dubbo-2.6.2.jar:2.6.2]
	at com.alibaba.dubbo.rpc.listener.ListenerInvokerWrapper.invoke(ListenerInvokerWrapper.java:77) ~[dubbo-2.6.2.jar:2.6.2]
	at com.alibaba.dubbo.rpc.proxy.InvokerInvocationHandler.invoke(InvokerInvocationHandler.java:52) ~[dubbo-2.6.2.jar:2.6.2]
	at com.alibaba.dubbo.common.bytecode.proxy7.queryExamTypeByCsstId(proxy7.java) ~[dubbo-2.6.2.jar:2.6.2]
	at com.huatu.paike.api_test.WebApplication.queryCsstConpensate(WebApplication.java:92) ~[classes/:?]
	at com.huatu.paike.api_test.WebApplication.run(WebApplication.java:68) ~[classes/:?]
	at org.springframework.boot.SpringApplication.callRunner(SpringApplication.java:732) ~[spring-boot-1.5.9.RELEASE.jar:1.5.9.RELEASE]
	... 11 more
2018-11-05 18:34:38.231		 WARN	restartedMain	OptionalLiveReloadServer:62 - Unable to start LiveReload server
2018-11-05 18:34:43.407		ERROR	restartedMain	SpringApplication:771 - Application startup failed
java.lang.IllegalStateException: Failed to execute CommandLineRunner
	at org.springframework.boot.SpringApplication.callRunner(SpringApplication.java:735) ~[spring-boot-1.5.9.RELEASE.jar:1.5.9.RELEASE]
	at org.springframework.boot.SpringApplication.callRunners(SpringApplication.java:716) ~[spring-boot-1.5.9.RELEASE.jar:1.5.9.RELEASE]
	at org.springframework.boot.SpringApplication.afterRefresh(SpringApplication.java:703) ~[spring-boot-1.5.9.RELEASE.jar:1.5.9.RELEASE]
	at org.springframework.boot.SpringApplication.run(SpringApplication.java:304) ~[spring-boot-1.5.9.RELEASE.jar:1.5.9.RELEASE]
	at org.springframework.boot.SpringApplication.run(SpringApplication.java:1118) ~[spring-boot-1.5.9.RELEASE.jar:1.5.9.RELEASE]
	at org.springframework.boot.SpringApplication.run(SpringApplication.java:1107) ~[spring-boot-1.5.9.RELEASE.jar:1.5.9.RELEASE]
	at com.huatu.paike.api_test.WebApplication.main(WebApplication.java:61) ~[classes/:?]
	at sun.reflect.NativeMethodAccessorImpl.invoke0(Native Method) ~[?:1.8.0_171]
	at sun.reflect.NativeMethodAccessorImpl.invoke(NativeMethodAccessorImpl.java:62) ~[?:1.8.0_171]
	at sun.reflect.DelegatingMethodAccessorImpl.invoke(DelegatingMethodAccessorImpl.java:43) ~[?:1.8.0_171]
	at java.lang.reflect.Method.invoke(Method.java:498) ~[?:1.8.0_171]
	at org.springframework.boot.devtools.restart.RestartLauncher.run(RestartLauncher.java:49) ~[spring-boot-devtools-1.5.9.RELEASE.jar:1.5.9.RELEASE]
Caused by: com.alibaba.dubbo.rpc.RpcException: Invoke remote method timeout. method: queryExamTypeByCsstId, provider: dubbo://localhost:20880/com.huatu.paike.service.ClassService?application=paike-backend_dev&default.timeout=5000&dubbo=2.6.2&interface=com.huatu.paike.service.ClassService&methods=queryGoodsByCsstId,queryExamTypeByCsstId,queryFeedbackByIds,queryFeedbacksByClassId,queryTeacherClassByCsstIds,queryTeacherClass,queryRelatedClass,queryGoodsByFeedbackId&pid=37818&register.ip=10.2.46.156&side=consumer&timestamp=1541414076618, cause: Waiting server-side response timeout by scan timer. start time: 2018-11-05 18:34:38.377, end time: 2018-11-05 18:34:43.396, client elapsed: 52 ms, server elapsed: 4966 ms, timeout: 5000 ms, request: Request [id=0, version=2.0.0, twoway=true, event=false, broken=false, data=RpcInvocation [methodName=queryExamTypeByCsstId, parameterTypes=[interface java.util.Collection], arguments=[[1434, 1440]], attachments={path=com.huatu.paike.service.ClassService, interface=com.huatu.paike.service.ClassService, version=0.0.0, timeout=5000}]], channel: /10.2.46.156:52145 -> /10.2.46.156:20880
	at com.alibaba.dubbo.rpc.protocol.dubbo.DubboInvoker.doInvoke(DubboInvoker.java:98) ~[dubbo-2.6.2.jar:2.6.2]
	at com.alibaba.dubbo.rpc.protocol.AbstractInvoker.invoke(AbstractInvoker.java:148) ~[dubbo-2.6.2.jar:2.6.2]
	at com.alibaba.dubbo.monitor.support.MonitorFilter.invoke(MonitorFilter.java:75) ~[dubbo-2.6.2.jar:2.6.2]
	at com.alibaba.dubbo.rpc.protocol.ProtocolFilterWrapper$1.invoke(ProtocolFilterWrapper.java:72) ~[dubbo-2.6.2.jar:2.6.2]
	at com.alibaba.dubbo.rpc.protocol.dubbo.filter.FutureFilter.invoke(FutureFilter.java:54) ~[dubbo-2.6.2.jar:2.6.2]
	at com.alibaba.dubbo.rpc.protocol.ProtocolFilterWrapper$1.invoke(ProtocolFilterWrapper.java:72) ~[dubbo-2.6.2.jar:2.6.2]
	at com.alibaba.dubbo.rpc.filter.ConsumerContextFilter.invoke(ConsumerContextFilter.java:48) ~[dubbo-2.6.2.jar:2.6.2]
	at com.alibaba.dubbo.rpc.protocol.ProtocolFilterWrapper$1.invoke(ProtocolFilterWrapper.java:72) ~[dubbo-2.6.2.jar:2.6.2]
	at com.alibaba.dubbo.rpc.listener.ListenerInvokerWrapper.invoke(ListenerInvokerWrapper.java:77) ~[dubbo-2.6.2.jar:2.6.2]
	at com.alibaba.dubbo.rpc.proxy.InvokerInvocationHandler.invoke(InvokerInvocationHandler.java:52) ~[dubbo-2.6.2.jar:2.6.2]
	at com.alibaba.dubbo.common.bytecode.proxy7.queryExamTypeByCsstId(proxy7.java) ~[dubbo-2.6.2.jar:2.6.2]
	at com.huatu.paike.api_test.WebApplication.queryCsstConpensate(WebApplication.java:92) ~[classes/:?]
	at com.huatu.paike.api_test.WebApplication.run(WebApplication.java:68) ~[classes/:?]
	at org.springframework.boot.SpringApplication.callRunner(SpringApplication.java:732) ~[spring-boot-1.5.9.RELEASE.jar:1.5.9.RELEASE]
	... 11 more
Caused by: com.alibaba.dubbo.remoting.TimeoutException: Waiting server-side response timeout by scan timer. start time: 2018-11-05 18:34:38.377, end time: 2018-11-05 18:34:43.396, client elapsed: 52 ms, server elapsed: 4966 ms, timeout: 5000 ms, request: Request [id=0, version=2.0.0, twoway=true, event=false, broken=false, data=RpcInvocation [methodName=queryExamTypeByCsstId, parameterTypes=[interface java.util.Collection], arguments=[[1434, 1440]], attachments={path=com.huatu.paike.service.ClassService, interface=com.huatu.paike.service.ClassService, version=0.0.0, timeout=5000}]], channel: /10.2.46.156:52145 -> /10.2.46.156:20880
	at com.alibaba.dubbo.remoting.exchange.support.DefaultFuture.returnFromResponse(DefaultFuture.java:220) ~[dubbo-2.6.2.jar:2.6.2]
	at com.alibaba.dubbo.remoting.exchange.support.DefaultFuture.get(DefaultFuture.java:139) ~[dubbo-2.6.2.jar:2.6.2]
	at com.alibaba.dubbo.remoting.exchange.support.DefaultFuture.get(DefaultFuture.java:112) ~[dubbo-2.6.2.jar:2.6.2]
	at com.alibaba.dubbo.rpc.protocol.dubbo.DubboInvoker.doInvoke(DubboInvoker.java:95) ~[dubbo-2.6.2.jar:2.6.2]
	at com.alibaba.dubbo.rpc.protocol.AbstractInvoker.invoke(AbstractInvoker.java:148) ~[dubbo-2.6.2.jar:2.6.2]
	at com.alibaba.dubbo.monitor.support.MonitorFilter.invoke(MonitorFilter.java:75) ~[dubbo-2.6.2.jar:2.6.2]
	at com.alibaba.dubbo.rpc.protocol.ProtocolFilterWrapper$1.invoke(ProtocolFilterWrapper.java:72) ~[dubbo-2.6.2.jar:2.6.2]
	at com.alibaba.dubbo.rpc.protocol.dubbo.filter.FutureFilter.invoke(FutureFilter.java:54) ~[dubbo-2.6.2.jar:2.6.2]
	at com.alibaba.dubbo.rpc.protocol.ProtocolFilterWrapper$1.invoke(ProtocolFilterWrapper.java:72) ~[dubbo-2.6.2.jar:2.6.2]
	at com.alibaba.dubbo.rpc.filter.ConsumerContextFilter.invoke(ConsumerContextFilter.java:48) ~[dubbo-2.6.2.jar:2.6.2]
	at com.alibaba.dubbo.rpc.protocol.ProtocolFilterWrapper$1.invoke(ProtocolFilterWrapper.java:72) ~[dubbo-2.6.2.jar:2.6.2]
	at com.alibaba.dubbo.rpc.listener.ListenerInvokerWrapper.invoke(ListenerInvokerWrapper.java:77) ~[dubbo-2.6.2.jar:2.6.2]
	at com.alibaba.dubbo.rpc.proxy.InvokerInvocationHandler.invoke(InvokerInvocationHandler.java:52) ~[dubbo-2.6.2.jar:2.6.2]
	at com.alibaba.dubbo.common.bytecode.proxy7.queryExamTypeByCsstId(proxy7.java) ~[dubbo-2.6.2.jar:2.6.2]
	at com.huatu.paike.api_test.WebApplication.queryCsstConpensate(WebApplication.java:92) ~[classes/:?]
	at com.huatu.paike.api_test.WebApplication.run(WebApplication.java:68) ~[classes/:?]
	at org.springframework.boot.SpringApplication.callRunner(SpringApplication.java:732) ~[spring-boot-1.5.9.RELEASE.jar:1.5.9.RELEASE]
	... 11 more
2018-11-05 18:36:53.993		 WARN	restartedMain	OptionalLiveReloadServer:62 - Unable to start LiveReload server
2018-11-05 18:36:59.144		ERROR	restartedMain	SpringApplication:771 - Application startup failed
java.lang.IllegalStateException: Failed to execute CommandLineRunner
	at org.springframework.boot.SpringApplication.callRunner(SpringApplication.java:735) ~[spring-boot-1.5.9.RELEASE.jar:1.5.9.RELEASE]
	at org.springframework.boot.SpringApplication.callRunners(SpringApplication.java:716) ~[spring-boot-1.5.9.RELEASE.jar:1.5.9.RELEASE]
	at org.springframework.boot.SpringApplication.afterRefresh(SpringApplication.java:703) ~[spring-boot-1.5.9.RELEASE.jar:1.5.9.RELEASE]
	at org.springframework.boot.SpringApplication.run(SpringApplication.java:304) ~[spring-boot-1.5.9.RELEASE.jar:1.5.9.RELEASE]
	at org.springframework.boot.SpringApplication.run(SpringApplication.java:1118) ~[spring-boot-1.5.9.RELEASE.jar:1.5.9.RELEASE]
	at org.springframework.boot.SpringApplication.run(SpringApplication.java:1107) ~[spring-boot-1.5.9.RELEASE.jar:1.5.9.RELEASE]
	at com.huatu.paike.api_test.WebApplication.main(WebApplication.java:61) ~[classes/:?]
	at sun.reflect.NativeMethodAccessorImpl.invoke0(Native Method) ~[?:1.8.0_171]
	at sun.reflect.NativeMethodAccessorImpl.invoke(NativeMethodAccessorImpl.java:62) ~[?:1.8.0_171]
	at sun.reflect.DelegatingMethodAccessorImpl.invoke(DelegatingMethodAccessorImpl.java:43) ~[?:1.8.0_171]
	at java.lang.reflect.Method.invoke(Method.java:498) ~[?:1.8.0_171]
	at org.springframework.boot.devtools.restart.RestartLauncher.run(RestartLauncher.java:49) ~[spring-boot-devtools-1.5.9.RELEASE.jar:1.5.9.RELEASE]
Caused by: com.alibaba.dubbo.rpc.RpcException: Invoke remote method timeout. method: queryExamTypeByCsstId, provider: dubbo://localhost:20880/com.huatu.paike.service.ClassService?application=paike-backend_dev&default.timeout=5000&dubbo=2.6.2&interface=com.huatu.paike.service.ClassService&methods=queryGoodsByCsstId,queryExamTypeByCsstId,queryFeedbackByIds,queryFeedbacksByClassId,queryTeacherClassByCsstIds,queryTeacherClass,queryRelatedClass,queryGoodsByFeedbackId&pid=37857&register.ip=10.2.46.156&side=consumer&timestamp=1541414212465, cause: Waiting server-side response timeout by scan timer. start time: 2018-11-05 18:36:54.125, end time: 2018-11-05 18:36:59.133, client elapsed: 36 ms, server elapsed: 4972 ms, timeout: 5000 ms, request: Request [id=0, version=2.0.0, twoway=true, event=false, broken=false, data=RpcInvocation [methodName=queryExamTypeByCsstId, parameterTypes=[interface java.util.Collection], arguments=[[1434, 1440]], attachments={path=com.huatu.paike.service.ClassService, interface=com.huatu.paike.service.ClassService, version=0.0.0, timeout=5000}]], channel: /10.2.46.156:52736 -> /10.2.46.156:20880
	at com.alibaba.dubbo.rpc.protocol.dubbo.DubboInvoker.doInvoke(DubboInvoker.java:98) ~[dubbo-2.6.2.jar:2.6.2]
	at com.alibaba.dubbo.rpc.protocol.AbstractInvoker.invoke(AbstractInvoker.java:148) ~[dubbo-2.6.2.jar:2.6.2]
	at com.alibaba.dubbo.rpc.listener.ListenerInvokerWrapper.invoke(ListenerInvokerWrapper.java:77) ~[dubbo-2.6.2.jar:2.6.2]
	at com.alibaba.dubbo.monitor.support.MonitorFilter.invoke(MonitorFilter.java:75) ~[dubbo-2.6.2.jar:2.6.2]
	at com.alibaba.dubbo.rpc.protocol.ProtocolFilterWrapper$1.invoke(ProtocolFilterWrapper.java:72) ~[dubbo-2.6.2.jar:2.6.2]
	at com.alibaba.dubbo.rpc.protocol.dubbo.filter.FutureFilter.invoke(FutureFilter.java:54) ~[dubbo-2.6.2.jar:2.6.2]
	at com.alibaba.dubbo.rpc.protocol.ProtocolFilterWrapper$1.invoke(ProtocolFilterWrapper.java:72) ~[dubbo-2.6.2.jar:2.6.2]
	at com.alibaba.dubbo.rpc.filter.ConsumerContextFilter.invoke(ConsumerContextFilter.java:48) ~[dubbo-2.6.2.jar:2.6.2]
	at com.alibaba.dubbo.rpc.protocol.ProtocolFilterWrapper$1.invoke(ProtocolFilterWrapper.java:72) ~[dubbo-2.6.2.jar:2.6.2]
	at com.alibaba.dubbo.rpc.proxy.InvokerInvocationHandler.invoke(InvokerInvocationHandler.java:52) ~[dubbo-2.6.2.jar:2.6.2]
	at com.alibaba.dubbo.common.bytecode.proxy7.queryExamTypeByCsstId(proxy7.java) ~[dubbo-2.6.2.jar:2.6.2]
	at com.huatu.paike.api_test.WebApplication.queryCsstConpensate(WebApplication.java:92) ~[classes/:?]
	at com.huatu.paike.api_test.WebApplication.run(WebApplication.java:68) ~[classes/:?]
	at org.springframework.boot.SpringApplication.callRunner(SpringApplication.java:732) ~[spring-boot-1.5.9.RELEASE.jar:1.5.9.RELEASE]
	... 11 more
Caused by: com.alibaba.dubbo.remoting.TimeoutException: Waiting server-side response timeout by scan timer. start time: 2018-11-05 18:36:54.125, end time: 2018-11-05 18:36:59.133, client elapsed: 36 ms, server elapsed: 4972 ms, timeout: 5000 ms, request: Request [id=0, version=2.0.0, twoway=true, event=false, broken=false, data=RpcInvocation [methodName=queryExamTypeByCsstId, parameterTypes=[interface java.util.Collection], arguments=[[1434, 1440]], attachments={path=com.huatu.paike.service.ClassService, interface=com.huatu.paike.service.ClassService, version=0.0.0, timeout=5000}]], channel: /10.2.46.156:52736 -> /10.2.46.156:20880
	at com.alibaba.dubbo.remoting.exchange.support.DefaultFuture.returnFromResponse(DefaultFuture.java:220) ~[dubbo-2.6.2.jar:2.6.2]
	at com.alibaba.dubbo.remoting.exchange.support.DefaultFuture.get(DefaultFuture.java:139) ~[dubbo-2.6.2.jar:2.6.2]
	at com.alibaba.dubbo.remoting.exchange.support.DefaultFuture.get(DefaultFuture.java:112) ~[dubbo-2.6.2.jar:2.6.2]
	at com.alibaba.dubbo.rpc.protocol.dubbo.DubboInvoker.doInvoke(DubboInvoker.java:95) ~[dubbo-2.6.2.jar:2.6.2]
	at com.alibaba.dubbo.rpc.protocol.AbstractInvoker.invoke(AbstractInvoker.java:148) ~[dubbo-2.6.2.jar:2.6.2]
	at com.alibaba.dubbo.rpc.listener.ListenerInvokerWrapper.invoke(ListenerInvokerWrapper.java:77) ~[dubbo-2.6.2.jar:2.6.2]
	at com.alibaba.dubbo.monitor.support.MonitorFilter.invoke(MonitorFilter.java:75) ~[dubbo-2.6.2.jar:2.6.2]
	at com.alibaba.dubbo.rpc.protocol.ProtocolFilterWrapper$1.invoke(ProtocolFilterWrapper.java:72) ~[dubbo-2.6.2.jar:2.6.2]
	at com.alibaba.dubbo.rpc.protocol.dubbo.filter.FutureFilter.invoke(FutureFilter.java:54) ~[dubbo-2.6.2.jar:2.6.2]
	at com.alibaba.dubbo.rpc.protocol.ProtocolFilterWrapper$1.invoke(ProtocolFilterWrapper.java:72) ~[dubbo-2.6.2.jar:2.6.2]
	at com.alibaba.dubbo.rpc.filter.ConsumerContextFilter.invoke(ConsumerContextFilter.java:48) ~[dubbo-2.6.2.jar:2.6.2]
	at com.alibaba.dubbo.rpc.protocol.ProtocolFilterWrapper$1.invoke(ProtocolFilterWrapper.java:72) ~[dubbo-2.6.2.jar:2.6.2]
	at com.alibaba.dubbo.rpc.proxy.InvokerInvocationHandler.invoke(InvokerInvocationHandler.java:52) ~[dubbo-2.6.2.jar:2.6.2]
	at com.alibaba.dubbo.common.bytecode.proxy7.queryExamTypeByCsstId(proxy7.java) ~[dubbo-2.6.2.jar:2.6.2]
	at com.huatu.paike.api_test.WebApplication.queryCsstConpensate(WebApplication.java:92) ~[classes/:?]
	at com.huatu.paike.api_test.WebApplication.run(WebApplication.java:68) ~[classes/:?]
	at org.springframework.boot.SpringApplication.callRunner(SpringApplication.java:732) ~[spring-boot-1.5.9.RELEASE.jar:1.5.9.RELEASE]
	... 11 more
2018-11-05 18:40:00.951		 WARN	restartedMain	OptionalLiveReloadServer:62 - Unable to start LiveReload server
2018-11-05 18:42:09.733		 WARN	DubboClientReconnectTimer-thread-2	AbstractClient:171 -  [DUBBO] client reconnect to 172.30.9.223:58081 find error . url: dubbo://172.30.9.223:58081/com.huatu.paike.service.TeacherService?anyhost=true&application=paike-backend_dev&check=false&codec=dubbo&default.timeout=5000&dubbo=2.6.2&generic=false&heartbeat=60000&interface=com.huatu.paike.service.TeacherService&methods=queryTeacherStatus,queryClassStageSubjectTeacher,queryTeachingHistory,queryTeacherArrange,hasUnfinishedLesson,queryLessonDetail,queryTeacherPaike&pid=37893&register.ip=10.2.46.156&remote.timestamp=1541404586811&revision=1.3.0.snapshot&side=consumer&timestamp=1541414399172, dubbo version: 2.6.2, current host: 10.2.46.156
com.alibaba.dubbo.remoting.RemotingException: client(url: dubbo://172.30.9.223:58081/com.huatu.paike.service.TeacherService?anyhost=true&application=paike-backend_dev&check=false&codec=dubbo&default.timeout=5000&dubbo=2.6.2&generic=false&heartbeat=60000&interface=com.huatu.paike.service.TeacherService&methods=queryTeacherStatus,queryClassStageSubjectTeacher,queryTeachingHistory,queryTeacherArrange,hasUnfinishedLesson,queryLessonDetail,queryTeacherPaike&pid=37893&register.ip=10.2.46.156&remote.timestamp=1541404586811&revision=1.3.0.snapshot&side=consumer&timestamp=1541414399172) failed to connect to server /172.30.9.223:58081, error message is:Connection refused
	at com.alibaba.dubbo.remoting.transport.netty.NettyClient.doConnect(NettyClient.java:124) ~[dubbo-2.6.2.jar:2.6.2]
	at com.alibaba.dubbo.remoting.transport.AbstractClient.connect(AbstractClient.java:275) ~[dubbo-2.6.2.jar:2.6.2]
	at com.alibaba.dubbo.remoting.transport.AbstractClient$1.run(AbstractClient.java:156) ~[dubbo-2.6.2.jar:2.6.2]
	at java.util.concurrent.Executors$RunnableAdapter.call(Executors.java:511) ~[?:1.8.0_171]
	at java.util.concurrent.FutureTask.runAndReset(FutureTask.java:308) ~[?:1.8.0_171]
	at java.util.concurrent.ScheduledThreadPoolExecutor$ScheduledFutureTask.access$301(ScheduledThreadPoolExecutor.java:180) ~[?:1.8.0_171]
	at java.util.concurrent.ScheduledThreadPoolExecutor$ScheduledFutureTask.run(ScheduledThreadPoolExecutor.java:294) ~[?:1.8.0_171]
	at java.util.concurrent.ThreadPoolExecutor.runWorker(ThreadPoolExecutor.java:1149) [?:1.8.0_171]
	at java.util.concurrent.ThreadPoolExecutor$Worker.run(ThreadPoolExecutor.java:624) [?:1.8.0_171]
	at java.lang.Thread.run(Thread.java:748) [?:1.8.0_171]
Caused by: java.net.ConnectException: Connection refused
	at sun.nio.ch.SocketChannelImpl.checkConnect(Native Method) ~[?:1.8.0_171]
	at sun.nio.ch.SocketChannelImpl.finishConnect(SocketChannelImpl.java:717) ~[?:1.8.0_171]
	at org.jboss.netty.channel.socket.nio.NioClientSocketPipelineSink$Boss.connect(NioClientSocketPipelineSink.java:384) ~[netty-3.2.5.Final.jar:?]
	at org.jboss.netty.channel.socket.nio.NioClientSocketPipelineSink$Boss.processSelectedKeys(NioClientSocketPipelineSink.java:354) ~[netty-3.2.5.Final.jar:?]
	at org.jboss.netty.channel.socket.nio.NioClientSocketPipelineSink$Boss.run(NioClientSocketPipelineSink.java:276) ~[netty-3.2.5.Final.jar:?]
	... 3 more
2018-11-05 18:42:09.779		 WARN	DubboClientReconnectTimer-thread-2	AbstractClient:171 -  [DUBBO] client reconnect to 172.30.9.223:58082 find error . url: dubbo://172.30.9.223:58082/com.huatu.paike.service.TeacherService?anyhost=true&application=paike-backend_dev&check=false&codec=dubbo&default.timeout=5000&dubbo=2.6.2&generic=false&heartbeat=60000&interface=com.huatu.paike.service.TeacherService&methods=queryTeacherStatus,queryClassStageSubjectTeacher,queryTeachingHistory,queryTeacherArrange,hasUnfinishedLesson,queryLessonDetail,queryTeacherPaike&pid=37893&register.ip=10.2.46.156&remote.timestamp=1541404586362&revision=1.3.0.snapshot&side=consumer&timestamp=1541414399172, dubbo version: 2.6.2, current host: 10.2.46.156
com.alibaba.dubbo.remoting.RemotingException: client(url: dubbo://172.30.9.223:58082/com.huatu.paike.service.TeacherService?anyhost=true&application=paike-backend_dev&check=false&codec=dubbo&default.timeout=5000&dubbo=2.6.2&generic=false&heartbeat=60000&interface=com.huatu.paike.service.TeacherService&methods=queryTeacherStatus,queryClassStageSubjectTeacher,queryTeachingHistory,queryTeacherArrange,hasUnfinishedLesson,queryLessonDetail,queryTeacherPaike&pid=37893&register.ip=10.2.46.156&remote.timestamp=1541404586362&revision=1.3.0.snapshot&side=consumer&timestamp=1541414399172) failed to connect to server /172.30.9.223:58082, error message is:Connection refused
	at com.alibaba.dubbo.remoting.transport.netty.NettyClient.doConnect(NettyClient.java:124) ~[dubbo-2.6.2.jar:2.6.2]
	at com.alibaba.dubbo.remoting.transport.AbstractClient.connect(AbstractClient.java:275) ~[dubbo-2.6.2.jar:2.6.2]
	at com.alibaba.dubbo.remoting.transport.AbstractClient$1.run(AbstractClient.java:156) ~[dubbo-2.6.2.jar:2.6.2]
	at java.util.concurrent.Executors$RunnableAdapter.call(Executors.java:511) ~[?:1.8.0_171]
	at java.util.concurrent.FutureTask.runAndReset(FutureTask.java:308) ~[?:1.8.0_171]
	at java.util.concurrent.ScheduledThreadPoolExecutor$ScheduledFutureTask.access$301(ScheduledThreadPoolExecutor.java:180) ~[?:1.8.0_171]
	at java.util.concurrent.ScheduledThreadPoolExecutor$ScheduledFutureTask.run(ScheduledThreadPoolExecutor.java:294) ~[?:1.8.0_171]
	at java.util.concurrent.ThreadPoolExecutor.runWorker(ThreadPoolExecutor.java:1149) [?:1.8.0_171]
	at java.util.concurrent.ThreadPoolExecutor$Worker.run(ThreadPoolExecutor.java:624) [?:1.8.0_171]
	at java.lang.Thread.run(Thread.java:748) [?:1.8.0_171]
Caused by: java.net.ConnectException: Connection refused
	at sun.nio.ch.SocketChannelImpl.checkConnect(Native Method) ~[?:1.8.0_171]
	at sun.nio.ch.SocketChannelImpl.finishConnect(SocketChannelImpl.java:717) ~[?:1.8.0_171]
	at org.jboss.netty.channel.socket.nio.NioClientSocketPipelineSink$Boss.connect(NioClientSocketPipelineSink.java:384) ~[netty-3.2.5.Final.jar:?]
	at org.jboss.netty.channel.socket.nio.NioClientSocketPipelineSink$Boss.processSelectedKeys(NioClientSocketPipelineSink.java:354) ~[netty-3.2.5.Final.jar:?]
	at org.jboss.netty.channel.socket.nio.NioClientSocketPipelineSink$Boss.run(NioClientSocketPipelineSink.java:276) ~[netty-3.2.5.Final.jar:?]
	... 3 more
