2019-02-14 14:57:19.437		ERROR	restartedMain	SpringApplication:771 - Application startup failed
java.lang.IllegalStateException: Failed to execute CommandLineRunner
	at org.springframework.boot.SpringApplication.callRunner(SpringApplication.java:735) ~[spring-boot-1.5.9.RELEASE.jar:1.5.9.RELEASE]
	at org.springframework.boot.SpringApplication.callRunners(SpringApplication.java:716) ~[spring-boot-1.5.9.RELEASE.jar:1.5.9.RELEASE]
	at org.springframework.boot.SpringApplication.afterRefresh(SpringApplication.java:703) ~[spring-boot-1.5.9.RELEASE.jar:1.5.9.RELEASE]
	at org.springframework.boot.SpringApplication.run(SpringApplication.java:304) ~[spring-boot-1.5.9.RELEASE.jar:1.5.9.RELEASE]
	at org.springframework.boot.SpringApplication.run(SpringApplication.java:1118) ~[spring-boot-1.5.9.RELEASE.jar:1.5.9.RELEASE]
	at org.springframework.boot.SpringApplication.run(SpringApplication.java:1107) ~[spring-boot-1.5.9.RELEASE.jar:1.5.9.RELEASE]
	at com.huatu.paike.api_test.WebApplication.main(WebApplication.java:75) ~[classes/:?]
	at sun.reflect.NativeMethodAccessorImpl.invoke0(Native Method) ~[?:1.8.0_152]
	at sun.reflect.NativeMethodAccessorImpl.invoke(NativeMethodAccessorImpl.java:62) ~[?:1.8.0_152]
	at sun.reflect.DelegatingMethodAccessorImpl.invoke(DelegatingMethodAccessorImpl.java:43) ~[?:1.8.0_152]
	at java.lang.reflect.Method.invoke(Method.java:498) ~[?:1.8.0_152]
	at org.springframework.boot.devtools.restart.RestartLauncher.run(RestartLauncher.java:49) ~[spring-boot-devtools-1.5.9.RELEASE.jar:1.5.9.RELEASE]
Caused by: java.lang.NumberFormatException: For input string: ""7""
	at java.lang.NumberFormatException.forInputString(NumberFormatException.java:65) ~[?:1.8.0_152]
	at java.lang.Long.parseLong(Long.java:578) ~[?:1.8.0_152]
	at java.lang.Long.valueOf(Long.java:803) ~[?:1.8.0_152]
	at com.huatu.paike.api_test.WebApplication.readFile(WebApplication.java:153) ~[classes/:?]
	at com.huatu.paike.api_test.WebApplication.run(WebApplication.java:84) ~[classes/:?]
	at org.springframework.boot.SpringApplication.callRunner(SpringApplication.java:732) ~[spring-boot-1.5.9.RELEASE.jar:1.5.9.RELEASE]
	... 11 more
2019-02-14 14:58:54.972		ERROR	main	SpringApplication:771 - Application startup failed
java.lang.IllegalStateException: Failed to execute CommandLineRunner
	at org.springframework.boot.SpringApplication.callRunner(SpringApplication.java:735) ~[spring-boot-1.5.9.RELEASE.jar:1.5.9.RELEASE]
	at org.springframework.boot.SpringApplication.callRunners(SpringApplication.java:716) ~[spring-boot-1.5.9.RELEASE.jar:1.5.9.RELEASE]
	at org.springframework.boot.SpringApplication.afterRefresh(SpringApplication.java:703) ~[spring-boot-1.5.9.RELEASE.jar:1.5.9.RELEASE]
	at org.springframework.boot.SpringApplication.run(SpringApplication.java:304) ~[spring-boot-1.5.9.RELEASE.jar:1.5.9.RELEASE]
	at org.springframework.boot.SpringApplication.run(SpringApplication.java:1118) ~[spring-boot-1.5.9.RELEASE.jar:1.5.9.RELEASE]
	at org.springframework.boot.SpringApplication.run(SpringApplication.java:1107) ~[spring-boot-1.5.9.RELEASE.jar:1.5.9.RELEASE]
	at com.huatu.paike.api_test.WebApplication.main(WebApplication.java:75) ~[classes/:?]
Caused by: java.lang.NumberFormatException: For input string: ""7""
	at java.lang.NumberFormatException.forInputString(NumberFormatException.java:65) ~[?:1.8.0_152]
	at java.lang.Long.parseLong(Long.java:578) ~[?:1.8.0_152]
	at java.lang.Long.valueOf(Long.java:803) ~[?:1.8.0_152]
	at com.huatu.paike.api_test.WebApplication.readFile(WebApplication.java:153) ~[classes/:?]
	at com.huatu.paike.api_test.WebApplication.run(WebApplication.java:84) ~[classes/:?]
	at org.springframework.boot.SpringApplication.callRunner(SpringApplication.java:732) ~[spring-boot-1.5.9.RELEASE.jar:1.5.9.RELEASE]
	... 6 more
2019-02-14 15:05:35.386		ERROR	main	SpringApplication:771 - Application startup failed
java.lang.IllegalStateException: Failed to execute CommandLineRunner
	at org.springframework.boot.SpringApplication.callRunner(SpringApplication.java:735) ~[spring-boot-1.5.9.RELEASE.jar:1.5.9.RELEASE]
	at org.springframework.boot.SpringApplication.callRunners(SpringApplication.java:716) ~[spring-boot-1.5.9.RELEASE.jar:1.5.9.RELEASE]
	at org.springframework.boot.SpringApplication.afterRefresh(SpringApplication.java:703) ~[spring-boot-1.5.9.RELEASE.jar:1.5.9.RELEASE]
	at org.springframework.boot.SpringApplication.run(SpringApplication.java:304) ~[spring-boot-1.5.9.RELEASE.jar:1.5.9.RELEASE]
	at org.springframework.boot.SpringApplication.run(SpringApplication.java:1118) ~[spring-boot-1.5.9.RELEASE.jar:1.5.9.RELEASE]
	at org.springframework.boot.SpringApplication.run(SpringApplication.java:1107) ~[spring-boot-1.5.9.RELEASE.jar:1.5.9.RELEASE]
	at com.huatu.paike.api_test.WebApplication.main(WebApplication.java:75) ~[classes/:?]
Caused by: java.lang.ArrayIndexOutOfBoundsException
	at sun.reflect.NativeConstructorAccessorImpl.newInstance0(Native Method) ~[?:1.8.0_152]
	at sun.reflect.NativeConstructorAccessorImpl.newInstance(NativeConstructorAccessorImpl.java:62) ~[?:1.8.0_152]
	at sun.reflect.DelegatingConstructorAccessorImpl.__newInstance(DelegatingConstructorAccessorImpl.java:45) ~[?:1.8.0_152]
	at sun.reflect.DelegatingConstructorAccessorImpl.newInstance(DelegatingConstructorAccessorImpl.java:45009) ~[?:1.8.0_152]
	at sun.reflect.DelegatingConstructorAccessorImpl.newInstance(DelegatingConstructorAccessorImpl.java:45012) ~[?:1.8.0_152]
	at java.lang.reflect.Constructor.newInstance(Constructor.java:423) ~[?:1.8.0_152]
	at java.util.concurrent.ForkJoinTask.getThrowableException(ForkJoinTask.java:598) ~[?:1.8.0_152]
	at java.util.concurrent.ForkJoinTask.reportException(ForkJoinTask.java:677) ~[?:1.8.0_152]
	at java.util.concurrent.ForkJoinTask.invoke(ForkJoinTask.java:735) ~[?:1.8.0_152]
	at java.util.stream.ForEachOps$ForEachOp.evaluateParallel(ForEachOps.java:160) ~[?:1.8.0_152]
	at java.util.stream.ForEachOps$ForEachOp$OfRef.evaluateParallel(ForEachOps.java:174) ~[?:1.8.0_152]
	at java.util.stream.AbstractPipeline.evaluate(AbstractPipeline.java:233) ~[?:1.8.0_152]
	at java.util.stream.ReferencePipeline.forEach(ReferencePipeline.java:418) ~[?:1.8.0_152]
	at java.util.stream.ReferencePipeline$Head.forEach(ReferencePipeline.java:583) ~[?:1.8.0_152]
	at com.huatu.paike.api_test.WebApplication.readFile(WebApplication.java:188) ~[classes/:?]
	at com.huatu.paike.api_test.WebApplication.run(WebApplication.java:84) ~[classes/:?]
	at org.springframework.boot.SpringApplication.callRunner(SpringApplication.java:732) ~[spring-boot-1.5.9.RELEASE.jar:1.5.9.RELEASE]
	... 6 more
Caused by: java.lang.ArrayIndexOutOfBoundsException: 33
	at java.util.ArrayList.add(ArrayList.java:463) ~[?:1.8.0_152]
	at com.huatu.paike.api_test.WebApplication.lambda$readFile$7(WebApplication.java:216) ~[classes/:?]
	at java.util.stream.ForEachOps$ForEachOp$OfRef.accept(ForEachOps.java:184) ~[?:1.8.0_152]
	at java.util.ArrayList$ArrayListSpliterator.forEachRemaining(ArrayList.java:1382) ~[?:1.8.0_152]
	at java.util.stream.AbstractPipeline.copyInto(AbstractPipeline.java:481) ~[?:1.8.0_152]
	at java.util.stream.ForEachOps$ForEachTask.compute(ForEachOps.java:291) ~[?:1.8.0_152]
	at java.util.concurrent.CountedCompleter.exec(CountedCompleter.java:731) ~[?:1.8.0_152]
	at java.util.concurrent.ForkJoinTask.doExec(ForkJoinTask.java:289) ~[?:1.8.0_152]
	at java.util.concurrent.ForkJoinPool$WorkQueue.runTask(ForkJoinPool.java:1056) ~[?:1.8.0_152]
	at java.util.concurrent.ForkJoinPool.runWorker(ForkJoinPool.java:1692) ~[?:1.8.0_152]
	at java.util.concurrent.ForkJoinWorkerThread.run(ForkJoinWorkerThread.java:157) ~[?:1.8.0_152]
2019-02-14 15:16:50.472		ERROR	main	SpringApplication:771 - Application startup failed
java.lang.IllegalStateException: Failed to execute CommandLineRunner
	at org.springframework.boot.SpringApplication.callRunner(SpringApplication.java:735) ~[spring-boot-1.5.9.RELEASE.jar:1.5.9.RELEASE]
	at org.springframework.boot.SpringApplication.callRunners(SpringApplication.java:716) ~[spring-boot-1.5.9.RELEASE.jar:1.5.9.RELEASE]
	at org.springframework.boot.SpringApplication.afterRefresh(SpringApplication.java:703) ~[spring-boot-1.5.9.RELEASE.jar:1.5.9.RELEASE]
	at org.springframework.boot.SpringApplication.run(SpringApplication.java:304) ~[spring-boot-1.5.9.RELEASE.jar:1.5.9.RELEASE]
	at org.springframework.boot.SpringApplication.run(SpringApplication.java:1118) ~[spring-boot-1.5.9.RELEASE.jar:1.5.9.RELEASE]
	at org.springframework.boot.SpringApplication.run(SpringApplication.java:1107) ~[spring-boot-1.5.9.RELEASE.jar:1.5.9.RELEASE]
	at com.huatu.paike.api_test.WebApplication.main(WebApplication.java:75) ~[classes/:?]
Caused by: java.lang.ArrayIndexOutOfBoundsException
	at sun.reflect.NativeConstructorAccessorImpl.newInstance0(Native Method) ~[?:1.8.0_152]
	at sun.reflect.NativeConstructorAccessorImpl.newInstance(NativeConstructorAccessorImpl.java:62) ~[?:1.8.0_152]
	at sun.reflect.DelegatingConstructorAccessorImpl.__newInstance(DelegatingConstructorAccessorImpl.java:45) ~[?:1.8.0_152]
	at sun.reflect.DelegatingConstructorAccessorImpl.newInstance(DelegatingConstructorAccessorImpl.java:45009) ~[?:1.8.0_152]
	at sun.reflect.DelegatingConstructorAccessorImpl.newInstance(DelegatingConstructorAccessorImpl.java:45012) ~[?:1.8.0_152]
	at java.lang.reflect.Constructor.newInstance(Constructor.java:423) ~[?:1.8.0_152]
	at java.util.concurrent.ForkJoinTask.getThrowableException(ForkJoinTask.java:598) ~[?:1.8.0_152]
	at java.util.concurrent.ForkJoinTask.reportException(ForkJoinTask.java:677) ~[?:1.8.0_152]
	at java.util.concurrent.ForkJoinTask.invoke(ForkJoinTask.java:735) ~[?:1.8.0_152]
	at java.util.stream.ForEachOps$ForEachOp.evaluateParallel(ForEachOps.java:160) ~[?:1.8.0_152]
	at java.util.stream.ForEachOps$ForEachOp$OfRef.evaluateParallel(ForEachOps.java:174) ~[?:1.8.0_152]
	at java.util.stream.AbstractPipeline.evaluate(AbstractPipeline.java:233) ~[?:1.8.0_152]
	at java.util.stream.ReferencePipeline.forEach(ReferencePipeline.java:418) ~[?:1.8.0_152]
	at java.util.stream.ReferencePipeline$Head.forEach(ReferencePipeline.java:583) ~[?:1.8.0_152]
	at com.huatu.paike.api_test.WebApplication.readFile(WebApplication.java:188) ~[classes/:?]
	at com.huatu.paike.api_test.WebApplication.run(WebApplication.java:84) ~[classes/:?]
	at org.springframework.boot.SpringApplication.callRunner(SpringApplication.java:732) ~[spring-boot-1.5.9.RELEASE.jar:1.5.9.RELEASE]
	... 6 more
Caused by: java.lang.ArrayIndexOutOfBoundsException: 15
	at java.util.ArrayList.add(ArrayList.java:463) ~[?:1.8.0_152]
	at com.huatu.paike.api_test.WebApplication.lambda$readFile$7(WebApplication.java:216) ~[classes/:?]
	at java.util.stream.ForEachOps$ForEachOp$OfRef.accept(ForEachOps.java:184) ~[?:1.8.0_152]
	at java.util.ArrayList$ArrayListSpliterator.forEachRemaining(ArrayList.java:1382) ~[?:1.8.0_152]
	at java.util.stream.AbstractPipeline.copyInto(AbstractPipeline.java:481) ~[?:1.8.0_152]
	at java.util.stream.ForEachOps$ForEachTask.compute(ForEachOps.java:291) ~[?:1.8.0_152]
	at java.util.concurrent.CountedCompleter.exec(CountedCompleter.java:731) ~[?:1.8.0_152]
	at java.util.concurrent.ForkJoinTask.doExec(ForkJoinTask.java:289) ~[?:1.8.0_152]
	at java.util.concurrent.ForkJoinPool$WorkQueue.runTask(ForkJoinPool.java:1056) ~[?:1.8.0_152]
	at java.util.concurrent.ForkJoinPool.runWorker(ForkJoinPool.java:1692) ~[?:1.8.0_152]
	at java.util.concurrent.ForkJoinWorkerThread.run(ForkJoinWorkerThread.java:157) ~[?:1.8.0_152]
2019-02-14 15:36:40.955		ERROR	restartedMain	SpringApplication:771 - Application startup failed
java.lang.IllegalStateException: Failed to execute CommandLineRunner
	at org.springframework.boot.SpringApplication.callRunner(SpringApplication.java:735) ~[spring-boot-1.5.9.RELEASE.jar:1.5.9.RELEASE]
	at org.springframework.boot.SpringApplication.callRunners(SpringApplication.java:716) ~[spring-boot-1.5.9.RELEASE.jar:1.5.9.RELEASE]
	at org.springframework.boot.SpringApplication.afterRefresh(SpringApplication.java:703) ~[spring-boot-1.5.9.RELEASE.jar:1.5.9.RELEASE]
	at org.springframework.boot.SpringApplication.run(SpringApplication.java:304) ~[spring-boot-1.5.9.RELEASE.jar:1.5.9.RELEASE]
	at org.springframework.boot.SpringApplication.run(SpringApplication.java:1118) ~[spring-boot-1.5.9.RELEASE.jar:1.5.9.RELEASE]
	at org.springframework.boot.SpringApplication.run(SpringApplication.java:1107) ~[spring-boot-1.5.9.RELEASE.jar:1.5.9.RELEASE]
	at com.huatu.paike.api_test.WebApplication.main(WebApplication.java:73) ~[classes/:?]
	at sun.reflect.NativeMethodAccessorImpl.invoke0(Native Method) ~[?:1.8.0_152]
	at sun.reflect.NativeMethodAccessorImpl.invoke(NativeMethodAccessorImpl.java:62) ~[?:1.8.0_152]
	at sun.reflect.DelegatingMethodAccessorImpl.invoke(DelegatingMethodAccessorImpl.java:43) ~[?:1.8.0_152]
	at java.lang.reflect.Method.invoke(Method.java:498) ~[?:1.8.0_152]
	at org.springframework.boot.devtools.restart.RestartLauncher.run(RestartLauncher.java:49) ~[spring-boot-devtools-1.5.9.RELEASE.jar:1.5.9.RELEASE]
Caused by: java.lang.StringIndexOutOfBoundsException: String index out of range: -1
	at java.lang.String.substring(String.java:1967) ~[?:1.8.0_152]
	at com.huatu.paike.api_test.WebApplication.readFile(WebApplication.java:138) ~[classes/:?]
	at com.huatu.paike.api_test.WebApplication.run(WebApplication.java:82) ~[classes/:?]
	at org.springframework.boot.SpringApplication.callRunner(SpringApplication.java:732) ~[spring-boot-1.5.9.RELEASE.jar:1.5.9.RELEASE]
	... 11 more
2019-02-14 15:38:09.332		ERROR	restartedMain	SpringApplication:771 - Application startup failed
java.lang.IllegalStateException: Failed to execute CommandLineRunner
	at org.springframework.boot.SpringApplication.callRunner(SpringApplication.java:735) ~[spring-boot-1.5.9.RELEASE.jar:1.5.9.RELEASE]
	at org.springframework.boot.SpringApplication.callRunners(SpringApplication.java:716) ~[spring-boot-1.5.9.RELEASE.jar:1.5.9.RELEASE]
	at org.springframework.boot.SpringApplication.afterRefresh(SpringApplication.java:703) ~[spring-boot-1.5.9.RELEASE.jar:1.5.9.RELEASE]
	at org.springframework.boot.SpringApplication.run(SpringApplication.java:304) ~[spring-boot-1.5.9.RELEASE.jar:1.5.9.RELEASE]
	at org.springframework.boot.SpringApplication.run(SpringApplication.java:1118) ~[spring-boot-1.5.9.RELEASE.jar:1.5.9.RELEASE]
	at org.springframework.boot.SpringApplication.run(SpringApplication.java:1107) ~[spring-boot-1.5.9.RELEASE.jar:1.5.9.RELEASE]
	at com.huatu.paike.api_test.WebApplication.main(WebApplication.java:73) ~[classes/:?]
	at sun.reflect.NativeMethodAccessorImpl.invoke0(Native Method) ~[?:1.8.0_152]
	at sun.reflect.NativeMethodAccessorImpl.invoke(NativeMethodAccessorImpl.java:62) ~[?:1.8.0_152]
	at sun.reflect.DelegatingMethodAccessorImpl.invoke(DelegatingMethodAccessorImpl.java:43) ~[?:1.8.0_152]
	at java.lang.reflect.Method.invoke(Method.java:498) ~[?:1.8.0_152]
	at org.springframework.boot.devtools.restart.RestartLauncher.run(RestartLauncher.java:49) ~[spring-boot-devtools-1.5.9.RELEASE.jar:1.5.9.RELEASE]
Caused by: java.lang.StringIndexOutOfBoundsException: String index out of range: -1
	at java.lang.String.substring(String.java:1967) ~[?:1.8.0_152]
	at com.huatu.paike.api_test.WebApplication.readFile(WebApplication.java:138) ~[classes/:?]
	at com.huatu.paike.api_test.WebApplication.run(WebApplication.java:82) ~[classes/:?]
	at org.springframework.boot.SpringApplication.callRunner(SpringApplication.java:732) ~[spring-boot-1.5.9.RELEASE.jar:1.5.9.RELEASE]
	... 11 more
2019-02-14 15:39:58.151		ERROR	restartedMain	SpringApplication:771 - Application startup failed
java.lang.IllegalStateException: Failed to execute CommandLineRunner
	at org.springframework.boot.SpringApplication.callRunner(SpringApplication.java:735) ~[spring-boot-1.5.9.RELEASE.jar:1.5.9.RELEASE]
	at org.springframework.boot.SpringApplication.callRunners(SpringApplication.java:716) ~[spring-boot-1.5.9.RELEASE.jar:1.5.9.RELEASE]
	at org.springframework.boot.SpringApplication.afterRefresh(SpringApplication.java:703) ~[spring-boot-1.5.9.RELEASE.jar:1.5.9.RELEASE]
	at org.springframework.boot.SpringApplication.run(SpringApplication.java:304) ~[spring-boot-1.5.9.RELEASE.jar:1.5.9.RELEASE]
	at org.springframework.boot.SpringApplication.run(SpringApplication.java:1118) ~[spring-boot-1.5.9.RELEASE.jar:1.5.9.RELEASE]
	at org.springframework.boot.SpringApplication.run(SpringApplication.java:1107) ~[spring-boot-1.5.9.RELEASE.jar:1.5.9.RELEASE]
	at com.huatu.paike.api_test.WebApplication.main(WebApplication.java:73) ~[classes/:?]
	at sun.reflect.NativeMethodAccessorImpl.invoke0(Native Method) ~[?:1.8.0_152]
	at sun.reflect.NativeMethodAccessorImpl.invoke(NativeMethodAccessorImpl.java:62) ~[?:1.8.0_152]
	at sun.reflect.DelegatingMethodAccessorImpl.invoke(DelegatingMethodAccessorImpl.java:43) ~[?:1.8.0_152]
	at java.lang.reflect.Method.invoke(Method.java:498) ~[?:1.8.0_152]
	at org.springframework.boot.devtools.restart.RestartLauncher.run(RestartLauncher.java:49) ~[spring-boot-devtools-1.5.9.RELEASE.jar:1.5.9.RELEASE]
Caused by: java.lang.StringIndexOutOfBoundsException: String index out of range: -1
	at java.lang.String.substring(String.java:1967) ~[?:1.8.0_152]
	at com.huatu.paike.api_test.WebApplication.readFile(WebApplication.java:138) ~[classes/:?]
	at com.huatu.paike.api_test.WebApplication.run(WebApplication.java:82) ~[classes/:?]
	at org.springframework.boot.SpringApplication.callRunner(SpringApplication.java:732) ~[spring-boot-1.5.9.RELEASE.jar:1.5.9.RELEASE]
	... 11 more
2019-02-14 15:41:19.512		ERROR	restartedMain	SpringApplication:771 - Application startup failed
java.lang.IllegalStateException: Failed to execute CommandLineRunner
	at org.springframework.boot.SpringApplication.callRunner(SpringApplication.java:735) ~[spring-boot-1.5.9.RELEASE.jar:1.5.9.RELEASE]
	at org.springframework.boot.SpringApplication.callRunners(SpringApplication.java:716) ~[spring-boot-1.5.9.RELEASE.jar:1.5.9.RELEASE]
	at org.springframework.boot.SpringApplication.afterRefresh(SpringApplication.java:703) ~[spring-boot-1.5.9.RELEASE.jar:1.5.9.RELEASE]
	at org.springframework.boot.SpringApplication.run(SpringApplication.java:304) ~[spring-boot-1.5.9.RELEASE.jar:1.5.9.RELEASE]
	at org.springframework.boot.SpringApplication.run(SpringApplication.java:1118) ~[spring-boot-1.5.9.RELEASE.jar:1.5.9.RELEASE]
	at org.springframework.boot.SpringApplication.run(SpringApplication.java:1107) ~[spring-boot-1.5.9.RELEASE.jar:1.5.9.RELEASE]
	at com.huatu.paike.api_test.WebApplication.main(WebApplication.java:73) ~[classes/:?]
	at sun.reflect.NativeMethodAccessorImpl.invoke0(Native Method) ~[?:1.8.0_152]
	at sun.reflect.NativeMethodAccessorImpl.invoke(NativeMethodAccessorImpl.java:62) ~[?:1.8.0_152]
	at sun.reflect.DelegatingMethodAccessorImpl.invoke(DelegatingMethodAccessorImpl.java:43) ~[?:1.8.0_152]
	at java.lang.reflect.Method.invoke(Method.java:498) ~[?:1.8.0_152]
	at org.springframework.boot.devtools.restart.RestartLauncher.run(RestartLauncher.java:49) ~[spring-boot-devtools-1.5.9.RELEASE.jar:1.5.9.RELEASE]
Caused by: java.lang.StringIndexOutOfBoundsException: String index out of range: -1
	at java.lang.String.substring(String.java:1967) ~[?:1.8.0_152]
	at com.huatu.paike.api_test.WebApplication.readFile(WebApplication.java:138) ~[classes/:?]
	at com.huatu.paike.api_test.WebApplication.run(WebApplication.java:82) ~[classes/:?]
	at org.springframework.boot.SpringApplication.callRunner(SpringApplication.java:732) ~[spring-boot-1.5.9.RELEASE.jar:1.5.9.RELEASE]
	... 11 more
2019-02-14 15:57:09.731		ERROR	restartedMain	SpringApplication:771 - Application startup failed
java.lang.IllegalStateException: Failed to execute CommandLineRunner
	at org.springframework.boot.SpringApplication.callRunner(SpringApplication.java:735) ~[spring-boot-1.5.9.RELEASE.jar:1.5.9.RELEASE]
	at org.springframework.boot.SpringApplication.callRunners(SpringApplication.java:716) ~[spring-boot-1.5.9.RELEASE.jar:1.5.9.RELEASE]
	at org.springframework.boot.SpringApplication.afterRefresh(SpringApplication.java:703) ~[spring-boot-1.5.9.RELEASE.jar:1.5.9.RELEASE]
	at org.springframework.boot.SpringApplication.run(SpringApplication.java:304) ~[spring-boot-1.5.9.RELEASE.jar:1.5.9.RELEASE]
	at org.springframework.boot.SpringApplication.run(SpringApplication.java:1118) ~[spring-boot-1.5.9.RELEASE.jar:1.5.9.RELEASE]
	at org.springframework.boot.SpringApplication.run(SpringApplication.java:1107) ~[spring-boot-1.5.9.RELEASE.jar:1.5.9.RELEASE]
	at com.huatu.paike.api_test.WebApplication.main(WebApplication.java:73) ~[classes/:?]
	at sun.reflect.NativeMethodAccessorImpl.invoke0(Native Method) ~[?:1.8.0_152]
	at sun.reflect.NativeMethodAccessorImpl.invoke(NativeMethodAccessorImpl.java:62) ~[?:1.8.0_152]
	at sun.reflect.DelegatingMethodAccessorImpl.invoke(DelegatingMethodAccessorImpl.java:43) ~[?:1.8.0_152]
	at java.lang.reflect.Method.invoke(Method.java:498) ~[?:1.8.0_152]
	at org.springframework.boot.devtools.restart.RestartLauncher.run(RestartLauncher.java:49) ~[spring-boot-devtools-1.5.9.RELEASE.jar:1.5.9.RELEASE]
Caused by: java.lang.NumberFormatException: For input string: "A"
	at java.lang.NumberFormatException.forInputString(NumberFormatException.java:65) ~[?:1.8.0_152]
	at java.lang.Long.parseLong(Long.java:589) ~[?:1.8.0_152]
	at java.lang.Long.valueOf(Long.java:803) ~[?:1.8.0_152]
	at com.huatu.paike.api_test.WebApplication.readFile(WebApplication.java:148) ~[classes/:?]
	at com.huatu.paike.api_test.WebApplication.run(WebApplication.java:83) ~[classes/:?]
	at org.springframework.boot.SpringApplication.callRunner(SpringApplication.java:732) ~[spring-boot-1.5.9.RELEASE.jar:1.5.9.RELEASE]
	... 11 more
2019-02-14 16:01:49.604		ERROR	restartedMain	WebApplication:151 - TMTPHI0119012MSA0001
2019-02-14 16:01:49.621		ERROR	restartedMain	SpringApplication:771 - Application startup failed
java.lang.IllegalStateException: Failed to execute CommandLineRunner
	at org.springframework.boot.SpringApplication.callRunner(SpringApplication.java:735) ~[spring-boot-1.5.9.RELEASE.jar:1.5.9.RELEASE]
	at org.springframework.boot.SpringApplication.callRunners(SpringApplication.java:716) ~[spring-boot-1.5.9.RELEASE.jar:1.5.9.RELEASE]
	at org.springframework.boot.SpringApplication.afterRefresh(SpringApplication.java:703) ~[spring-boot-1.5.9.RELEASE.jar:1.5.9.RELEASE]
	at org.springframework.boot.SpringApplication.run(SpringApplication.java:304) ~[spring-boot-1.5.9.RELEASE.jar:1.5.9.RELEASE]
	at org.springframework.boot.SpringApplication.run(SpringApplication.java:1118) ~[spring-boot-1.5.9.RELEASE.jar:1.5.9.RELEASE]
	at org.springframework.boot.SpringApplication.run(SpringApplication.java:1107) ~[spring-boot-1.5.9.RELEASE.jar:1.5.9.RELEASE]
	at com.huatu.paike.api_test.WebApplication.main(WebApplication.java:73) ~[classes/:?]
	at sun.reflect.NativeMethodAccessorImpl.invoke0(Native Method) ~[?:1.8.0_152]
	at sun.reflect.NativeMethodAccessorImpl.invoke(NativeMethodAccessorImpl.java:62) ~[?:1.8.0_152]
	at sun.reflect.DelegatingMethodAccessorImpl.invoke(DelegatingMethodAccessorImpl.java:43) ~[?:1.8.0_152]
	at java.lang.reflect.Method.invoke(Method.java:498) ~[?:1.8.0_152]
	at org.springframework.boot.devtools.restart.RestartLauncher.run(RestartLauncher.java:49) ~[spring-boot-devtools-1.5.9.RELEASE.jar:1.5.9.RELEASE]
Caused by: java.lang.NumberFormatException: For input string: "2019/1/18 18:00:00"
	at sun.misc.FloatingDecimal.readJavaFormatString(FloatingDecimal.java:2043) ~[?:1.8.0_152]
	at sun.misc.FloatingDecimal.parseDouble(FloatingDecimal.java:110) ~[?:1.8.0_152]
	at java.lang.Double.parseDouble(Double.java:538) ~[?:1.8.0_152]
	at java.lang.Double.valueOf(Double.java:502) ~[?:1.8.0_152]
	at com.huatu.paike.api_test.WebApplication.readFile(WebApplication.java:157) ~[classes/:?]
	at com.huatu.paike.api_test.WebApplication.run(WebApplication.java:83) ~[classes/:?]
	at org.springframework.boot.SpringApplication.callRunner(SpringApplication.java:732) ~[spring-boot-1.5.9.RELEASE.jar:1.5.9.RELEASE]
	... 11 more
2019-02-14 16:04:43.410		ERROR	restartedMain	WebApplication:151 - TMTPHI0119012MSA0001
2019-02-14 16:04:43.426		ERROR	restartedMain	SpringApplication:771 - Application startup failed
java.lang.IllegalStateException: Failed to execute CommandLineRunner
	at org.springframework.boot.SpringApplication.callRunner(SpringApplication.java:735) ~[spring-boot-1.5.9.RELEASE.jar:1.5.9.RELEASE]
	at org.springframework.boot.SpringApplication.callRunners(SpringApplication.java:716) ~[spring-boot-1.5.9.RELEASE.jar:1.5.9.RELEASE]
	at org.springframework.boot.SpringApplication.afterRefresh(SpringApplication.java:703) ~[spring-boot-1.5.9.RELEASE.jar:1.5.9.RELEASE]
	at org.springframework.boot.SpringApplication.run(SpringApplication.java:304) ~[spring-boot-1.5.9.RELEASE.jar:1.5.9.RELEASE]
	at org.springframework.boot.SpringApplication.run(SpringApplication.java:1118) ~[spring-boot-1.5.9.RELEASE.jar:1.5.9.RELEASE]
	at org.springframework.boot.SpringApplication.run(SpringApplication.java:1107) ~[spring-boot-1.5.9.RELEASE.jar:1.5.9.RELEASE]
	at com.huatu.paike.api_test.WebApplication.main(WebApplication.java:73) ~[classes/:?]
	at sun.reflect.NativeMethodAccessorImpl.invoke0(Native Method) ~[?:1.8.0_152]
	at sun.reflect.NativeMethodAccessorImpl.invoke(NativeMethodAccessorImpl.java:62) ~[?:1.8.0_152]
	at sun.reflect.DelegatingMethodAccessorImpl.invoke(DelegatingMethodAccessorImpl.java:43) ~[?:1.8.0_152]
	at java.lang.reflect.Method.invoke(Method.java:498) ~[?:1.8.0_152]
	at org.springframework.boot.devtools.restart.RestartLauncher.run(RestartLauncher.java:49) ~[spring-boot-devtools-1.5.9.RELEASE.jar:1.5.9.RELEASE]
Caused by: java.lang.NumberFormatException: For input string: "2019/1/18 18:00:00"
	at sun.misc.FloatingDecimal.readJavaFormatString(FloatingDecimal.java:2043) ~[?:1.8.0_152]
	at sun.misc.FloatingDecimal.parseDouble(FloatingDecimal.java:110) ~[?:1.8.0_152]
	at java.lang.Double.parseDouble(Double.java:538) ~[?:1.8.0_152]
	at java.lang.Double.valueOf(Double.java:502) ~[?:1.8.0_152]
	at com.huatu.paike.api_test.WebApplication.readFile(WebApplication.java:157) ~[classes/:?]
	at com.huatu.paike.api_test.WebApplication.run(WebApplication.java:83) ~[classes/:?]
	at org.springframework.boot.SpringApplication.callRunner(SpringApplication.java:732) ~[spring-boot-1.5.9.RELEASE.jar:1.5.9.RELEASE]
	... 11 more
2019-02-14 16:05:15.725		ERROR	restartedMain	SpringApplication:771 - Application startup failed
java.lang.IllegalStateException: Failed to execute CommandLineRunner
	at org.springframework.boot.SpringApplication.callRunner(SpringApplication.java:735) ~[spring-boot-1.5.9.RELEASE.jar:1.5.9.RELEASE]
	at org.springframework.boot.SpringApplication.callRunners(SpringApplication.java:716) ~[spring-boot-1.5.9.RELEASE.jar:1.5.9.RELEASE]
	at org.springframework.boot.SpringApplication.afterRefresh(SpringApplication.java:703) ~[spring-boot-1.5.9.RELEASE.jar:1.5.9.RELEASE]
	at org.springframework.boot.SpringApplication.run(SpringApplication.java:304) ~[spring-boot-1.5.9.RELEASE.jar:1.5.9.RELEASE]
	at org.springframework.boot.SpringApplication.run(SpringApplication.java:1118) ~[spring-boot-1.5.9.RELEASE.jar:1.5.9.RELEASE]
	at org.springframework.boot.SpringApplication.run(SpringApplication.java:1107) ~[spring-boot-1.5.9.RELEASE.jar:1.5.9.RELEASE]
	at com.huatu.paike.api_test.WebApplication.main(WebApplication.java:73) ~[classes/:?]
	at sun.reflect.NativeMethodAccessorImpl.invoke0(Native Method) ~[?:1.8.0_152]
	at sun.reflect.NativeMethodAccessorImpl.invoke(NativeMethodAccessorImpl.java:62) ~[?:1.8.0_152]
	at sun.reflect.DelegatingMethodAccessorImpl.invoke(DelegatingMethodAccessorImpl.java:43) ~[?:1.8.0_152]
	at java.lang.reflect.Method.invoke(Method.java:498) ~[?:1.8.0_152]
	at org.springframework.boot.devtools.restart.RestartLauncher.run(RestartLauncher.java:49) ~[spring-boot-devtools-1.5.9.RELEASE.jar:1.5.9.RELEASE]
Caused by: java.lang.ArrayIndexOutOfBoundsException: 1
	at com.huatu.paike.api_test.WebApplication.readFile(WebApplication.java:144) ~[classes/:?]
	at com.huatu.paike.api_test.WebApplication.run(WebApplication.java:83) ~[classes/:?]
	at org.springframework.boot.SpringApplication.callRunner(SpringApplication.java:732) ~[spring-boot-1.5.9.RELEASE.jar:1.5.9.RELEASE]
	... 11 more
2019-02-25 11:46:50.969		ERROR	restartedMain	LoggingFailureAnalysisReporter:42 - 

***************************
APPLICATION FAILED TO START
***************************

Description:

Field ossMapper in com.huatu.paike.api_test.service.impl.CostOrderServiceImpl required a bean of type 'com.huatu.paike.dal.goodsOrder.mapper.OrderStageSubjectMapper' that could not be found.


Action:

Consider defining a bean of type 'com.huatu.paike.dal.goodsOrder.mapper.OrderStageSubjectMapper' in your configuration.

2019-02-25 11:48:46.300		ERROR	restartedMain	LoggingFailureAnalysisReporter:42 - 

***************************
APPLICATION FAILED TO START
***************************

Description:

Field ossMapper in com.huatu.paike.api_test.service.impl.CostOrderServiceImpl required a bean of type 'com.huatu.paike.dal.goodsOrder.mapper.OrderStageSubjectMapper' that could not be found.


Action:

Consider defining a bean of type 'com.huatu.paike.dal.goodsOrder.mapper.OrderStageSubjectMapper' in your configuration.

2019-02-25 12:05:23.099		ERROR	restartedMain	LoggingFailureAnalysisReporter:42 - 

***************************
APPLICATION FAILED TO START
***************************

Description:

Field ossMapper in com.huatu.paike.api_test.service.impl.CostOrderServiceImpl required a bean of type 'com.huatu.paike.dal.goodsOrder.mapper.OrderStageSubjectMapper' that could not be found.


Action:

Consider defining a bean of type 'com.huatu.paike.dal.goodsOrder.mapper.OrderStageSubjectMapper' in your configuration.

2019-02-25 12:13:56.705		ERROR	restartedMain	LoggingFailureAnalysisReporter:42 - 

***************************
APPLICATION FAILED TO START
***************************

Description:

Field ossMapper in com.huatu.paike.api_test.service.impl.CostOrderServiceImpl required a bean of type 'com.huatu.paike.dal.goodsOrder.mapper.OrderStageSubjectMapper' that could not be found.


Action:

Consider defining a bean of type 'com.huatu.paike.dal.goodsOrder.mapper.OrderStageSubjectMapper' in your configuration.

2019-02-25 12:18:29.870		ERROR	restartedMain	LoggingFailureAnalysisReporter:42 - 

***************************
APPLICATION FAILED TO START
***************************

Description:

Field ossMapper in com.huatu.paike.api_test.service.impl.CostOrderServiceImpl required a bean of type 'com.huatu.paike.dal.goodsOrder.mapper.OrderStageSubjectMapper' that could not be found.


Action:

Consider defining a bean of type 'com.huatu.paike.dal.goodsOrder.mapper.OrderStageSubjectMapper' in your configuration.

2019-02-25 12:20:31.795		ERROR	restartedMain	LoggingFailureAnalysisReporter:42 - 

***************************
APPLICATION FAILED TO START
***************************

Description:

Field ossMapper in com.huatu.paike.api_test.service.impl.CostOrderServiceImpl required a bean of type 'com.huatu.paike.dal.goodsOrder.mapper.OrderStageSubjectMapper' that could not be found.


Action:

Consider defining a bean of type 'com.huatu.paike.dal.goodsOrder.mapper.OrderStageSubjectMapper' in your configuration.

2019-02-25 12:23:51.887		ERROR	restartedMain	LoggingFailureAnalysisReporter:42 - 

***************************
APPLICATION FAILED TO START
***************************

Description:

Field ossMapper in com.huatu.paike.api_test.service.impl.CostOrderServiceImpl required a bean of type 'com.huatu.paike.dal.goodsOrder.mapper.OrderStageSubjectMapper' that could not be found.


Action:

Consider defining a bean of type 'com.huatu.paike.dal.goodsOrder.mapper.OrderStageSubjectMapper' in your configuration.

2019-02-25 12:29:29.311		ERROR	restartedMain	LoggingFailureAnalysisReporter:42 - 

***************************
APPLICATION FAILED TO START
***************************

Description:

Field ossMapper in com.huatu.paike.api_test.service.impl.CostOrderServiceImpl required a bean of type 'com.huatu.paike.dal.goodsOrder.mapper.OrderStageSubjectMapper' that could not be found.


Action:

Consider defining a bean of type 'com.huatu.paike.dal.goodsOrder.mapper.OrderStageSubjectMapper' in your configuration.

2019-02-25 12:38:59.774		ERROR	restartedMain	LoggingFailureAnalysisReporter:42 - 

***************************
APPLICATION FAILED TO START
***************************

Description:

Field ossMapper in com.huatu.paike.api_test.service.impl.CostOrderServiceImpl required a bean of type 'com.huatu.paike.dal.goodsOrder.mapper.OrderStageSubjectMapper' that could not be found.


Action:

Consider defining a bean of type 'com.huatu.paike.dal.goodsOrder.mapper.OrderStageSubjectMapper' in your configuration.

2019-02-25 12:41:52.840		ERROR	restartedMain	LoggingFailureAnalysisReporter:42 - 

***************************
APPLICATION FAILED TO START
***************************

Description:

Field ossMapper in com.huatu.paike.api_test.service.impl.CostOrderServiceImpl required a bean of type 'com.huatu.paike.dal.goodsOrder.mapper.OrderStageSubjectMapper' that could not be found.


Action:

Consider defining a bean of type 'com.huatu.paike.dal.goodsOrder.mapper.OrderStageSubjectMapper' in your configuration.

2019-02-25 12:53:12.779		ERROR	restartedMain	LoggingFailureAnalysisReporter:42 - 

***************************
APPLICATION FAILED TO START
***************************

Description:

Field ossMapper in com.huatu.paike.api_test.service.impl.CostOrderServiceImpl required a bean of type 'com.huatu.paike.dal.goodsOrder.mapper.OrderStageSubjectMapper' that could not be found.


Action:

Consider defining a bean of type 'com.huatu.paike.dal.goodsOrder.mapper.OrderStageSubjectMapper' in your configuration.

2019-02-25 12:55:17.706		ERROR	restartedMain	LoggingFailureAnalysisReporter:42 - 

***************************
APPLICATION FAILED TO START
***************************

Description:

Cannot determine embedded database driver class for database type NONE

Action:

If you want an embedded database please put a supported one on the classpath. If you have database settings to be loaded from a particular profile you may need to active it (the profiles "application-tomcat.yaml,application-jdbc.yaml,tomcat" are currently active).

2019-02-25 15:52:53.566		ERROR	restartedMain	LoggingFailureAnalysisReporter:42 - 

***************************
APPLICATION FAILED TO START
***************************

Description:

Cannot determine embedded database driver class for database type NONE

Action:

If you want an embedded database please put a supported one on the classpath. If you have database settings to be loaded from a particular profile you may need to active it (the profiles "application-tomcat.yaml,application-jdbc.yaml,tomcat" are currently active).

