2019-02-12 21:14:01.243		ERROR	restartedMain	LoggingFailureAnalysisReporter:42 - 

***************************
APPLICATION FAILED TO START
***************************

Description:

Field classService in com.huatu.paike.api_test.WebApplication required a bean of type 'com.huatu.paike.service.ClassService' that could not be found.


Action:

Consider defining a bean of type 'com.huatu.paike.service.ClassService' in your configuration.

2019-02-12 21:16:14.104		ERROR	restartedMain	LoggingFailureAnalysisReporter:42 - 

***************************
APPLICATION FAILED TO START
***************************

Description:

Field classService in com.huatu.paike.api_test.WebApplication required a bean of type 'com.huatu.paike.service.ClassService' that could not be found.


Action:

Consider defining a bean of type 'com.huatu.paike.service.ClassService' in your configuration.

2019-02-12 21:17:00.903		ERROR	restartedMain	LoggingFailureAnalysisReporter:42 - 

***************************
APPLICATION FAILED TO START
***************************

Description:

Field classService in com.huatu.paike.api_test.WebApplication required a bean of type 'com.huatu.paike.service.ClassService' that could not be found.


Action:

Consider defining a bean of type 'com.huatu.paike.service.ClassService' in your configuration.

2019-02-12 21:22:14.913		ERROR	restartedMain	LoggingFailureAnalysisReporter:42 - 

***************************
APPLICATION FAILED TO START
***************************

Description:

Field teacherService in com.huatu.paike.api_test.WebApplication required a bean of type 'com.huatu.paike.service.TeacherService' that could not be found.


Action:

Consider defining a bean of type 'com.huatu.paike.service.TeacherService' in your configuration.

2019-02-12 21:23:35.929		ERROR	restartedMain	LoggingFailureAnalysisReporter:42 - 

***************************
APPLICATION FAILED TO START
***************************

Description:

Cannot determine embedded database driver class for database type NONE

Action:

If you want an embedded database please put a supported one on the classpath. If you have database settings to be loaded from a particular profile you may need to active it (the profiles "application-tomcat.yml,tomcat" are currently active).

2019-02-12 21:25:06.523		ERROR	restartedMain	LoggingFailureAnalysisReporter:42 - 

***************************
APPLICATION FAILED TO START
***************************

Description:

Cannot determine embedded database driver class for database type NONE

Action:

If you want an embedded database please put a supported one on the classpath. If you have database settings to be loaded from a particular profile you may need to active it (the profiles "application-tomcat.yml,tomcat" are currently active).

2019-02-12 21:27:20.238		ERROR	restartedMain	LoggingFailureAnalysisReporter:42 - 

***************************
APPLICATION FAILED TO START
***************************

Description:

Cannot determine embedded database driver class for database type NONE

Action:

If you want an embedded database please put a supported one on the classpath. If you have database settings to be loaded from a particular profile you may need to active it (the profiles "application-tomcat.yml,tomcat" are currently active).

2019-02-12 21:35:11.226		ERROR	restartedMain	LoggingFailureAnalysisReporter:42 - 

***************************
APPLICATION FAILED TO START
***************************

Description:

Cannot determine embedded database driver class for database type NONE

Action:

If you want an embedded database please put a supported one on the classpath. If you have database settings to be loaded from a particular profile you may need to active it (the profiles "application-tomcat.yml,tomcat" are currently active).

2019-02-12 21:36:14.764		ERROR	restartedMain	LoggingFailureAnalysisReporter:42 - 

***************************
APPLICATION FAILED TO START
***************************

Description:

Cannot determine embedded database driver class for database type NONE

Action:

If you want an embedded database please put a supported one on the classpath. If you have database settings to be loaded from a particular profile you may need to active it (the profiles "application-tomcat.yml,tomcat" are currently active).

